<?xml version="1.0" encoding="UTF-8"?>
<testsuite xmlns:xsi="http://www.w3.org/2001/XMLSchema-instance" xsi:noNamespaceSchemaLocation="https://maven.apache.org/surefire/maven-surefire-plugin/xsd/surefire-test-report-3.0.xsd" version="3.0" name="TestSuite" time="18.232" tests="3" errors="0" skipped="0" failures="0">
  <properties>
    <property name="sun.desktop" value="windows"/>
    <property name="awt.toolkit" value="sun.awt.windows.WToolkit"/>
    <property name="file.encoding.pkg" value="sun.io"/>
    <property name="java.specification.version" value="1.8"/>
    <property name="sun.cpu.isalist" value="amd64"/>
    <property name="sun.jnu.encoding" value="Cp1252"/>
    <property name="java.class.path" value="C:\Users\aliee\Desktop\javaapi\assignment\target\test-classes;C:\Users\aliee\Desktop\javaapi\assignment\target\classes;C:\Users\aliee\.m2\repository\io\rest-assured\scala-support\4.3.1\scala-support-4.3.1.jar;C:\Users\aliee\.m2\repository\org\scala-lang\scala-library\2.13.0\scala-library-2.13.0.jar;C:\Users\aliee\.m2\repository\io\rest-assured\rest-assured\4.3.1\rest-assured-4.3.1.jar;C:\Users\aliee\.m2\repository\org\codehaus\groovy\groovy\3.0.3\groovy-3.0.3.jar;C:\Users\aliee\.m2\repository\org\codehaus\groovy\groovy-xml\3.0.3\groovy-xml-3.0.3.jar;C:\Users\aliee\.m2\repository\org\apache\httpcomponents\httpclient\4.5.3\httpclient-4.5.3.jar;C:\Users\aliee\.m2\repository\org\apache\httpcomponents\httpcore\4.4.6\httpcore-4.4.6.jar;C:\Users\aliee\.m2\repository\commons-logging\commons-logging\1.2\commons-logging-1.2.jar;C:\Users\aliee\.m2\repository\commons-codec\commons-codec\1.9\commons-codec-1.9.jar;C:\Users\aliee\.m2\repository\org\apache\httpcomponents\httpmime\4.5.3\httpmime-4.5.3.jar;C:\Users\aliee\.m2\repository\org\hamcrest\hamcrest\2.1\hamcrest-2.1.jar;C:\Users\aliee\.m2\repository\org\ccil\cowan\tagsoup\tagsoup\1.2.1\tagsoup-1.2.1.jar;C:\Users\aliee\.m2\repository\io\rest-assured\spring-web-test-client\4.3.1\spring-web-test-client-4.3.1.jar;C:\Users\aliee\.m2\repository\io\rest-assured\spring-commons\4.3.1\spring-commons-4.3.1.jar;C:\Users\aliee\.m2\repository\org\springframework\spring-test\5.1.0.RELEASE\spring-test-5.1.0.RELEASE.jar;C:\Users\aliee\.m2\repository\org\springframework\spring-core\5.1.0.RELEASE\spring-core-5.1.0.RELEASE.jar;C:\Users\aliee\.m2\repository\org\springframework\spring-jcl\5.1.0.RELEASE\spring-jcl-5.1.0.RELEASE.jar;C:\Users\aliee\.m2\repository\org\springframework\spring-context\5.1.0.RELEASE\spring-context-5.1.0.RELEASE.jar;C:\Users\aliee\.m2\repository\org\springframework\spring-aop\5.1.0.RELEASE\spring-aop-5.1.0.RELEASE.jar;C:\Users\aliee\.m2\repository\org\springframework\spring-beans\5.1.0.RELEASE\spring-beans-5.1.0.RELEASE.jar;C:\Users\aliee\.m2\repository\org\springframework\spring-expression\5.1.0.RELEASE\spring-expression-5.1.0.RELEASE.jar;C:\Users\aliee\.m2\repository\org\springframework\spring-webflux\5.1.0.RELEASE\spring-webflux-5.1.0.RELEASE.jar;C:\Users\aliee\.m2\repository\io\projectreactor\reactor-core\3.2.0.RELEASE\reactor-core-3.2.0.RELEASE.jar;C:\Users\aliee\.m2\repository\org\reactivestreams\reactive-streams\1.0.2\reactive-streams-1.0.2.jar;C:\Users\aliee\.m2\repository\org\springframework\spring-web\5.1.0.RELEASE\spring-web-5.1.0.RELEASE.jar;C:\Users\aliee\.m2\repository\org\synchronoss\cloud\nio-multipart-parser\1.1.0\nio-multipart-parser-1.1.0.jar;C:\Users\aliee\.m2\repository\org\slf4j\slf4j-api\1.7.12\slf4j-api-1.7.12.jar;C:\Users\aliee\.m2\repository\org\synchronoss\cloud\nio-stream-storage\1.1.3\nio-stream-storage-1.1.3.jar;C:\Users\aliee\.m2\repository\io\rest-assured\kotlin-extensions\4.3.1\kotlin-extensions-4.3.1.jar;C:\Users\aliee\.m2\repository\org\jetbrains\kotlin\kotlin-stdlib-jdk8\1.3.72\kotlin-stdlib-jdk8-1.3.72.jar;C:\Users\aliee\.m2\repository\org\jetbrains\kotlin\kotlin-stdlib\1.3.72\kotlin-stdlib-1.3.72.jar;C:\Users\aliee\.m2\repository\org\jetbrains\kotlin\kotlin-stdlib-common\1.3.72\kotlin-stdlib-common-1.3.72.jar;C:\Users\aliee\.m2\repository\org\jetbrains\annotations\13.0\annotations-13.0.jar;C:\Users\aliee\.m2\repository\org\jetbrains\kotlin\kotlin-stdlib-jdk7\1.3.72\kotlin-stdlib-jdk7-1.3.72.jar;C:\Users\aliee\.m2\repository\io\rest-assured\json-schema-validator\4.3.1\json-schema-validator-4.3.1.jar;C:\Users\aliee\.m2\repository\com\github\java-json-tools\json-schema-validator\2.2.10\json-schema-validator-2.2.10.jar;C:\Users\aliee\.m2\repository\com\github\java-json-tools\json-schema-core\1.2.10\json-schema-core-1.2.10.jar;C:\Users\aliee\.m2\repository\com\github\java-json-tools\jackson-coreutils\1.9\jackson-coreutils-1.9.jar;C:\Users\aliee\.m2\repository\com\fasterxml\jackson\core\jackson-databind\2.2.3\jackson-databind-2.2.3.jar;C:\Users\aliee\.m2\repository\com\fasterxml\jackson\core\jackson-annotations\2.2.3\jackson-annotations-2.2.3.jar;C:\Users\aliee\.m2\repository\com\fasterxml\jackson\core\jackson-core\2.2.3\jackson-core-2.2.3.jar;C:\Users\aliee\.m2\repository\com\github\fge\msg-simple\1.1\msg-simple-1.1.jar;C:\Users\aliee\.m2\repository\com\github\fge\btf\1.2\btf-1.2.jar;C:\Users\aliee\.m2\repository\com\github\fge\uri-template\0.9\uri-template-0.9.jar;C:\Users\aliee\.m2\repository\org\mozilla\rhino\1.7.7.1\rhino-1.7.7.1.jar;C:\Users\aliee\.m2\repository\javax\mail\mailapi\1.4.3\mailapi-1.4.3.jar;C:\Users\aliee\.m2\repository\javax\activation\activation\1.1\activation-1.1.jar;C:\Users\aliee\.m2\repository\joda-time\joda-time\2.9.7\joda-time-2.9.7.jar;C:\Users\aliee\.m2\repository\com\googlecode\libphonenumber\libphonenumber\8.0.0\libphonenumber-8.0.0.jar;C:\Users\aliee\.m2\repository\com\google\code\findbugs\jsr305\3.0.1\jsr305-3.0.1.jar;C:\Users\aliee\.m2\repository\net\sf\jopt-simple\jopt-simple\5.0.3\jopt-simple-5.0.3.jar;C:\Users\aliee\.m2\repository\io\rest-assured\xml-path\4.3.1\xml-path-4.3.1.jar;C:\Users\aliee\.m2\repository\io\rest-assured\rest-assured-common\4.3.1\rest-assured-common-4.3.1.jar;C:\Users\aliee\.m2\repository\org\apache\commons\commons-lang3\3.4\commons-lang3-3.4.jar;C:\Users\aliee\.m2\repository\jakarta\xml\bind\jakarta.xml.bind-api\2.3.3\jakarta.xml.bind-api-2.3.3.jar;C:\Users\aliee\.m2\repository\jakarta\activation\jakarta.activation-api\1.2.2\jakarta.activation-api-1.2.2.jar;C:\Users\aliee\.m2\repository\com\sun\xml\bind\jaxb-impl\2.3.3\jaxb-impl-2.3.3.jar;C:\Users\aliee\.m2\repository\io\rest-assured\spring-mock-mvc\4.3.1\spring-mock-mvc-4.3.1.jar;C:\Users\aliee\.m2\repository\org\springframework\spring-webmvc\4.3.23.RELEASE\spring-webmvc-4.3.23.RELEASE.jar;C:\Users\aliee\.m2\repository\org\apache\maven\plugins\maven-surefire-plugin\3.0.0-M5\maven-surefire-plugin-3.0.0-M5.jar;C:\Users\aliee\.m2\repository\org\apache\maven\surefire\maven-surefire-common\3.0.0-M5\maven-surefire-common-3.0.0-M5.jar;C:\Users\aliee\.m2\repository\org\apache\maven\surefire\surefire-api\3.0.0-M5\surefire-api-3.0.0-M5.jar;C:\Users\aliee\.m2\repository\org\apache\maven\surefire\surefire-logger-api\3.0.0-M5\surefire-logger-api-3.0.0-M5.jar;C:\Users\aliee\.m2\repository\org\apache\maven\surefire\surefire-extensions-api\3.0.0-M5\surefire-extensions-api-3.0.0-M5.jar;C:\Users\aliee\.m2\repository\org\apache\maven\surefire\surefire-booter\3.0.0-M5\surefire-booter-3.0.0-M5.jar;C:\Users\aliee\.m2\repository\org\apache\maven\surefire\surefire-extensions-spi\3.0.0-M5\surefire-extensions-spi-3.0.0-M5.jar;C:\Users\aliee\.m2\repository\org\apache\maven\maven-toolchain\3.0-alpha-2\maven-toolchain-3.0-alpha-2.jar;C:\Users\aliee\.m2\repository\org\apache\maven\shared\maven-artifact-transfer\0.11.0\maven-artifact-transfer-0.11.0.jar;C:\Users\aliee\.m2\repository\org\apache\maven\shared\maven-common-artifact-filters\3.0.1\maven-common-artifact-filters-3.0.1.jar;C:\Users\aliee\.m2\repository\org\apache\maven\maven-model\3.0\maven-model-3.0.jar;C:\Users\aliee\.m2\repository\org\apache\maven\maven-plugin-api\3.0\maven-plugin-api-3.0.jar;C:\Users\aliee\.m2\repository\org\sonatype\sisu\sisu-inject-plexus\1.4.2\sisu-inject-plexus-1.4.2.jar;C:\Users\aliee\.m2\repository\org\codehaus\plexus\plexus-classworlds\2.2.3\plexus-classworlds-2.2.3.jar;C:\Users\aliee\.m2\repository\org\sonatype\sisu\sisu-inject-bean\1.4.2\sisu-inject-bean-1.4.2.jar;C:\Users\aliee\.m2\repository\org\sonatype\sisu\sisu-guice\2.1.7\sisu-guice-2.1.7-noaop.jar;C:\Users\aliee\.m2\repository\org\apache\maven\shared\maven-shared-utils\3.1.0\maven-shared-utils-3.1.0.jar;C:\Users\aliee\.m2\repository\commons-io\commons-io\2.5\commons-io-2.5.jar;C:\Users\aliee\.m2\repository\org\codehaus\plexus\plexus-java\1.0.5\plexus-java-1.0.5.jar;C:\Users\aliee\.m2\repository\org\ow2\asm\asm\7.2\asm-7.2.jar;C:\Users\aliee\.m2\repository\com\thoughtworks\qdox\qdox\2.0-M9\qdox-2.0-M9.jar;C:\Users\aliee\.m2\repository\org\apache\maven\surefire\surefire-shared-utils\3.0.0-M4\surefire-shared-utils-3.0.0-M4.jar;C:\Users\aliee\.m2\repository\io\rest-assured\json-path\4.3.1\json-path-4.3.1.jar;C:\Users\aliee\.m2\repository\org\codehaus\groovy\groovy-json\3.0.3\groovy-json-3.0.3.jar;C:\Users\aliee\.m2\repository\org\testng\testng\7.3.0\testng-7.3.0.jar;C:\Users\aliee\.m2\repository\com\beust\jcommander\1.78\jcommander-1.78.jar;C:\Users\aliee\.m2\repository\org\apache\ant\ant\1.10.3\ant-1.10.3.jar;C:\Users\aliee\.m2\repository\org\apache\ant\ant-launcher\1.10.3\ant-launcher-1.10.3.jar;C:\Users\aliee\.m2\repository\com\google\inject\guice\4.2.2\guice-4.2.2-no_aop.jar;C:\Users\aliee\.m2\repository\javax\inject\javax.inject\1\javax.inject-1.jar;C:\Users\aliee\.m2\repository\aopalliance\aopalliance\1.0\aopalliance-1.0.jar;C:\Users\aliee\.m2\repository\com\google\guava\guava\25.1-android\guava-25.1-android.jar;C:\Users\aliee\.m2\repository\org\checkerframework\checker-compat-qual\2.0.0\checker-compat-qual-2.0.0.jar;C:\Users\aliee\.m2\repository\com\google\errorprone\error_prone_annotations\2.1.3\error_prone_annotations-2.1.3.jar;C:\Users\aliee\.m2\repository\com\google\j2objc\j2objc-annotations\1.1\j2objc-annotations-1.1.jar;C:\Users\aliee\.m2\repository\org\codehaus\mojo\animal-sniffer-annotations\1.14\animal-sniffer-annotations-1.14.jar;C:\Users\aliee\.m2\repository\org\yaml\snakeyaml\1.21\snakeyaml-1.21.jar;C:\Users\aliee\.m2\repository\junit\junit\3.8.1\junit-3.8.1.jar;"/>
    <property name="java.vm.vendor" value="Oracle Corporation"/>
    <property name="sun.arch.data.model" value="64"/>
    <property name="user.variant" value=""/>
    <property name="java.vendor.url" value="http://java.oracle.com/"/>
    <property name="user.timezone" value="Asia/Calcutta"/>
    <property name="java.vm.specification.version" value="1.8"/>
    <property name="os.name" value="Windows 10"/>
    <property name="user.country" value="IN"/>
    <property name="sun.java.launcher" value="SUN_STANDARD"/>
    <property name="sun.boot.library.path" value="C:\Program Files\Java\jdk1.8.0_181\jre\bin"/>
    <property name="sun.java.command" value="C:\Users\aliee\AppData\Local\Temp\surefire4598764097057012557\surefirebooter8086949145075486535.jar C:\Users\aliee\AppData\Local\Temp\surefire4598764097057012557 2020-08-27T15-25-17_345-jvmRun1 surefire7341250107293765156tmp surefire_03222027293173528815tmp"/>
    <property name="surefire.test.class.path" value="C:\Users\aliee\Desktop\javaapi\assignment\target\test-classes;C:\Users\aliee\Desktop\javaapi\assignment\target\classes;C:\Users\aliee\.m2\repository\io\rest-assured\scala-support\4.3.1\scala-support-4.3.1.jar;C:\Users\aliee\.m2\repository\org\scala-lang\scala-library\2.13.0\scala-library-2.13.0.jar;C:\Users\aliee\.m2\repository\io\rest-assured\rest-assured\4.3.1\rest-assured-4.3.1.jar;C:\Users\aliee\.m2\repository\org\codehaus\groovy\groovy\3.0.3\groovy-3.0.3.jar;C:\Users\aliee\.m2\repository\org\codehaus\groovy\groovy-xml\3.0.3\groovy-xml-3.0.3.jar;C:\Users\aliee\.m2\repository\org\apache\httpcomponents\httpclient\4.5.3\httpclient-4.5.3.jar;C:\Users\aliee\.m2\repository\org\apache\httpcomponents\httpcore\4.4.6\httpcore-4.4.6.jar;C:\Users\aliee\.m2\repository\commons-logging\commons-logging\1.2\commons-logging-1.2.jar;C:\Users\aliee\.m2\repository\commons-codec\commons-codec\1.9\commons-codec-1.9.jar;C:\Users\aliee\.m2\repository\org\apache\httpcomponents\httpmime\4.5.3\httpmime-4.5.3.jar;C:\Users\aliee\.m2\repository\org\hamcrest\hamcrest\2.1\hamcrest-2.1.jar;C:\Users\aliee\.m2\repository\org\ccil\cowan\tagsoup\tagsoup\1.2.1\tagsoup-1.2.1.jar;C:\Users\aliee\.m2\repository\io\rest-assured\spring-web-test-client\4.3.1\spring-web-test-client-4.3.1.jar;C:\Users\aliee\.m2\repository\io\rest-assured\spring-commons\4.3.1\spring-commons-4.3.1.jar;C:\Users\aliee\.m2\repository\org\springframework\spring-test\5.1.0.RELEASE\spring-test-5.1.0.RELEASE.jar;C:\Users\aliee\.m2\repository\org\springframework\spring-core\5.1.0.RELEASE\spring-core-5.1.0.RELEASE.jar;C:\Users\aliee\.m2\repository\org\springframework\spring-jcl\5.1.0.RELEASE\spring-jcl-5.1.0.RELEASE.jar;C:\Users\aliee\.m2\repository\org\springframework\spring-context\5.1.0.RELEASE\spring-context-5.1.0.RELEASE.jar;C:\Users\aliee\.m2\repository\org\springframework\spring-aop\5.1.0.RELEASE\spring-aop-5.1.0.RELEASE.jar;C:\Users\aliee\.m2\repository\org\springframework\spring-beans\5.1.0.RELEASE\spring-beans-5.1.0.RELEASE.jar;C:\Users\aliee\.m2\repository\org\springframework\spring-expression\5.1.0.RELEASE\spring-expression-5.1.0.RELEASE.jar;C:\Users\aliee\.m2\repository\org\springframework\spring-webflux\5.1.0.RELEASE\spring-webflux-5.1.0.RELEASE.jar;C:\Users\aliee\.m2\repository\io\projectreactor\reactor-core\3.2.0.RELEASE\reactor-core-3.2.0.RELEASE.jar;C:\Users\aliee\.m2\repository\org\reactivestreams\reactive-streams\1.0.2\reactive-streams-1.0.2.jar;C:\Users\aliee\.m2\repository\org\springframework\spring-web\5.1.0.RELEASE\spring-web-5.1.0.RELEASE.jar;C:\Users\aliee\.m2\repository\org\synchronoss\cloud\nio-multipart-parser\1.1.0\nio-multipart-parser-1.1.0.jar;C:\Users\aliee\.m2\repository\org\slf4j\slf4j-api\1.7.12\slf4j-api-1.7.12.jar;C:\Users\aliee\.m2\repository\org\synchronoss\cloud\nio-stream-storage\1.1.3\nio-stream-storage-1.1.3.jar;C:\Users\aliee\.m2\repository\io\rest-assured\kotlin-extensions\4.3.1\kotlin-extensions-4.3.1.jar;C:\Users\aliee\.m2\repository\org\jetbrains\kotlin\kotlin-stdlib-jdk8\1.3.72\kotlin-stdlib-jdk8-1.3.72.jar;C:\Users\aliee\.m2\repository\org\jetbrains\kotlin\kotlin-stdlib\1.3.72\kotlin-stdlib-1.3.72.jar;C:\Users\aliee\.m2\repository\org\jetbrains\kotlin\kotlin-stdlib-common\1.3.72\kotlin-stdlib-common-1.3.72.jar;C:\Users\aliee\.m2\repository\org\jetbrains\annotations\13.0\annotations-13.0.jar;C:\Users\aliee\.m2\repository\org\jetbrains\kotlin\kotlin-stdlib-jdk7\1.3.72\kotlin-stdlib-jdk7-1.3.72.jar;C:\Users\aliee\.m2\repository\io\rest-assured\json-schema-validator\4.3.1\json-schema-validator-4.3.1.jar;C:\Users\aliee\.m2\repository\com\github\java-json-tools\json-schema-validator\2.2.10\json-schema-validator-2.2.10.jar;C:\Users\aliee\.m2\repository\com\github\java-json-tools\json-schema-core\1.2.10\json-schema-core-1.2.10.jar;C:\Users\aliee\.m2\repository\com\github\java-json-tools\jackson-coreutils\1.9\jackson-coreutils-1.9.jar;C:\Users\aliee\.m2\repository\com\fasterxml\jackson\core\jackson-databind\2.2.3\jackson-databind-2.2.3.jar;C:\Users\aliee\.m2\repository\com\fasterxml\jackson\core\jackson-annotations\2.2.3\jackson-annotations-2.2.3.jar;C:\Users\aliee\.m2\repository\com\fasterxml\jackson\core\jackson-core\2.2.3\jackson-core-2.2.3.jar;C:\Users\aliee\.m2\repository\com\github\fge\msg-simple\1.1\msg-simple-1.1.jar;C:\Users\aliee\.m2\repository\com\github\fge\btf\1.2\btf-1.2.jar;C:\Users\aliee\.m2\repository\com\github\fge\uri-template\0.9\uri-template-0.9.jar;C:\Users\aliee\.m2\repository\org\mozilla\rhino\1.7.7.1\rhino-1.7.7.1.jar;C:\Users\aliee\.m2\repository\javax\mail\mailapi\1.4.3\mailapi-1.4.3.jar;C:\Users\aliee\.m2\repository\javax\activation\activation\1.1\activation-1.1.jar;C:\Users\aliee\.m2\repository\joda-time\joda-time\2.9.7\joda-time-2.9.7.jar;C:\Users\aliee\.m2\repository\com\googlecode\libphonenumber\libphonenumber\8.0.0\libphonenumber-8.0.0.jar;C:\Users\aliee\.m2\repository\com\google\code\findbugs\jsr305\3.0.1\jsr305-3.0.1.jar;C:\Users\aliee\.m2\repository\net\sf\jopt-simple\jopt-simple\5.0.3\jopt-simple-5.0.3.jar;C:\Users\aliee\.m2\repository\io\rest-assured\xml-path\4.3.1\xml-path-4.3.1.jar;C:\Users\aliee\.m2\repository\io\rest-assured\rest-assured-common\4.3.1\rest-assured-common-4.3.1.jar;C:\Users\aliee\.m2\repository\org\apache\commons\commons-lang3\3.4\commons-lang3-3.4.jar;C:\Users\aliee\.m2\repository\jakarta\xml\bind\jakarta.xml.bind-api\2.3.3\jakarta.xml.bind-api-2.3.3.jar;C:\Users\aliee\.m2\repository\jakarta\activation\jakarta.activation-api\1.2.2\jakarta.activation-api-1.2.2.jar;C:\Users\aliee\.m2\repository\com\sun\xml\bind\jaxb-impl\2.3.3\jaxb-impl-2.3.3.jar;C:\Users\aliee\.m2\repository\io\rest-assured\spring-mock-mvc\4.3.1\spring-mock-mvc-4.3.1.jar;C:\Users\aliee\.m2\repository\org\springframework\spring-webmvc\4.3.23.RELEASE\spring-webmvc-4.3.23.RELEASE.jar;C:\Users\aliee\.m2\repository\org\apache\maven\plugins\maven-surefire-plugin\3.0.0-M5\maven-surefire-plugin-3.0.0-M5.jar;C:\Users\aliee\.m2\repository\org\apache\maven\surefire\maven-surefire-common\3.0.0-M5\maven-surefire-common-3.0.0-M5.jar;C:\Users\aliee\.m2\repository\org\apache\maven\surefire\surefire-api\3.0.0-M5\surefire-api-3.0.0-M5.jar;C:\Users\aliee\.m2\repository\org\apache\maven\surefire\surefire-logger-api\3.0.0-M5\surefire-logger-api-3.0.0-M5.jar;C:\Users\aliee\.m2\repository\org\apache\maven\surefire\surefire-extensions-api\3.0.0-M5\surefire-extensions-api-3.0.0-M5.jar;C:\Users\aliee\.m2\repository\org\apache\maven\surefire\surefire-booter\3.0.0-M5\surefire-booter-3.0.0-M5.jar;C:\Users\aliee\.m2\repository\org\apache\maven\surefire\surefire-extensions-spi\3.0.0-M5\surefire-extensions-spi-3.0.0-M5.jar;C:\Users\aliee\.m2\repository\org\apache\maven\maven-toolchain\3.0-alpha-2\maven-toolchain-3.0-alpha-2.jar;C:\Users\aliee\.m2\repository\org\apache\maven\shared\maven-artifact-transfer\0.11.0\maven-artifact-transfer-0.11.0.jar;C:\Users\aliee\.m2\repository\org\apache\maven\shared\maven-common-artifact-filters\3.0.1\maven-common-artifact-filters-3.0.1.jar;C:\Users\aliee\.m2\repository\org\apache\maven\maven-model\3.0\maven-model-3.0.jar;C:\Users\aliee\.m2\repository\org\apache\maven\maven-plugin-api\3.0\maven-plugin-api-3.0.jar;C:\Users\aliee\.m2\repository\org\sonatype\sisu\sisu-inject-plexus\1.4.2\sisu-inject-plexus-1.4.2.jar;C:\Users\aliee\.m2\repository\org\codehaus\plexus\plexus-classworlds\2.2.3\plexus-classworlds-2.2.3.jar;C:\Users\aliee\.m2\repository\org\sonatype\sisu\sisu-inject-bean\1.4.2\sisu-inject-bean-1.4.2.jar;C:\Users\aliee\.m2\repository\org\sonatype\sisu\sisu-guice\2.1.7\sisu-guice-2.1.7-noaop.jar;C:\Users\aliee\.m2\repository\org\apache\maven\shared\maven-shared-utils\3.1.0\maven-shared-utils-3.1.0.jar;C:\Users\aliee\.m2\repository\commons-io\commons-io\2.5\commons-io-2.5.jar;C:\Users\aliee\.m2\repository\org\codehaus\plexus\plexus-java\1.0.5\plexus-java-1.0.5.jar;C:\Users\aliee\.m2\repository\org\ow2\asm\asm\7.2\asm-7.2.jar;C:\Users\aliee\.m2\repository\com\thoughtworks\qdox\qdox\2.0-M9\qdox-2.0-M9.jar;C:\Users\aliee\.m2\repository\org\apache\maven\surefire\surefire-shared-utils\3.0.0-M4\surefire-shared-utils-3.0.0-M4.jar;C:\Users\aliee\.m2\repository\io\rest-assured\json-path\4.3.1\json-path-4.3.1.jar;C:\Users\aliee\.m2\repository\org\codehaus\groovy\groovy-json\3.0.3\groovy-json-3.0.3.jar;C:\Users\aliee\.m2\repository\org\testng\testng\7.3.0\testng-7.3.0.jar;C:\Users\aliee\.m2\repository\com\beust\jcommander\1.78\jcommander-1.78.jar;C:\Users\aliee\.m2\repository\org\apache\ant\ant\1.10.3\ant-1.10.3.jar;C:\Users\aliee\.m2\repository\org\apache\ant\ant-launcher\1.10.3\ant-launcher-1.10.3.jar;C:\Users\aliee\.m2\repository\com\google\inject\guice\4.2.2\guice-4.2.2-no_aop.jar;C:\Users\aliee\.m2\repository\javax\inject\javax.inject\1\javax.inject-1.jar;C:\Users\aliee\.m2\repository\aopalliance\aopalliance\1.0\aopalliance-1.0.jar;C:\Users\aliee\.m2\repository\com\google\guava\guava\25.1-android\guava-25.1-android.jar;C:\Users\aliee\.m2\repository\org\checkerframework\checker-compat-qual\2.0.0\checker-compat-qual-2.0.0.jar;C:\Users\aliee\.m2\repository\com\google\errorprone\error_prone_annotations\2.1.3\error_prone_annotations-2.1.3.jar;C:\Users\aliee\.m2\repository\com\google\j2objc\j2objc-annotations\1.1\j2objc-annotations-1.1.jar;C:\Users\aliee\.m2\repository\org\codehaus\mojo\animal-sniffer-annotations\1.14\animal-sniffer-annotations-1.14.jar;C:\Users\aliee\.m2\repository\org\yaml\snakeyaml\1.21\snakeyaml-1.21.jar;C:\Users\aliee\.m2\repository\junit\junit\3.8.1\junit-3.8.1.jar;"/>
    <property name="sun.cpu.endian" value="little"/>
    <property name="user.home" value="C:\Users\aliee"/>
    <property name="user.language" value="en"/>
    <property name="java.specification.vendor" value="Oracle Corporation"/>
    <property name="java.home" value="C:\Program Files\Java\jdk1.8.0_181\jre"/>
    <property name="basedir" value="C:\Users\aliee\Desktop\javaapi\assignment"/>
    <property name="file.separator" value="\"/>
    <property name="line.separator" value="&#10;"/>
    <property name="java.vm.specification.vendor" value="Oracle Corporation"/>
    <property name="java.specification.name" value="Java Platform API Specification"/>
    <property name="java.awt.graphicsenv" value="sun.awt.Win32GraphicsEnvironment"/>
    <property name="surefire.real.class.path" value="C:\Users\aliee\AppData\Local\Temp\surefire4598764097057012557\surefirebooter8086949145075486535.jar"/>
    <property name="sun.boot.class.path" value="C:\Program Files\Java\jdk1.8.0_181\jre\lib\resources.jar;C:\Program Files\Java\jdk1.8.0_181\jre\lib\rt.jar;C:\Program Files\Java\jdk1.8.0_181\jre\lib\sunrsasign.jar;C:\Program Files\Java\jdk1.8.0_181\jre\lib\jsse.jar;C:\Program Files\Java\jdk1.8.0_181\jre\lib\jce.jar;C:\Program Files\Java\jdk1.8.0_181\jre\lib\charsets.jar;C:\Program Files\Java\jdk1.8.0_181\jre\lib\jfr.jar;C:\Program Files\Java\jdk1.8.0_181\jre\classes"/>
    <property name="user.script" value=""/>
    <property name="sun.management.compiler" value="HotSpot 64-Bit Tiered Compilers"/>
    <property name="java.runtime.version" value="1.8.0_181-b13"/>
    <property name="user.name" value="ALIEES ALI#"/>
    <property name="path.separator" value=";"/>
    <property name="os.version" value="10.0"/>
    <property name="java.endorsed.dirs" value="C:\Program Files\Java\jdk1.8.0_181\jre\lib\endorsed"/>
    <property name="java.runtime.name" value="Java(TM) SE Runtime Environment"/>
    <property name="file.encoding" value="Cp1252"/>
    <property name="java.vm.name" value="Java HotSpot(TM) 64-Bit Server VM"/>
    <property name="localRepository" value="C:\Users\aliee\.m2\repository"/>
    <property name="java.vendor.url.bug" value="http://bugreport.sun.com/bugreport/"/>
    <property name="java.io.tmpdir" value="C:\Users\aliee\AppData\Local\Temp\"/>
    <property name="java.version" value="1.8.0_181"/>
    <property name="user.dir" value="C:\Users\aliee\Desktop\javaapi\assignment"/>
    <property name="os.arch" value="amd64"/>
    <property name="java.vm.specification.name" value="Java Virtual Machine Specification"/>
    <property name="java.awt.printerjob" value="sun.awt.windows.WPrinterJob"/>
    <property name="sun.os.patch.level" value=""/>
    <property name="java.library.path" value="C:\Program Files\Java\jdk1.8.0_181\jre\bin;C:\WINDOWS\Sun\Java\bin;C:\WINDOWS\system32;C:\WINDOWS;C:\Program Files (x86)\Common Files\Oracle\Java\javapath;C:\Program Files (x86)\Intel\iCLS Client\;C:\Program Files\Intel\iCLS Client\;C:\windows\system32;C:\windows;C:\windows\System32\Wbem;C:\windows\System32\WindowsPowerShell\v1.0\;C:\Program Files (x86)\Intel\Intel(R) Management Engine Components\DAL;C:\Program Files\Intel\Intel(R) Management Engine Components\DAL;C:\Program Files (x86)\Intel\Intel(R) Management Engine Components\IPT;C:\Program Files\Intel\Intel(R) Management Engine Components\IPT;C:\Program Files (x86)\NVIDIA Corporation\PhysX\Common;C:\WINDOWS\system32;C:\WINDOWS;C:\WINDOWS\System32\Wbem;C:\WINDOWS\System32\WindowsPowerShell\v1.0\;C:\WINDOWS\System32\OpenSSH\;C:\Program Files\Intel\WiFi\bin\;C:\Program Files\Common Files\Intel\WirelessCommon\;C:\Program Files\Java\jdk1.8.0_181\bin;C:\Users\aliee\AppData\Local\Android\Sdk\tools\bin;C:\Users\aliee\AppData\Local\Android\Sdk\tools;C:\Users\aliee\AppData\Local\Android\Sdk\platform-tools;C:\Users\aliee\Downloads\apache-maven-3.6.3-bin\apache-maven-3.6.3\bin;C:\Program Files\NVIDIA Corporation\NVIDIA NvDLISR;C:\Program Files\Git\cmd;C:\Users\aliee\Downloads\apache-ant-1.10.8-bin\apache-ant-1.10.8\bin;C:\ProgramData\chocolatey\bin;C:\Program Files\nodejs;C:\Program Files\MySQL\MySQL Shell 8.0\bin\;C:\Users\aliee\anaconda3;C:\Users\aliee\anaconda3\Library\mingw-w64\bin;C:\Users\aliee\anaconda3\Library\usr\bin;C:\Users\aliee\anaconda3\Library\bin;C:\Users\aliee\anaconda3\Scripts;C:\Users\aliee\AppData\Local\Microsoft\WindowsApps;C:\Users\aliee\AppData\Local\Programs\Microsoft VS Code\bin;C:\Users\aliee\AppData\Local\GitHubDesktop\bin;C:\Users\aliee\AppData\Roaming\npm;."/>
    <property name="java.vm.info" value="mixed mode"/>
    <property name="java.vendor" value="Oracle Corporation"/>
    <property name="java.vm.version" value="25.181-b13"/>
    <property name="java.ext.dirs" value="C:\Program Files\Java\jdk1.8.0_181\jre\lib\ext;C:\WINDOWS\Sun\Java\lib\ext"/>
    <property name="sun.io.unicode.encoding" value="UnicodeLittle"/>
    <property name="java.class.version" value="52.0"/>
  </properties>
  <testcase name="mutual_funds" classname="work.assignment.Market_mutual_funds" time="11.666">
    <system-out><![CDATA[Request method:	GET
Request URI:	https://yahoo-finance15.p.rapidapi.com/api/yahoo/mu/topmutualfunds?start=0
Proxy:			<none>
Request params:	<none>
Query params:	start=0
Form params:	<none>
Path params:	<none>
Headers:		X-RapidAPI-Host=yahoo-finance15.p.rapidapi.com
				X-RapidAPI-Key= 4d8dcb3a9fmsh7ecca9be9e75e6dp130491jsnf44539c76ee5
				useQueryString=true
				Accept=*/*
Cookies:		<none>
Multiparts:		<none>
Body:			<none>
HTTP/1.1 200 OK
Alt-Svc: quic=":443"; ma=2592000; v="43,46", h3-Q043=":443"; ma=2592000, h3-Q046=":443"; ma=2592000, h3-Q050=":443"; ma=2592000, h3-25=":443"; ma=2592000, h3-27=":443"; ma=2592000
Content-Encoding: gzip
Content-Type: application/json; charset=utf-8
Date: Thu, 27 Aug 2020 09:55:28 GMT
Server: RapidAPI-1.1.24
Vary: Accept-Encoding
X-Powered-By: PHP/7.2.33
X-RapidAPI-Region: AWS - ap-southeast-1
X-RapidAPI-Version: 1.1.24
X-RateLimit-Request-Limit: 500
X-RateLimit-Request-Remaining: 412
Content-Length: 12309
Connection: keep-alive

{
    "start": 0,
    "count": 25,
    "total": 1461,
    "quotes": [
        {
            "language": "en-US",
            "region": "US",
            "quoteType": "MUTUALFUND",
            "quoteSourceName": "Delayed Quote",
            "triggerable": false,
            "currency": "USD",
            "priceHint": 2,
            "sourceInterval": 15,
            "exchangeDataDelayedBy": 0,
            "exchangeTimezoneName": "America/New_York",
            "exchangeTimezoneShortName": "EDT",
            "gmtOffSetMilliseconds": -14400000,
            "esgPopulated": false,
            "tradeable": false,
            "firstTradeDateMilliseconds": 1412170200000,
            "regularMarketChange": 2.100000000000000088817841970012523233890533447265625,
            "regularMarketTime": 1598486431,
            "regularMarketPrice": 34.24000000000000198951966012828052043914794921875,
            "regularMarketPreviousClose": 32.14000300000000009958966984413564205169677734375,
            "exchange": "NAS",
            "market": "us_market",
            "messageBoardId": "finmb_308645720",
            "fullExchangeName": "Nasdaq",
            "shortName": "Leland Thomson Reuters Venture ",
            "longName": "Leland Thomson Reuters Venture Capital Index Fund Class A",
            "averageDailyVolume3Month": 0,
            "averageDailyVolume10Day": 0,
            "fiftyTwoWeekLowChange": 18.41000199999999864530764170922338962554931640625,
            "fiftyTwoWeekLowChangePercent": 1.162981700000000007122480383259244263172149658203125,
            "fiftyTwoWeekRange": "15.83 - 34.24",
            "fiftyTwoWeekHighChange": 0,
            "fiftyTwoWeekHighChangePercent": 0,
            "fiftyTwoWeekLow": 15.8300000000000000710542735760100185871124267578125,
            "fiftyTwoWeekHigh": 34.24000000000000198951966012828052043914794921875,
            "ytdReturn": 24.989999999999998436805981327779591083526611328125,
            "trailingThreeMonthReturns": 42.75999999999999801048033987171947956085205078125,
            "marketState": "PRE",
            "fiftyDayAverage": 29.433890000000001663238435867242515087127685546875,
            "fiftyDayAverageChange": 4.80611229999999967077428664197213947772979736328125,
            "fiftyDayAverageChangePercent": 0.1632849899999999909727677049886551685631275177001953125,
            "twoHundredDayAverage": 24.114605000000000956106305238790810108184814453125,
            "twoHundredDayAverageChange": 10.12539699999999953661244944669306278228759765625,
            "twoHundredDayAverageChangePercent": 0.419886499999999995846877709482214413583278656005859375,
            "regularMarketChangePercent": 6.5339130000000000819682099972851574420928955078125,
            "symbol": "LDVAX"
        },
        {
            "language": "en-US",
            "region": "US",
            "quoteType": "MUTUALFUND",
            "quoteSourceName": "Delayed Quote",
            "triggerable": false,
            "currency": "USD",
            "priceHint": 2,
            "marketCap": 362058208,
            "sourceInterval": 15,
            "exchangeDataDelayedBy": 0,
            "exchangeTimezoneName": "America/New_York",
            "exchangeTimezoneShortName": "EDT",
            "gmtOffSetMilliseconds": -14400000,
            "esgPopulated": false,
            "tradeable": false,
            "firstTradeDateMilliseconds": 961421400000,
            "regularMarketChange": 6.730000000000000426325641456060111522674560546875,
            "regularMarketTime": 1598486426,
            "regularMarketPrice": 112.7699999999999960209606797434389591217041015625,
            "regularMarketPreviousClose": 106.0399900000000030786395655013620853424072265625,
            "exchange": "NAS",
            "market": "us_market",
            "messageBoardId": "finmb_28120932",
            "fullExchangeName": "Nasdaq",
            "shortName": "Internet UltraSector ProFund, S",
            "longName": "ProFunds Internet UltraSector Fund Service Class",
            "averageDailyVolume3Month": 0,
            "averageDailyVolume10Day": 0,
            "fiftyTwoWeekLowChange": 66.06000000000000227373675443232059478759765625,
            "fiftyTwoWeekLowChangePercent": 1.414258100000000073492856245138682425022125244140625,
            "fiftyTwoWeekRange": "46.71 - 112.77",
            "fiftyTwoWeekHighChange": 0,
            "fiftyTwoWeekHighChangePercent": 0,
            "fiftyTwoWeekLow": 46.71000000000000085265128291212022304534912109375,
            "fiftyTwoWeekHigh": 112.7699999999999960209606797434389591217041015625,
            "ytdReturn": 29.739999999999998436805981327779591083526611328125,
            "trailingThreeMonthReturns": 59.530000000000001136868377216160297393798828125,
            "marketState": "PRE",
            "sharesOutstanding": 3210590,
            "fiftyDayAverage": 100.662499999999994315658113919198513031005859375,
            "fiftyDayAverageChange": 12.10749799999999964938979246653616428375244140625,
            "fiftyDayAverageChangePercent": 0.1202781400000000056049742624963982962071895599365234375,
            "twoHundredDayAverage": 80.9105100000000021509549696929752826690673828125,
            "twoHundredDayAverageChange": 31.85949000000000097543306765146553516387939453125,
            "twoHundredDayAverageChangePercent": 0.39376208000000001430151996828499250113964080810546875,
            "regularMarketChangePercent": 6.3466620000000002477236193954013288021087646484375,
            "symbol": "INPSX"
        },
        {
            "language": "en-US",
            "region": "US",
            "quoteType": "MUTUALFUND",
            "quoteSourceName": "Delayed Quote",
            "triggerable": false,
            "currency": "USD",
            "priceHint": 2,
            "marketCap": 472759392,
            "sourceInterval": 15,
            "exchangeDataDelayedBy": 0,
            "exchangeTimezoneName": "America/New_York",
            "exchangeTimezoneShortName": "EDT",
            "gmtOffSetMilliseconds": -14400000,
            "esgPopulated": false,
            "tradeable": false,
            "firstTradeDateMilliseconds": 961421400000,
            "regularMarketChange": 8.7799999999999993605115378159098327159881591796875,
            "regularMarketTime": 1598486475,
            "regularMarketPrice": 147.25,
            "regularMarketPreviousClose": 138.469999999999998863131622783839702606201171875,
            "exchange": "NAS",
            "market": "us_market",
            "messageBoardId": "finmb_28120932",
            "fullExchangeName": "Nasdaq",
            "shortName": "Internet UltraSector ProFund, I",
            "longName": "ProFunds Internet UltraSector Fund Investor Class",
            "averageDailyVolume3Month": 0,
            "averageDailyVolume10Day": 0,
            "fiftyTwoWeekLowChange": 86.5099950000000035288394428789615631103515625,
            "fiftyTwoWeekLowChangePercent": 1.424267299999999902837544141220860183238983154296875,
            "fiftyTwoWeekRange": "60.74 - 147.25",
            "fiftyTwoWeekHighChange": 0,
            "fiftyTwoWeekHighChangePercent": 0,
            "fiftyTwoWeekLow": 60.74000000000000198951966012828052043914794921875,
            "fiftyTwoWeekHigh": 147.25,
            "ytdReturn": 30.379999999999999005240169935859739780426025390625,
            "trailingThreeMonthReturns": 59.9500000000000028421709430404007434844970703125,
            "marketState": "PRE",
            "sharesOutstanding": 3210590,
            "fiftyDayAverage": 131.359160000000002810338628478348255157470703125,
            "fiftyDayAverageChange": 15.890838999999999714418663643300533294677734375,
            "fiftyDayAverageChangePercent": 0.12097244000000000052619242296714219264686107635498046875,
            "twoHundredDayAverage": 105.4016600000000067893779487349092960357666015625,
            "twoHundredDayAverageChange": 41.8483429999999998472048901021480560302734375,
            "twoHundredDayAverageChangePercent": 0.39703684999999999671871364625985734164714813232421875,
            "regularMarketChangePercent": 6.34072350000000017899992599268443882465362548828125,
            "symbol": "INPIX"
        },
        {
            "language": "en-US",
            "region": "US",
            "quoteType": "MUTUALFUND",
            "quoteSourceName": "Delayed Quote",
            "triggerable": false,
            "currency": "USD",
            "priceHint": 2,
            "marketCap": 1027866752,
            "sourceInterval": 15,
            "exchangeDataDelayedBy": 0,
            "exchangeTimezoneName": "America/New_York",
            "exchangeTimezoneShortName": "EDT",
            "gmtOffSetMilliseconds": -14400000,
            "esgPopulated": false,
            "tradeable": false,
            "firstTradeDateMilliseconds": 880727400000,
            "regularMarketChange": 6.12000000000000010658141036401502788066864013671875,
            "regularMarketTime": 1598486486,
            "regularMarketPrice": 149.719999999999998863131622783839702606201171875,
            "regularMarketPreviousClose": 143.599999999999994315658113919198513031005859375,
            "exchange": "NAS",
            "market": "us_market",
            "messageBoardId": "finmb_28124237",
            "fullExchangeName": "Nasdaq",
            "shortName": "Ultra NASDAQ-100 ProFunds Inves",
            "longName": "ProFunds UltraNASDAQ-100 Fund Investor Class",
            "averageDailyVolume3Month": 0,
            "averageDailyVolume10Day": 0,
            "fiftyTwoWeekLowChange": 96.1300049999999970395947457291185855865478515625,
            "fiftyTwoWeekLowChangePercent": 1.793804900000000035475977711030282080173492431640625,
            "fiftyTwoWeekRange": "53.59 - 149.72",
            "fiftyTwoWeekHighChange": 0,
            "fiftyTwoWeekHighChangePercent": 0,
            "fiftyTwoWeekLow": 53.590000000000003410605131648480892181396484375,
            "fiftyTwoWeekHigh": 149.719999999999998863131622783839702606201171875,
            "ytdReturn": 20.519999999999999573674358543939888477325439453125,
            "trailingThreeMonthReturns": 64.43999999999999772626324556767940521240234375,
            "marketState": "PRE",
            "sharesOutstanding": 6865260,
            "fiftyDayAverage": 127.053889999999995552570908330380916595458984375,
            "fiftyDayAverageChange": 22.666115000000001344915290246717631816864013671875,
            "fiftyDayAverageChangePercent": 0.17839766000000001344716338280704803764820098876953125,
            "twoHundredDayAverage": 98.2926599999999979218046064488589763641357421875,
            "twoHundredDayAverageChange": 51.42733799999999888541424297727644443511962890625,
            "twoHundredDayAverageChangePercent": 0.5232063000000000130285116028971970081329345703125,
            "regularMarketChangePercent": 4.2618384000000002487240635673515498638153076171875,
            "symbol": "UOPIX"
        },
        {
            "language": "en-US",
            "region": "US",
            "quoteType": "MUTUALFUND",
            "quoteSourceName": "Delayed Quote",
            "triggerable": false,
            "currency": "USD",
            "priceHint": 2,
            "sourceInterval": 15,
            "exchangeDataDelayedBy": 0,
            "exchangeTimezoneName": "America/New_York",
            "exchangeTimezoneShortName": "EDT",
            "gmtOffSetMilliseconds": -14400000,
            "esgPopulated": false,
            "tradeable": false,
            "firstTradeDateMilliseconds": 959175000000,
            "regularMarketChange": 13.1199999999999992184029906638897955417633056640625,
            "regularMarketTime": 1598486483,
            "regularMarketPrice": 321.04000000000002046363078989088535308837890625,
            "regularMarketPreviousClose": 307.92000000000001591615728102624416351318359375,
            "exchange": "NAS",
            "market": "us_market",
            "messageBoardId": "finmb_37799515",
            "fullExchangeName": "Nasdaq",
            "shortName": "Rydex Dynamic Fds, Nasdaq - 100",
            "longName": "Rydex NASDAQ-100 2x Strategy Fund Class H",
            "averageDailyVolume3Month": 0,
            "averageDailyVolume10Day": 0,
            "fiftyTwoWeekLowChange": 206.370010000000007721610018052160739898681640625,
            "fiftyTwoWeekLowChangePercent": 1.799686200000000013687895261682569980621337890625,
            "fiftyTwoWeekRange": "114.67 - 321.04",
            "fiftyTwoWeekHighChange": 0,
            "fiftyTwoWeekHighChangePercent": 0,
            "fiftyTwoWeekLow": 114.6700000000000017053025658242404460906982421875,
            "fiftyTwoWeekHigh": 321.04000000000002046363078989088535308837890625,
            "ytdReturn": 21.1400000000000005684341886080801486968994140625,
            "trailingThreeMonthReturns": 64.6400000000000005684341886080801486968994140625,
            "marketState": "PRE",
            "fiftyDayAverage": 272.44666000000000849468051455914974212646484375,
            "fiftyDayAverageChange": 48.59335300000000046338755055330693721771240234375,
            "fiftyDayAverageChangePercent": 0.1783591499999999940850869961650460027158260345458984375,
            "twoHundredDayAverage": 210.4926600000000007639755494892597198486328125,
            "twoHundredDayAverageChange": 110.54734999999999445208231918513774871826171875,
            "twoHundredDayAverageChangePercent": 0.52518385999999994684372950359829701483249664306640625,
            "regularMarketChangePercent": 4.26084659999999981749851940548978745937347412109375,
            "symbol": "RYVYX"
        },
        {
            "language": "en-US",
            "region": "US",
            "quoteType": "MUTUALFUND",
            "quoteSourceName": "Delayed Quote",
            "triggerable": false,
            "currency": "USD",
            "priceHint": 2,
            "sourceInterval": 15,
            "exchangeDataDelayedBy": 0,
            "exchangeTimezoneName": "America/New_York",
            "exchangeTimezoneShortName": "EDT",
            "gmtOffSetMilliseconds": -14400000,
            "esgPopulated": false,
            "tradeable": false,
            "firstTradeDateMilliseconds": 1093959000000,
            "regularMarketChange": 13.1199999999999992184029906638897955417633056640625,
            "regularMarketTime": 1598486449,
            "regularMarketPrice": 321.16000000000002501110429875552654266357421875,
            "regularMarketPreviousClose": 308.04000000000002046363078989088535308837890625,
            "exchange": "NAS",
            "market": "us_market",
            "messageBoardId": "finmb_37799515",
            "fullExchangeName": "Nasdaq",
            "shortName": "Rydex Dynamic Fds, Nasdaq - 100",
            "longName": "Rydex NASDAQ-100 2x Strategy Fund Class A",
            "averageDailyVolume3Month": 0,
            "averageDailyVolume10Day": 0,
            "fiftyTwoWeekLowChange": 206.43999999999999772626324556767940521240234375,
            "fiftyTwoWeekLowChangePercent": 1.7995118999999999420680296680075116455554962158203125,
            "fiftyTwoWeekRange": "114.72 - 321.16",
            "fiftyTwoWeekHighChange": 0,
            "fiftyTwoWeekHighChangePercent": 0,
            "fiftyTwoWeekLow": 114.719999999999998863131622783839702606201171875,
            "fiftyTwoWeekHigh": 321.16000000000002501110429875552654266357421875,
            "ytdReturn": 21.129999999999999005240169935859739780426025390625,
            "trailingThreeMonthReturns": 64.6400000000000005684341886080801486968994140625,
            "marketState": "PRE",
            "fiftyDayAverage": 272.563319999999976062099449336528778076171875,
            "fiftyDayAverageChange": 48.59667999999999921101334621198475360870361328125,
            "fiftyDayAverageChangePercent": 0.1782950000000000090327745283502736128866672515869140625,
            "twoHundredDayAverage": 210.6343200000000024374458007514476776123046875,
            "twoHundredDayAverageChange": 110.525679999999994151949067600071430206298828125,
            "twoHundredDayAverageChangePercent": 0.5247277599999999875279854677501134574413299560546875,
            "regularMarketChangePercent": 4.25918699999999983418774718302302062511444091796875,
            "symbol": "RYVLX"
        },
        {
            "language": "en-US",
            "region": "US",
            "quoteType": "MUTUALFUND",
            "quoteSourceName": "Delayed Quote",
            "triggerable": false,
            "currency": "USD",
            "priceHint": 2,
            "sourceInterval": 15,
            "exchangeDataDelayedBy": 0,
            "exchangeTimezoneName": "America/New_York",
            "exchangeTimezoneShortName": "EDT",
            "gmtOffSetMilliseconds": -14400000,
            "esgPopulated": false,
            "tradeable": false,
            "firstTradeDateMilliseconds": 974730600000,
            "regularMarketChange": 10.21000000000000085265128291212022304534912109375,
            "regularMarketTime": 1598486483,
            "regularMarketPrice": 250,
            "regularMarketPreviousClose": 239.789999999999992041921359486877918243408203125,
            "exchange": "NAS",
            "market": "us_market",
            "messageBoardId": "finmb_37799515",
            "fullExchangeName": "Nasdaq",
            "shortName": "Rydex Dynamic Fds, Nasdaq-100 2",
            "longName": "Rydex NASDAQ-100 2x Strategy Fund Class C",
            "averageDailyVolume3Month": 0,
            "averageDailyVolume10Day": 0,
            "fiftyTwoWeekLowChange": 160.419999999999987494447850622236728668212890625,
            "fiftyTwoWeekLowChangePercent": 1.7908014000000000987000703389639966189861297607421875,
            "fiftyTwoWeekRange": "89.58 - 250.0",
            "fiftyTwoWeekHighChange": 0,
            "fiftyTwoWeekHighChangePercent": 0,
            "fiftyTwoWeekLow": 89.5799999999999982946974341757595539093017578125,
            "fiftyTwoWeekHigh": 250,
            "ytdReturn": 20.67999999999999971578290569595992565155029296875,
            "trailingThreeMonthReturns": 64.3299999999999982946974341757595539093017578125,
            "marketState": "PRE",
            "fiftyDayAverage": 212.269170000000002573870006017386913299560546875,
            "fiftyDayAverageChange": 37.7308349999999990131982485763728618621826171875,
            "fiftyDayAverageChangePercent": 0.1777499600000000123944943197784596122801303863525390625,
            "twoHundredDayAverage": 164.2584200000000009822542779147624969482421875,
            "twoHundredDayAverageChange": 85.7415799999999990177457220852375030517578125,
            "twoHundredDayAverageChangePercent": 0.5219919699999999718187382313772104680538177490234375,
            "regularMarketChangePercent": 4.2578925999999999163492248044349253177642822265625,
            "symbol": "RYCCX"
        },
        {
            "language": "en-US",
            "region": "US",
            "quoteType": "MUTUALFUND",
            "quoteSourceName": "Delayed Quote",
            "triggerable": false,
            "currency": "USD",
            "priceHint": 2,
            "marketCap": 813327360,
            "sourceInterval": 15,
            "exchangeDataDelayedBy": 0,
            "exchangeTimezoneName": "America/New_York",
            "exchangeTimezoneShortName": "EDT",
            "gmtOffSetMilliseconds": -14400000,
            "esgPopulated": false,
            "tradeable": false,
            "firstTradeDateMilliseconds": 881245800000,
            "regularMarketChange": 4.8300000000000000710542735760100185871124267578125,
            "regularMarketTime": 1598486457,
            "regularMarketPrice": 118.469999999999998863131622783839702606201171875,
            "regularMarketPreviousClose": 113.6400000000000005684341886080801486968994140625,
            "exchange": "NAS",
            "market": "us_market",
            "messageBoardId": "finmb_28124237",
            "fullExchangeName": "Nasdaq",
            "shortName": "Ultra NASDAQ-100 ProFund Servic",
            "longName": "ProFunds UltraNASDAQ-100 Fund Service Class",
            "averageDailyVolume3Month": 0,
            "averageDailyVolume10Day": 0,
            "fiftyTwoWeekLowChange": 75.8800049999999970395947457291185855865478515625,
            "fiftyTwoWeekLowChangePercent": 1.7816389999999999727009480920969508588314056396484375,
            "fiftyTwoWeekRange": "42.59 - 118.47",
            "fiftyTwoWeekHighChange": 0,
            "fiftyTwoWeekHighChangePercent": 0,
            "fiftyTwoWeekLow": 42.590000000000003410605131648480892181396484375,
            "fiftyTwoWeekHigh": 118.469999999999998863131622783839702606201171875,
            "ytdReturn": 19.910000000000000142108547152020037174224853515625,
            "trailingThreeMonthReturns": 64.0199999999999960209606797434389591217041015625,
            "marketState": "PRE",
            "sharesOutstanding": 6865260,
            "fiftyDayAverage": 100.595830000000006521077011711895465850830078125,
            "fiftyDayAverageChange": 17.874168000000000944282874115742743015289306640625,
            "fiftyDayAverageChangePercent": 0.1776830000000000076010309157936717383563518524169921875,
            "twoHundredDayAverage": 77.965900000000004865796654485166072845458984375,
            "twoHundredDayAverageChange": 40.50410500000000268983058049343526363372802734375,
            "twoHundredDayAverageChangePercent": 0.51951049999999998618704921682365238666534423828125,
            "regularMarketChangePercent": 4.2502639999999995978896549786441028118133544921875,
            "symbol": "UOPSX"
        },
        {
            "language": "en-US",
            "region": "US",
            "quoteType": "MUTUALFUND",
            "quoteSourceName": "Delayed Quote",
            "triggerable": false,
            "currency": "USD",
            "priceHint": 2,
            "sourceInterval": 15,
            "exchangeDataDelayedBy": 0,
            "exchangeTimezoneName": "America/New_York",
            "exchangeTimezoneShortName": "EDT",
            "gmtOffSetMilliseconds": -14400000,
            "esgPopulated": false,
            "tradeable": false,
            "firstTradeDateMilliseconds": 938698200000,
            "regularMarketChange": 0.6999999999999999555910790149937383830547332763671875,
            "regularMarketTime": 1598486485,
            "regularMarketPrice": 17.3299999999999982946974341757595539093017578125,
            "regularMarketPreviousClose": 16.629999999999999005240169935859739780426025390625,
            "exchange": "NAS",
            "market": "us_market",
            "messageBoardId": "finmb_28122649",
            "fullExchangeName": "Nasdaq",
            "shortName": "Firsthand Technology Opportunit",
            "longName": "Firsthand Technology Opportunities Fund",
            "averageDailyVolume3Month": 0,
            "averageDailyVolume10Day": 0,
            "fiftyTwoWeekLowChange": 7.309999499999999983401721692644059658050537109375,
            "fiftyTwoWeekLowChangePercent": 0.72954079999999998928927880115224979817867279052734375,
            "fiftyTwoWeekRange": "10.02 - 17.71",
            "fiftyTwoWeekHighChange": -0.37999916000000000249059439738630317151546478271484375,
            "fiftyTwoWeekHighChangePercent": -0.021456757999999999386719906624421128071844577789306640625,
            "fiftyTwoWeekLow": 10.019999999999999573674358543939888477325439453125,
            "fiftyTwoWeekHigh": 17.71000000000000085265128291212022304534912109375,
            "ytdReturn": 18.96000000000000085265128291212022304534912109375,
            "trailingThreeMonthReturns": 35.5499999999999971578290569595992565155029296875,
            "marketState": "PRE",
            "fiftyDayAverage": 16.64833300000000093632479547522962093353271484375,
            "fiftyDayAverageChange": 0.68166729999999997602344592451117932796478271484375,
            "fiftyDayAverageChangePercent": 0.040945083000000000172935443742971983738243579864501953125,
            "twoHundredDayAverage": 13.9422300000000003450395524851046502590179443359375,
            "twoHundredDayAverageChange": 3.387769700000000216988382817362435162067413330078125,
            "twoHundredDayAverageChangePercent": 0.2429862200000000027610980168901733122766017913818359375,
            "regularMarketChangePercent": 4.20926050000000007145217750803567469120025634765625,
            "symbol": "TEFQX"
        },
        {
            "language": "en-US",
            "region": "US",
            "quoteType": "MUTUALFUND",
            "quoteSourceName": "Delayed Quote",
            "triggerable": false,
            "currency": "USD",
            "priceHint": 2,
            "sourceInterval": 15,
            "exchangeDataDelayedBy": 0,
            "exchangeTimezoneName": "America/New_York",
            "exchangeTimezoneShortName": "EDT",
            "gmtOffSetMilliseconds": -14400000,
            "esgPopulated": false,
            "tradeable": false,
            "firstTradeDateMilliseconds": 1191245400000,
            "regularMarketChange": 2.87000000000000010658141036401502788066864013671875,
            "regularMarketTime": 1598486420,
            "regularMarketPrice": 72.7600000000000051159076974727213382720947265625,
            "regularMarketPreviousClose": 69.8900000000000005684341886080801486968994140625,
            "exchange": "NAS",
            "market": "us_market",
            "messageBoardId": "finmb_44787307",
            "fullExchangeName": "Nasdaq",
            "shortName": "Invesco Oppenheimer Global Focu",
            "longName": "Invesco Oppenheimer Global Focus Fund Class R",
            "averageDailyVolume3Month": 0,
            "averageDailyVolume10Day": 0,
            "fiftyTwoWeekLowChange": 33.31000000000000227373675443232059478759765625,
            "fiftyTwoWeekLowChangePercent": 0.8443599999999999994315658113919198513031005859375,
            "fiftyTwoWeekRange": "39.45 - 72.76",
            "fiftyTwoWeekHighChange": 0,
            "fiftyTwoWeekHighChangePercent": 0,
            "fiftyTwoWeekLow": 39.4500000000000028421709430404007434844970703125,
            "fiftyTwoWeekHigh": 72.7600000000000051159076974727213382720947265625,
            "ytdReturn": 22.739999999999998436805981327779591083526611328125,
            "trailingThreeMonthReturns": 37.6700000000000017053025658242404460906982421875,
            "marketState": "PRE",
            "fiftyDayAverage": 67.1555560000000042464307625778019428253173828125,
            "fiftyDayAverageChange": 5.60444639999999960622290018363855779170989990234375,
            "fiftyDayAverageChangePercent": 0.08345470000000000665441035607727826572954654693603515625,
            "twoHundredDayAverage": 56.63683300000000286900103674270212650299072265625,
            "twoHundredDayAverageChange": 16.123169000000000750105755287222564220428466796875,
            "twoHundredDayAverageChangePercent": 0.28467637000000001190613829749054275453090667724609375,
            "regularMarketChangePercent": 4.1064530000000001308535502175800502300262451171875,
            "symbol": "GLVNX"
        },
        {
            "language": "en-US",
            "region": "US",
            "quoteType": "MUTUALFUND",
            "quoteSourceName": "Delayed Quote",
            "triggerable": false,
            "currency": "USD",
            "priceHint": 2,
            "sourceInterval": 15,
            "exchangeDataDelayedBy": 0,
            "exchangeTimezoneName": "America/New_York",
            "exchangeTimezoneShortName": "EDT",
            "gmtOffSetMilliseconds": -14400000,
            "esgPopulated": false,
            "tradeable": false,
            "firstTradeDateMilliseconds": 1146490200000,
            "regularMarketChange": 2.150999999999999801048033987171947956085205078125,
            "regularMarketTime": 1598486413,
            "regularMarketPrice": 56.13470000000000226236807066015899181365966796875,
            "regularMarketPreviousClose": 53.983699999999998908606357872486114501953125,
            "exchange": "NAS",
            "market": "us_market",
            "messageBoardId": "finmb_42750784",
            "fullExchangeName": "Nasdaq",
            "shortName": "Direxion Monthly NASDAQ-100 Bul",
            "longName": "Direxion Monthly NASDAQ-100 Bull 2X Fund Investor Class",
            "averageDailyVolume3Month": 0,
            "averageDailyVolume10Day": 0,
            "fiftyTwoWeekLowChange": 36.90469999999999828332875040359795093536376953125,
            "fiftyTwoWeekLowChangePercent": 1.919121300000000029939428713987581431865692138671875,
            "fiftyTwoWeekRange": "19.23 - 56.13",
            "fiftyTwoWeekHighChange": 0.004699707000000000016448620243636469240300357341766357421875,
            "fiftyTwoWeekHighChangePercent": 8.3728969999999995339583225284485479278373531997203826904296875e-5,
            "fiftyTwoWeekLow": 19.230000000000000426325641456060111522674560546875,
            "fiftyTwoWeekHigh": 56.13000000000000255795384873636066913604736328125,
            "ytdReturn": 29.489999999999998436805981327779591083526611328125,
            "trailingThreeMonthReturns": 64.4500000000000028421709430404007434844970703125,
            "marketState": "PRE",
            "fiftyDayAverage": 47.88055399999999650617610313929617404937744140625,
            "fiftyDayAverageChange": 8.254146999999999678720996598713099956512451171875,
            "fiftyDayAverageChangePercent": 0.1723903699999999872272127277028630487620830535888671875,
            "twoHundredDayAverage": 36.6089199999999976853359839878976345062255859375,
            "twoHundredDayAverageChange": 19.525780000000001024318407871760427951812744140625,
            "twoHundredDayAverageChangePercent": 0.533361259999999948178128761355765163898468017578125,
            "regularMarketChangePercent": 3.98453619999999997247641658759675920009613037109375,
            "symbol": "DXQLX"
        },
        {
            "language": "en-US",
            "region": "US",
            "quoteType": "MUTUALFUND",
            "quoteSourceName": "Delayed Quote",
            "triggerable": false,
            "currency": "USD",
            "priceHint": 2,
            "sourceInterval": 15,
            "exchangeDataDelayedBy": 0,
            "exchangeTimezoneName": "America/New_York",
            "exchangeTimezoneShortName": "EDT",
            "gmtOffSetMilliseconds": -14400000,
            "esgPopulated": false,
            "tradeable": false,
            "firstTradeDateMilliseconds": 970234200000,
            "regularMarketChange": 0.89000000000000001332267629550187848508358001708984375,
            "regularMarketTime": 1598486482,
            "regularMarketPrice": 24.1099999999999994315658113919198513031005859375,
            "regularMarketPreviousClose": 23.220000999999999891088009462691843509674072265625,
            "exchange": "NAS",
            "market": "us_market",
            "messageBoardId": "finmb_8285621",
            "fullExchangeName": "Nasdaq",
            "shortName": "T. Rowe Price Global Technology",
            "longName": "T. Rowe Price Global Technology Fund",
            "averageDailyVolume3Month": 0,
            "averageDailyVolume10Day": 0,
            "fiftyTwoWeekLowChange": 10.980000499999999163946995395235717296600341796875,
            "fiftyTwoWeekLowChangePercent": 0.83625287000000003700961315189488232135772705078125,
            "fiftyTwoWeekRange": "13.13 - 24.11",
            "fiftyTwoWeekHighChange": 0,
            "fiftyTwoWeekHighChangePercent": 0,
            "fiftyTwoWeekLow": 13.1300000000000007815970093361102044582366943359375,
            "fiftyTwoWeekHigh": 24.1099999999999994315658113919198513031005859375,
            "ytdReturn": 25.32000000000000028421709430404007434844970703125,
            "trailingThreeMonthReturns": 37.3299999999999982946974341757595539093017578125,
            "marketState": "PRE",
            "fiftyDayAverage": 22.213612000000001245325620402581989765167236328125,
            "fiftyDayAverageChange": 1.89638900000000010237499736831523478031158447265625,
            "fiftyDayAverageChangePercent": 0.085370584999999998832009850957547314465045928955078125,
            "twoHundredDayAverage": 18.667698000000001457010512240231037139892578125,
            "twoHundredDayAverageChange": 5.44230269999999993757455740706063807010650634765625,
            "twoHundredDayAverageChangePercent": 0.29153582000000000107320374809205532073974609375,
            "regularMarketChangePercent": 3.8329024000000000427235136157833039760589599609375,
            "symbol": "PRGTX"
        },
        {
            "language": "en-US",
            "region": "US",
            "quoteType": "MUTUALFUND",
            "quoteSourceName": "Delayed Quote",
            "triggerable": false,
            "currency": "USD",
            "priceHint": 2,
            "sourceInterval": 15,
            "exchangeDataDelayedBy": 0,
            "exchangeTimezoneName": "America/New_York",
            "exchangeTimezoneShortName": "EDT",
            "gmtOffSetMilliseconds": -14400000,
            "esgPopulated": false,
            "tradeable": false,
            "firstTradeDateMilliseconds": 567786600000,
            "regularMarketChange": 3.970000000000000195399252334027551114559173583984375,
            "regularMarketTime": 1598486474,
            "regularMarketPrice": 108.599999999999994315658113919198513031005859375,
            "regularMarketPreviousClose": 104.6299999999999954525264911353588104248046875,
            "exchange": "NAS",
            "market": "us_market",
            "messageBoardId": "finmb_28117193",
            "fullExchangeName": "Nasdaq",
            "shortName": "Harbor Capital Appreciation Fun",
            "longName": "Harbor Capital Appreciation Fund Institutional Class",
            "averageDailyVolume3Month": 0,
            "averageDailyVolume10Day": 0,
            "fiftyTwoWeekLowChange": 49.62999700000000302679836750030517578125,
            "fiftyTwoWeekLowChangePercent": 0.8416143000000000373717057300382293760776519775390625,
            "fiftyTwoWeekRange": "58.97 - 108.6",
            "fiftyTwoWeekHighChange": 0,
            "fiftyTwoWeekHighChangePercent": 0,
            "fiftyTwoWeekLow": 58.969999999999998863131622783839702606201171875,
            "fiftyTwoWeekHigh": 108.599999999999994315658113919198513031005859375,
            "ytdReturn": 18.39999999999999857891452847979962825775146484375,
            "trailingThreeMonthReturns": 34.28999999999999914734871708787977695465087890625,
            "marketState": "PRE",
            "fiftyDayAverage": 98.270836000000002741217031143605709075927734375,
            "fiftyDayAverageChange": 10.3291629999999994282688930979929864406585693359375,
            "fiftyDayAverageChangePercent": 0.1051091299999999950642859403160400688648223876953125,
            "twoHundredDayAverage": 83.0858300000000014051693142391741275787353515625,
            "twoHundredDayAverageChange": 25.514168000000001512717062723822891712188720703125,
            "twoHundredDayAverageChangePercent": 0.307082059999999990029806440361426211893558502197265625,
            "regularMarketChangePercent": 3.794322999999999890263779889210127294063568115234375,
            "symbol": "HACAX"
        },
        {
            "language": "en-US",
            "region": "US",
            "quoteType": "MUTUALFUND",
            "quoteSourceName": "Delayed Quote",
            "triggerable": false,
            "currency": "USD",
            "priceHint": 2,
            "sourceInterval": 15,
            "exchangeDataDelayedBy": 0,
            "exchangeTimezoneName": "America/New_York",
            "exchangeTimezoneShortName": "EDT",
            "gmtOffSetMilliseconds": -14400000,
            "esgPopulated": false,
            "tradeable": false,
            "firstTradeDateMilliseconds": 1036074600000,
            "regularMarketChange": 3.87000000000000010658141036401502788066864013671875,
            "regularMarketTime": 1598486474,
            "regularMarketPrice": 105.909999999999996589394868351519107818603515625,
            "regularMarketPreviousClose": 102.0400000000000062527760746888816356658935546875,
            "exchange": "NAS",
            "market": "us_market",
            "messageBoardId": "finmb_28117193",
            "fullExchangeName": "Nasdaq",
            "shortName": "Harbor Capital Appreciation Fun",
            "longName": "Harbor Capital Appreciation Fund Administrative Class",
            "averageDailyVolume3Month": 0,
            "averageDailyVolume10Day": 0,
            "fiftyTwoWeekLowChange": 48.3299999999999982946974341757595539093017578125,
            "fiftyTwoWeekLowChangePercent": 0.83935389999999998611457385777612216770648956298828125,
            "fiftyTwoWeekRange": "57.58 - 105.91",
            "fiftyTwoWeekHighChange": 0,
            "fiftyTwoWeekHighChangePercent": 0,
            "fiftyTwoWeekLow": 57.5799999999999982946974341757595539093017578125,
            "fiftyTwoWeekHigh": 105.909999999999996589394868351519107818603515625,
            "ytdReturn": 18.269999999999999573674358543939888477325439453125,
            "trailingThreeMonthReturns": 34.219999999999998863131622783839702606201171875,
            "marketState": "PRE",
            "fiftyDayAverage": 95.8522200000000026420821086503565311431884765625,
            "fiftyDayAverageChange": 10.0577850000000008634515324956737458705902099609375,
            "fiftyDayAverageChangePercent": 0.10493012499999999909139347664677188731729984283447265625,
            "twoHundredDayAverage": 81.0785599999999959663909976370632648468017578125,
            "twoHundredDayAverageChange": 24.831444000000001182115738629363477230072021484375,
            "twoHundredDayAverageChangePercent": 0.3062639799999999912216708253254182636737823486328125,
            "regularMarketChangePercent": 3.792630200000000062487970353686250746250152587890625,
            "symbol": "HRCAX"
        },
        {
            "language": "en-US",
            "region": "US",
            "quoteType": "MUTUALFUND",
            "quoteSourceName": "Delayed Quote",
            "triggerable": false,
            "currency": "USD",
            "priceHint": 2,
            "sourceInterval": 15,
            "exchangeDataDelayedBy": 0,
            "exchangeTimezoneName": "America/New_York",
            "exchangeTimezoneShortName": "EDT",
            "gmtOffSetMilliseconds": -14400000,
            "esgPopulated": false,
            "tradeable": false,
            "firstTradeDateMilliseconds": 491491800000,
            "regularMarketChange": 0.939999999999999946709294817992486059665679931640625,
            "regularMarketTime": 1598486472,
            "regularMarketPrice": 25.96000000000000085265128291212022304534912109375,
            "regularMarketPreviousClose": 25.0199989999999985457179718650877475738525390625,
            "exchange": "NAS",
            "market": "us_market",
            "messageBoardId": "finmb_28181033",
            "fullExchangeName": "Nasdaq",
            "shortName": "Software and IT Services Portfo",
            "longName": "Fidelity Select Software & IT Services Portfolio",
            "averageDailyVolume3Month": 0,
            "averageDailyVolume10Day": 0,
            "fiftyTwoWeekLowChange": 10.159998999999999114152160473167896270751953125,
            "fiftyTwoWeekLowChangePercent": 0.64303790000000005111502332511008717119693756103515625,
            "fiftyTwoWeekRange": "15.8 - 25.96",
            "fiftyTwoWeekHighChange": 0,
            "fiftyTwoWeekHighChangePercent": 0,
            "fiftyTwoWeekLow": 15.800000000000000710542735760100185871124267578125,
            "fiftyTwoWeekHigh": 25.96000000000000085265128291212022304534912109375,
            "ytdReturn": 18.530000000000001136868377216160297393798828125,
            "trailingThreeMonthReturns": 32.0499999999999971578290569595992565155029296875,
            "marketState": "PRE",
            "fiftyDayAverage": 23.85777900000000073532646638341248035430908203125,
            "fiftyDayAverageChange": 2.102220500000000047435833039344288408756256103515625,
            "fiftyDayAverageChangePercent": 0.08811468000000000078131279224180616438388824462890625,
            "twoHundredDayAverage": 21.1530929999999983692759997211396694183349609375,
            "twoHundredDayAverageChange": 4.8069056999999997259465089882723987102508544921875,
            "twoHundredDayAverageChangePercent": 0.2272436300000000020116175392104196362197399139404296875,
            "regularMarketChangePercent": 3.75699469999999990932337823323905467987060546875,
            "symbol": "FSCSX"
        },
        {
            "language": "en-US",
            "region": "US",
            "quoteType": "MUTUALFUND",
            "quoteSourceName": "Delayed Quote",
            "triggerable": false,
            "currency": "USD",
            "priceHint": 2,
            "sourceInterval": 15,
            "exchangeDataDelayedBy": 0,
            "exchangeTimezoneName": "America/New_York",
            "exchangeTimezoneShortName": "EDT",
            "gmtOffSetMilliseconds": -14400000,
            "esgPopulated": false,
            "tradeable": false,
            "firstTradeDateMilliseconds": 920039400000,
            "regularMarketChange": 1.12000000000000010658141036401502788066864013671875,
            "regularMarketTime": 1598486485,
            "regularMarketPrice": 31.8299999999999982946974341757595539093017578125,
            "regularMarketPreviousClose": 30.71000000000000085265128291212022304534912109375,
            "exchange": "NAS",
            "market": "us_market",
            "messageBoardId": "finmb_28115812",
            "fullExchangeName": "Nasdaq",
            "shortName": "TCW Select Equitites Fd Cl N",
            "longName": "TCW Select Equities Fund Class N",
            "averageDailyVolume3Month": 0,
            "averageDailyVolume10Day": 0,
            "fiftyTwoWeekLowChange": 13.269999999999999573674358543939888477325439453125,
            "fiftyTwoWeekLowChangePercent": 0.71497849999999996128963175578974187374114990234375,
            "fiftyTwoWeekRange": "18.56 - 31.83",
            "fiftyTwoWeekHighChange": 0,
            "fiftyTwoWeekHighChangePercent": 0,
            "fiftyTwoWeekLow": 18.559999999999998721023075631819665431976318359375,
            "fiftyTwoWeekHigh": 31.8299999999999982946974341757595539093017578125,
            "ytdReturn": 15.53999999999999914734871708787977695465087890625,
            "trailingThreeMonthReturns": 30.780000000000001136868377216160297393798828125,
            "marketState": "PRE",
            "fiftyDayAverage": 29.4944440000000014379111235029995441436767578125,
            "fiftyDayAverageChange": 2.335555999999999965410779623198322951793670654296875,
            "fiftyDayAverageChangePercent": 0.07918630499999999849958243203218444250524044036865234375,
            "twoHundredDayAverage": 25.76798600000000050158632802776992321014404296875,
            "twoHundredDayAverageChange": 6.062013600000000224099494516849517822265625,
            "twoHundredDayAverageChangePercent": 0.2352536799999999928001415128164808265864849090576171875,
            "regularMarketChangePercent": 3.647020599999999834750497029745019972324371337890625,
            "symbol": "TGCNX"
        },
        {
            "language": "en-US",
            "region": "US",
            "quoteType": "MUTUALFUND",
            "quoteSourceName": "Delayed Quote",
            "triggerable": false,
            "currency": "USD",
            "priceHint": 2,
            "sourceInterval": 15,
            "exchangeDataDelayedBy": 0,
            "exchangeTimezoneName": "America/New_York",
            "exchangeTimezoneShortName": "EDT",
            "gmtOffSetMilliseconds": -14400000,
            "esgPopulated": false,
            "tradeable": false,
            "firstTradeDateMilliseconds": 1284643800000,
            "regularMarketChange": 1.479999999999999982236431605997495353221893310546875,
            "regularMarketTime": 1598486444,
            "regularMarketPrice": 44.17999999999999971578290569595992565155029296875,
            "regularMarketPreviousClose": 42.7000000000000028421709430404007434844970703125,
            "exchange": "NAS",
            "market": "us_market",
            "messageBoardId": "finmb_108899565",
            "fullExchangeName": "Nasdaq",
            "shortName": "Polen Growth Fund Institutional",
            "longName": "Polen Growth Fund Institutional Class",
            "averageDailyVolume3Month": 0,
            "averageDailyVolume10Day": 0,
            "fiftyTwoWeekLowChange": 17.559999999999998721023075631819665431976318359375,
            "fiftyTwoWeekLowChangePercent": 0.65965439999999997411350705078803002834320068359375,
            "fiftyTwoWeekRange": "26.62 - 44.18",
            "fiftyTwoWeekHighChange": 0,
            "fiftyTwoWeekHighChangePercent": 0,
            "fiftyTwoWeekLow": 26.620000000000000994759830064140260219573974609375,
            "fiftyTwoWeekHigh": 44.17999999999999971578290569595992565155029296875,
            "ytdReturn": 10.28999999999999914734871708787977695465087890625,
            "trailingThreeMonthReturns": 27.03999999999999914734871708787977695465087890625,
            "marketState": "PRE",
            "fiftyDayAverage": 40.59722000000000008412825991399586200714111328125,
            "fiftyDayAverageChange": 3.582778999999999935965888653299771249294281005859375,
            "fiftyDayAverageChangePercent": 0.0882518300000000033289637713096453808248043060302734375,
            "twoHundredDayAverage": 36.1786349999999998772182152606546878814697265625,
            "twoHundredDayAverageChange": 8.001366000000000866521077114157378673553466796875,
            "twoHundredDayAverageChangePercent": 0.2211627399999999965540808943842421285808086395263671875,
            "regularMarketChangePercent": 3.4660419999999998452722138608805835247039794921875,
            "symbol": "POLIX"
        },
        {
            "language": "en-US",
            "region": "US",
            "quoteType": "MUTUALFUND",
            "quoteSourceName": "Delayed Quote",
            "triggerable": false,
            "currency": "USD",
            "priceHint": 2,
            "sourceInterval": 15,
            "exchangeDataDelayedBy": 0,
            "exchangeTimezoneName": "America/New_York",
            "exchangeTimezoneShortName": "EDT",
            "gmtOffSetMilliseconds": -14400000,
            "esgPopulated": false,
            "tradeable": false,
            "firstTradeDateMilliseconds": 1293719400000,
            "regularMarketChange": 1.439999999999999946709294817992486059665679931640625,
            "regularMarketTime": 1598486444,
            "regularMarketPrice": 43.1700000000000017053025658242404460906982421875,
            "regularMarketPreviousClose": 41.72999999999999687361196265555918216705322265625,
            "exchange": "NAS",
            "market": "us_market",
            "messageBoardId": "finmb_108899565",
            "fullExchangeName": "Nasdaq",
            "shortName": "Polen Growth Fund - Investor Cl",
            "longName": "Polen Growth Fund Investor Class",
            "averageDailyVolume3Month": 0,
            "averageDailyVolume10Day": 0,
            "fiftyTwoWeekLowChange": 17.129996999999999474084688699804246425628662109375,
            "fiftyTwoWeekLowChangePercent": 0.6578340000000000298285840472090058028697967529296875,
            "fiftyTwoWeekRange": "26.04 - 43.17",
            "fiftyTwoWeekHighChange": 0,
            "fiftyTwoWeekHighChangePercent": 0,
            "fiftyTwoWeekLow": 26.03999999999999914734871708787977695465087890625,
            "fiftyTwoWeekHigh": 43.1700000000000017053025658242404460906982421875,
            "ytdReturn": 10.160000000000000142108547152020037174224853515625,
            "trailingThreeMonthReturns": 26.969999999999998863131622783839702606201171875,
            "marketState": "PRE",
            "fiftyDayAverage": 39.68083200000000232421371038071811199188232421875,
            "fiftyDayAverageChange": 3.48916629999999994282688930979929864406585693359375,
            "fiftyDayAverageChangePercent": 0.08793077600000000215718642948559136129915714263916015625,
            "twoHundredDayAverage": 35.37827300000000008139977580867707729339599609375,
            "twoHundredDayAverageChange": 7.7917249999999995679900166578590869903564453125,
            "twoHundredDayAverageChangePercent": 0.2202404000000000028336444302112795412540435791015625,
            "regularMarketChangePercent": 3.45075500000000001676880856393836438655853271484375,
            "symbol": "POLRX"
        },
        {
            "language": "en-US",
            "region": "US",
            "quoteType": "MUTUALFUND",
            "quoteSourceName": "Delayed Quote",
            "triggerable": false,
            "currency": "USD",
            "priceHint": 2,
            "sourceInterval": 15,
            "exchangeDataDelayedBy": 0,
            "exchangeTimezoneName": "America/New_York",
            "exchangeTimezoneShortName": "EDT",
            "gmtOffSetMilliseconds": -14400000,
            "esgPopulated": false,
            "tradeable": false,
            "firstTradeDateMilliseconds": 1210858200000,
            "regularMarketChange": 0.57999999999999996003197111349436454474925994873046875,
            "regularMarketTime": 1598486470,
            "regularMarketPrice": 17.550000000000000710542735760100185871124267578125,
            "regularMarketPreviousClose": 16.969999999999998863131622783839702606201171875,
            "exchange": "NAS",
            "market": "us_market",
            "messageBoardId": "finmb_28191791",
            "fullExchangeName": "Nasdaq",
            "shortName": "Fidelity Contra Fund Class K",
            "longName": "Fidelity Contrafund Fund Class K",
            "averageDailyVolume3Month": 0,
            "averageDailyVolume10Day": 0,
            "fiftyTwoWeekLowChange": 7.029999000000000108911990537308156490325927734375,
            "fiftyTwoWeekLowChangePercent": 0.66825080000000003366267264937050640583038330078125,
            "fiftyTwoWeekRange": "10.52 - 17.55",
            "fiftyTwoWeekHighChange": 0,
            "fiftyTwoWeekHighChangePercent": 0,
            "fiftyTwoWeekLow": 10.519999999999999573674358543939888477325439453125,
            "fiftyTwoWeekHigh": 17.550000000000000710542735760100185871124267578125,
            "ytdReturn": 9.6199999999999992184029906638897955417633056640625,
            "trailingThreeMonthReturns": 26.910000000000000142108547152020037174224853515625,
            "marketState": "PRE",
            "fiftyDayAverage": 16.105000000000000426325641456060111522674560546875,
            "fiftyDayAverageChange": 1.4449997000000001090569412554032169282436370849609375,
            "fiftyDayAverageChangePercent": 0.0897236700000000053645266007151803933084011077880859375,
            "twoHundredDayAverage": 14.16388500000000050249582272954285144805908203125,
            "twoHundredDayAverageChange": 3.386114099999999904611058809678070247173309326171875,
            "twoHundredDayAverageChangePercent": 0.239066759999999989272367884041159413754940032958984375,
            "regularMarketChangePercent": 3.417796099999999892560254011186771094799041748046875,
            "symbol": "FCNKX"
        },
        {
            "language": "en-US",
            "region": "US",
            "quoteType": "MUTUALFUND",
            "quoteSourceName": "Delayed Quote",
            "triggerable": false,
            "currency": "USD",
            "priceHint": 2,
            "sourceInterval": 15,
            "exchangeDataDelayedBy": 0,
            "exchangeTimezoneName": "America/New_York",
            "exchangeTimezoneShortName": "EDT",
            "gmtOffSetMilliseconds": -14400000,
            "esgPopulated": false,
            "tradeable": false,
            "firstTradeDateMilliseconds": 1106577000000,
            "regularMarketChange": 1.04000000000000003552713678800500929355621337890625,
            "regularMarketTime": 1598486467,
            "regularMarketPrice": 33.06000000000000227373675443232059478759765625,
            "regularMarketPreviousClose": 32.02000000000000312638803734444081783294677734375,
            "exchange": "NAS",
            "market": "us_market",
            "messageBoardId": "finmb_35295727",
            "fullExchangeName": "Nasdaq",
            "shortName": "Touchstone Sands Capital Insti ",
            "longName": "Touchstone Sands Capital Institutional Growth Fund",
            "averageDailyVolume3Month": 0,
            "averageDailyVolume10Day": 0,
            "fiftyTwoWeekLowChange": 15.0500009999999999621422830387018620967864990234375,
            "fiftyTwoWeekLowChangePercent": 0.835646899999999970276576277683489024639129638671875,
            "fiftyTwoWeekRange": "18.01 - 33.06",
            "fiftyTwoWeekHighChange": 0,
            "fiftyTwoWeekHighChangePercent": 0,
            "fiftyTwoWeekLow": 18.010000000000001563194018672220408916473388671875,
            "fiftyTwoWeekHigh": 33.06000000000000227373675443232059478759765625,
            "ytdReturn": 24.760000000000001563194018672220408916473388671875,
            "trailingThreeMonthReturns": 37.780000000000001136868377216160297393798828125,
            "marketState": "PRE",
            "fiftyDayAverage": 30.300000000000000710542735760100185871124267578125,
            "fiftyDayAverageChange": 2.760002099999999902735225987271405756473541259765625,
            "fiftyDayAverageChangePercent": 0.09108918000000000569915670212139957584440708160400390625,
            "twoHundredDayAverage": 25.352087000000000927002474782057106494903564453125,
            "twoHundredDayAverageChange": 7.70791439999999994370227796025574207305908203125,
            "twoHundredDayAverageChangePercent": 0.30403469999999999107131998243858106434345245361328125,
            "regularMarketChangePercent": 3.24796990000000018739001461653970181941986083984375,
            "symbol": "CISGX"
        },
        {
            "language": "en-US",
            "region": "US",
            "quoteType": "MUTUALFUND",
            "quoteSourceName": "Delayed Quote",
            "triggerable": false,
            "currency": "USD",
            "priceHint": 2,
            "sourceInterval": 15,
            "exchangeDataDelayedBy": 0,
            "exchangeTimezoneName": "America/New_York",
            "exchangeTimezoneShortName": "EDT",
            "gmtOffSetMilliseconds": -14400000,
            "esgPopulated": false,
            "tradeable": false,
            "firstTradeDateMilliseconds": 959779800000,
            "regularMarketChange": 0.56999999999999995115018691649311222136020660400390625,
            "regularMarketTime": 1598486484,
            "regularMarketPrice": 18.300000000000000710542735760100185871124267578125,
            "regularMarketPreviousClose": 17.730000000000000426325641456060111522674560546875,
            "exchange": "NAS",
            "market": "us_market",
            "messageBoardId": "finmb_28214036",
            "fullExchangeName": "Nasdaq",
            "shortName": "PGIM Jennison Focused Growth Fu",
            "longName": "PGIM Jennison Focused Growth Fund-Class C",
            "averageDailyVolume3Month": 0,
            "averageDailyVolume10Day": 0,
            "fiftyTwoWeekLowChange": 8.8299990000000008194547262974083423614501953125,
            "fiftyTwoWeekLowChangePercent": 0.93241804999999999825632812644471414387226104736328125,
            "fiftyTwoWeekRange": "9.47 - 18.3",
            "fiftyTwoWeekHighChange": 0,
            "fiftyTwoWeekHighChangePercent": 0,
            "fiftyTwoWeekLow": 9.4700000000000006394884621840901672840118408203125,
            "fiftyTwoWeekHigh": 18.300000000000000710542735760100185871124267578125,
            "ytdReturn": 20.989999999999998436805981327779591083526611328125,
            "trailingThreeMonthReturns": 39.42999999999999971578290569595992565155029296875,
            "marketState": "PRE",
            "fiftyDayAverage": 16.60166699999999906367520452477037906646728515625,
            "fiftyDayAverageChange": 1.6983318000000000580484993406571447849273681640625,
            "fiftyDayAverageChangePercent": 0.10229887000000000008004263918337528593838214874267578125,
            "twoHundredDayAverage": 13.805538999999999560941432719118893146514892578125,
            "twoHundredDayAverageChange": 4.494460000000000121644916362129151821136474609375,
            "twoHundredDayAverageChangePercent": 0.325554850000000006726708079440868459641933441162109375,
            "regularMarketChangePercent": 3.214890000000000025437429940211586654186248779296875,
            "symbol": "SPFCX"
        },
        {
            "language": "en-US",
            "region": "US",
            "quoteType": "MUTUALFUND",
            "quoteSourceName": "Delayed Quote",
            "triggerable": false,
            "currency": "USD",
            "priceHint": 2,
            "marketCap": 9114758144,
            "sourceInterval": 15,
            "exchangeDataDelayedBy": 0,
            "exchangeTimezoneName": "America/New_York",
            "exchangeTimezoneShortName": "EDT",
            "gmtOffSetMilliseconds": -14400000,
            "esgPopulated": false,
            "tradeable": false,
            "firstTradeDateMilliseconds": 1458826200000,
            "regularMarketChange": 5.54000000000000003552713678800500929355621337890625,
            "regularMarketTime": 1598486456,
            "regularMarketPrice": 179.960000000000007958078640513122081756591796875,
            "regularMarketPreviousClose": 174.42000999999999066858435980975627899169921875,
            "exchange": "NAS",
            "market": "us_market",
            "messageBoardId": "finmb_8285631",
            "fullExchangeName": "Nasdaq",
            "shortName": "T. Rowe Price Communications & ",
            "longName": "T. Rowe Price Communications & Technology Fund I Class",
            "averageDailyVolume3Month": 0,
            "averageDailyVolume10Day": 0,
            "fiftyTwoWeekLowChange": 75.450005000000004429239197634160518646240234375,
            "fiftyTwoWeekLowChangePercent": 0.72194049999999998501465370281948707997798919677734375,
            "fiftyTwoWeekRange": "104.51 - 179.96",
            "fiftyTwoWeekHighChange": 0,
            "fiftyTwoWeekHighChangePercent": 0,
            "fiftyTwoWeekLow": 104.5100000000000051159076974727213382720947265625,
            "fiftyTwoWeekHigh": 179.960000000000007958078640513122081756591796875,
            "ytdReturn": 23.64999999999999857891452847979962825775146484375,
            "trailingThreeMonthReturns": 31.629999999999999005240169935859739780426025390625,
            "marketState": "PRE",
            "sharesOutstanding": 50648800,
            "fiftyDayAverage": 166.36277999999998655766830779612064361572265625,
            "fiftyDayAverageChange": 13.5972290000000004539515430224128067493438720703125,
            "fiftyDayAverageChangePercent": 0.08173239999999999672031236741531756706535816192626953125,
            "twoHundredDayAverage": 141.871659999999991441654856316745281219482421875,
            "twoHundredDayAverageChange": 38.08834999999999837427822058089077472686767578125,
            "twoHundredDayAverageChangePercent": 0.268470470000000016597141438978724181652069091796875,
            "regularMarketChangePercent": 3.17624100000000009202949513564817607402801513671875,
            "symbol": "TTMIX"
        },
        {
            "language": "en-US",
            "region": "US",
            "quoteType": "MUTUALFUND",
            "quoteSourceName": "Delayed Quote",
            "triggerable": false,
            "currency": "USD",
            "priceHint": 2,
            "marketCap": 9090953216,
            "sourceInterval": 15,
            "exchangeDataDelayedBy": 0,
            "exchangeTimezoneName": "America/New_York",
            "exchangeTimezoneShortName": "EDT",
            "gmtOffSetMilliseconds": -14400000,
            "esgPopulated": false,
            "tradeable": false,
            "firstTradeDateMilliseconds": 750519000000,
            "regularMarketChange": 5.519999999999999573674358543939888477325439453125,
            "regularMarketTime": 1598486482,
            "regularMarketPrice": 179.490000000000009094947017729282379150390625,
            "regularMarketPreviousClose": 173.969999999999998863131622783839702606201171875,
            "exchange": "NAS",
            "market": "us_market",
            "messageBoardId": "finmb_8285631",
            "fullExchangeName": "Nasdaq",
            "shortName": "T. Rowe Price Communications & ",
            "longName": "T. Rowe Price Communications & Technology Fund Investor Class",
            "averageDailyVolume3Month": 0,
            "averageDailyVolume10Day": 0,
            "fiftyTwoWeekLowChange": 75.200005000000004429239197634160518646240234375,
            "fiftyTwoWeekLowChangePercent": 0.72106630000000004887539262199425138533115386962890625,
            "fiftyTwoWeekRange": "104.29 - 179.49",
            "fiftyTwoWeekHighChange": 0,
            "fiftyTwoWeekHighChangePercent": 0,
            "fiftyTwoWeekLow": 104.2900000000000062527760746888816356658935546875,
            "fiftyTwoWeekHigh": 179.490000000000009094947017729282379150390625,
            "ytdReturn": 23.5799999999999982946974341757595539093017578125,
            "trailingThreeMonthReturns": 31.5799999999999982946974341757595539093017578125,
            "marketState": "PRE",
            "sharesOutstanding": 50648800,
            "fiftyDayAverage": 165.93972999999999728970578871667385101318359375,
            "fiftyDayAverageChange": 13.5502780000000004889670890406705439090728759765625,
            "fiftyDayAverageChangePercent": 0.08165783000000000069196204321997356601059436798095703125,
            "twoHundredDayAverage": 141.5389900000000125146470963954925537109375,
            "twoHundredDayAverageChange": 37.951019999999999754436430521309375762939453125,
            "twoHundredDayAverageChangePercent": 0.26813120000000001397211235598661005496978759765625,
            "regularMarketChangePercent": 3.172960799999999803588934810250066220760345458984375,
            "symbol": "PRMTX"
        },
        {
            "language": "en-US",
            "region": "US",
            "quoteType": "MUTUALFUND",
            "quoteSourceName": "Delayed Quote",
            "triggerable": false,
            "currency": "USD",
            "priceHint": 2,
            "sourceInterval": 15,
            "exchangeDataDelayedBy": 0,
            "exchangeTimezoneName": "America/New_York",
            "exchangeTimezoneShortName": "EDT",
            "gmtOffSetMilliseconds": -14400000,
            "esgPopulated": false,
            "tradeable": false,
            "firstTradeDateMilliseconds": 1374240600000,
            "regularMarketChange": 0.460000000000000019984014443252817727625370025634765625,
            "regularMarketTime": 1598486469,
            "regularMarketPrice": 15.0299999999999993605115378159098327159881591796875,
            "regularMarketPreviousClose": 14.57000000000000028421709430404007434844970703125,
            "exchange": "NAS",
            "market": "us_market",
            "messageBoardId": "finmb_241563617",
            "fullExchangeName": "Nasdaq",
            "shortName": "EuroPac Gold Fund Cl A",
            "longName": "EuroPac Gold Fund Class A",
            "averageDailyVolume3Month": 0,
            "averageDailyVolume10Day": 0,
            "fiftyTwoWeekLowChange": 8.209998999999999824694896233268082141876220703125,
            "fiftyTwoWeekLowChangePercent": 1.203812099999999940536099529708735644817352294921875,
            "fiftyTwoWeekRange": "6.82 - 15.87",
            "fiftyTwoWeekHighChange": -0.84000014999999994547152937229839153587818145751953125,
            "fiftyTwoWeekHighChangePercent": -0.052930070000000002672368992762130801565945148468017578125,
            "fiftyTwoWeekLow": 6.82000000000000028421709430404007434844970703125,
            "fiftyTwoWeekHigh": 15.8699999999999992184029906638897955417633056640625,
            "ytdReturn": 18.949999999999999289457264239899814128875732421875,
            "trailingThreeMonthReturns": 62.21000000000000085265128291212022304534912109375,
            "marketState": "PRE",
            "fiftyDayAverage": 14.505278000000000560021362616680562496185302734375,
            "fiftyDayAverageChange": 0.5247220999999999690999175072647631168365478515625,
            "fiftyDayAverageChangePercent": 0.036174565999999998278102708582082414068281650543212890625,
            "twoHundredDayAverage": 11.36151100000000013778844731859862804412841796875,
            "twoHundredDayAverageChange": 3.668488500000000041012526708072982728481292724609375,
            "twoHundredDayAverageChangePercent": 0.322887360000000012139054206272703595459461212158203125,
            "regularMarketChangePercent": 3.157172399999999878872358749504201114177703857421875,
            "symbol": "EPGFX"
        },
        {
            "language": "en-US",
            "region": "US",
            "quoteType": "MUTUALFUND",
            "quoteSourceName": "Delayed Quote",
            "triggerable": false,
            "currency": "USD",
            "priceHint": 2,
            "sourceInterval": 15,
            "exchangeDataDelayedBy": 0,
            "exchangeTimezoneName": "America/New_York",
            "exchangeTimezoneShortName": "EDT",
            "gmtOffSetMilliseconds": -14400000,
            "esgPopulated": false,
            "tradeable": false,
            "firstTradeDateMilliseconds": 1212413400000,
            "regularMarketChange": 1.2199999999999999733546474089962430298328399658203125,
            "regularMarketTime": 1598486435,
            "regularMarketPrice": 40.159999999999996589394868351519107818603515625,
            "regularMarketPreviousClose": 38.93999999999999772626324556767940521240234375,
            "exchange": "NAS",
            "market": "us_market",
            "messageBoardId": "finmb_52743073",
            "fullExchangeName": "Nasdaq",
            "shortName": "Morgan Stanley Insti Fd Global ",
            "longName": "Morgan Stanley Institutional Fund, Inc. Global Opportunity Portfolio Class I",
            "averageDailyVolume3Month": 0,
            "averageDailyVolume10Day": 0,
            "fiftyTwoWeekLowChange": 17.25,
            "fiftyTwoWeekLowChangePercent": 0.75294629999999995728643398251733742654323577880859375,
            "fiftyTwoWeekRange": "22.91 - 40.16",
            "fiftyTwoWeekHighChange": 0,
            "fiftyTwoWeekHighChangePercent": 0,
            "fiftyTwoWeekLow": 22.910000000000000142108547152020037174224853515625,
            "fiftyTwoWeekHigh": 40.159999999999996589394868351519107818603515625,
            "ytdReturn": 16.239999999999998436805981327779591083526611328125,
            "trailingThreeMonthReturns": 31.660000000000000142108547152020037174224853515625,
            "marketState": "PRE",
            "fiftyDayAverage": 36.69250000000000255795384873636066913604736328125,
            "fiftyDayAverageChange": 3.467498799999999992138555171550251543521881103515625,
            "fiftyDayAverageChangePercent": 0.09450155999999999834049191349549801088869571685791015625,
            "twoHundredDayAverage": 31.226113999999999037981979199685156345367431640625,
            "twoHundredDayAverageChange": 8.9338859999999993277697285520844161510467529296875,
            "twoHundredDayAverageChangePercent": 0.2861029999999999962057017910410650074481964111328125,
            "regularMarketChangePercent": 3.133025200000000065614358391030691564083099365234375,
            "symbol": "MGGIX"
        }
    ]
}
io.restassured.path.json.JsonPath@77cf3f8b
]]></system-out>
    <system-err><![CDATA[SLF4J: Failed to load class "org.slf4j.impl.StaticLoggerBinder".
SLF4J: Defaulting to no-operation (NOP) logger implementation
SLF4J: See http://www.slf4j.org/codes.html#StaticLoggerBinder for further details.
]]></system-err>
  </testcase>
  <testcase name="most_watched" classname="work.assignment.Market_most_watched" time="0.212">
    <system-out><![CDATA[Request method:	GET
Request URI:	https://yahoo-finance15.p.rapidapi.com/api/yahoo/tr/trending
Proxy:			<none>
Request params:	<none>
Query params:	<none>
Form params:	<none>
Path params:	<none>
Headers:		X-RapidAPI-Host=yahoo-finance15.p.rapidapi.com
				X-RapidAPI-Key= 4d8dcb3a9fmsh7ecca9be9e75e6dp130491jsnf44539c76ee5
				useQueryString=true
				Accept=*/*
Cookies:		<none>
Multiparts:		<none>
Body:			<none>
HTTP/1.1 200 OK
Alt-Svc: quic=":443"; ma=2592000; v="43,46", h3-Q043=":443"; ma=2592000, h3-Q046=":443"; ma=2592000, h3-Q050=":443"; ma=2592000, h3-25=":443"; ma=2592000, h3-27=":443"; ma=2592000
Content-Encoding: gzip
Content-Type: application/json; charset=utf-8
Date: Thu, 27 Aug 2020 09:55:31 GMT
Server: RapidAPI-1.1.24
Vary: Accept-Encoding
X-Powered-By: PHP/7.2.33
X-RapidAPI-Region: AWS - ap-southeast-1
X-RapidAPI-Version: 1.1.24
X-RateLimit-Request-Limit: 500
X-RateLimit-Request-Remaining: 411
Content-Length: 743
Connection: keep-alive

[
    {
        "count": 143,
        "quotes": [
            "ABT",
            "NFLX",
            "MRNA",
            "RR.L",
            "ROKU",
            "XPEV",
            "CLVS",
            "VBIV",
            "LI",
            "SPWR",
            "SPLK",
            "DKNG",
            "BILI",
            "PLAN",
            "BOX",
            "INDUSINDBK.NS",
            "COCP",
            "DG",
            "NTAP",
            "NQ=F",
            "UONE",
            "6060.HK",
            "^VIX",
            "GTX",
            "CETX",
            "DIS",
            "MAXNV",
            "PER",
            "ESTC",
            "PED",
            "INO",
            "WPP.L",
            "DLTR",
            "COTY",
            "ADBE",
            "FRETAIL.NS",
            "XSPA",
            "GNUS",
            "BYFC",
            "NAK",
            "WDAY",
            "1810.HK",
            "AYTU",
            "VMW",
            "JMIA",
            "OKTA",
            "CTRM",
            "BBCA.JK",
            "FRO",
            "WORK",
            "UVXY",
            "UAVS",
            "BIG",
            "AYX",
            "AAL",
            "BMW.DE",
            "JETS",
            "COUP",
            "URBN",
            "CVAC",
            "UONEK",
            "MVIS",
            "TEF.MC",
            "^GSPC",
            "0941.HK",
            "VXX",
            "NCLH",
            "TNXP",
            "0005.HK",
            "BOO.L",
            "ET",
            "DKS",
            "XERS",
            "AUDUSD=X",
            "WSM",
            "SQQQ",
            "SPCE",
            "UBER",
            "EVFM",
            "HD",
            "AMZN",
            "BANDHANBNK.NS",
            "DAI.DE",
            "ORCL",
            "EA",
            "SI=F",
            "LOW",
            "AMC",
            "ABBV",
            "CHFS",
            "SAVE",
            "C6L.SI",
            "3690.HK",
            "KHC",
            "SPOT",
            "HSBA.L",
            "ARKK",
            "DPHC",
            "3988.HK",
            "GERN",
            "UAL",
            "DANSKE.CO",
            "ULTA",
            "BAVA.CO",
            "TWLO",
            "BB",
            "DHER.DE",
            "WBA",
            "^IXIC",
            "FNGU",
            "VEEV",
            "VOW3.DE",
            "LUV",
            "LCA",
            "EPD",
            "OPTI",
            "SNE",
            "DOCU",
            "CODX",
            "WFC",
            "CCH",
            "OPK",
            "ABUS",
            "QDEL",
            "FCX",
            "MRVL",
            "OTLK",
            "XLE",
            "C38U.SI",
            "RXT",
            "RDS-B",
            "AYRO",
            "PCG",
            "ITC.NS",
            "DELL",
            "NAT",
            "D05.SI",
            "GLD",
            "TAAS-USD",
            "^TNX",
            "AGQ",
            "NOW",
            "^NSEI"
        ],
        "jobTimestamp": 1598520039573,
        "startInterval": 202008270800
    }
]
io.restassured.path.json.JsonPath@750fe12e
]]></system-out>
  </testcase>
  <testcase name="top_gainers" classname="work.assignment.Market_top_gainers" time="5.194">
    <system-out><![CDATA[Request method:	GET
Request URI:	https://yahoo-finance15.p.rapidapi.com/api/yahoo/ga/topgainers?start=0
Proxy:			<none>
Request params:	<none>
Query params:	start=0
Form params:	<none>
Path params:	<none>
Headers:		X-RapidAPI-Host=yahoo-finance15.p.rapidapi.com
				X-RapidAPI-Key= 4d8dcb3a9fmsh7ecca9be9e75e6dp130491jsnf44539c76ee5
				useQueryString=true
				Accept=*/*
Cookies:		<none>
Multiparts:		<none>
Body:			<none>
HTTP/1.1 200 OK
Alt-Svc: quic=":443"; ma=2592000; v="43,46", h3-Q043=":443"; ma=2592000, h3-Q046=":443"; ma=2592000, h3-Q050=":443"; ma=2592000, h3-25=":443"; ma=2592000, h3-27=":443"; ma=2592000
Content-Encoding: gzip
Content-Type: application/json; charset=utf-8
Date: Thu, 27 Aug 2020 09:55:33 GMT
Server: RapidAPI-1.1.24
Vary: Accept-Encoding
X-Powered-By: PHP/7.2.33
X-RapidAPI-Region: AWS - ap-southeast-1
X-RapidAPI-Version: 1.1.24
X-RateLimit-Request-Limit: 500
X-RateLimit-Request-Remaining: 410
Content-Length: 22161
Connection: keep-alive

{
    "start": 0,
    "count": 25,
    "total": 148,
    "quotes": [
        {
            "language": "en-US",
            "region": "US",
            "quoteType": "EQUITY",
            "quoteSourceName": "Nasdaq Real Time Price",
            "triggerable": true,
            "currency": "USD",
            "priceHint": 2,
            "marketCap": 9295069184,
            "sourceInterval": 15,
            "exchangeDataDelayedBy": 0,
            "exchangeTimezoneName": "America/New_York",
            "exchangeTimezoneShortName": "EDT",
            "gmtOffSetMilliseconds": -14400000,
            "esgPopulated": false,
            "tradeable": true,
            "firstTradeDateMilliseconds": 1596634200000,
            "preMarketChange": -5.199996999999999758301783003844320774078369140625,
            "preMarketChangePercent": -3.741004999999999913740111878723837435245513916015625,
            "preMarketTime": 1598521655,
            "preMarketPrice": 133.80000000000001136868377216160297393798828125,
            "regularMarketChange": 34.9100040000000007012204150669276714324951171875,
            "regularMarketTime": 1598472001,
            "regularMarketPrice": 139,
            "regularMarketDayHigh": 151.990000000000009094947017729282379150390625,
            "regularMarketDayRange": "104.23 - 151.99",
            "regularMarketDayLow": 104.2300000000000039790393202565610408782958984375,
            "regularMarketVolume": 20284791,
            "regularMarketPreviousClose": 104.090000000000003410605131648480892181396484375,
            "bid": 135,
            "ask": 141.990000000000009094947017729282379150390625,
            "bidSize": 18,
            "askSize": 13,
            "exchange": "NMS",
            "market": "us_market",
            "messageBoardId": "finmb_676858391",
            "fullExchangeName": "NasdaqGS",
            "shortName": "BigCommerce Holdings, Inc. - Se",
            "longName": "BigCommerce Holdings, Inc.",
            "financialCurrency": "USD",
            "regularMarketOpen": 106.8799999999999954525264911353588104248046875,
            "averageDailyVolume3Month": 4831112,
            "averageDailyVolume10Day": 5840850,
            "fiftyTwoWeekLowChange": 75.2279999999999944293449516408145427703857421875,
            "fiftyTwoWeekLowChangePercent": 1.1796398999999999634979985785321332514286041259765625,
            "fiftyTwoWeekRange": "63.772 - 151.99",
            "fiftyTwoWeekHighChange": -12.9900055000000005378524292609654366970062255859375,
            "fiftyTwoWeekHighChangePercent": -0.085466180000000002703330892472877167165279388427734375,
            "fiftyTwoWeekLow": 63.77199999999999846522769075818359851837158203125,
            "fiftyTwoWeekHigh": 151.990000000000009094947017729282379150390625,
            "earningsTimestamp": 1599649140,
            "earningsTimestampStart": 1599649140,
            "earningsTimestampEnd": 1599649140,
            "marketState": "PRE",
            "sharesOutstanding": 61820500,
            "fiftyDayAverage": 81.009379999999993060555425472557544708251953125,
            "fiftyDayAverageChange": 57.990622999999999365172698162496089935302734375,
            "fiftyDayAverageChangePercent": 0.71585080000000000932658394958707503974437713623046875,
            "twoHundredDayAverage": 81.009379999999993060555425472557544708251953125,
            "twoHundredDayAverageChange": 57.990622999999999365172698162496089935302734375,
            "twoHundredDayAverageChangePercent": 0.71585080000000000932658394958707503974437713623046875,
            "regularMarketChangePercent": 33.5382900000000034879121812991797924041748046875,
            "symbol": "BIGC"
        },
        {
            "language": "en-US",
            "region": "US",
            "quoteType": "EQUITY",
            "quoteSourceName": "Nasdaq Real Time Price",
            "triggerable": true,
            "currency": "USD",
            "priceHint": 2,
            "marketCap": 19553722368,
            "sourceInterval": 15,
            "exchangeDataDelayedBy": 0,
            "exchangeTimezoneName": "America/New_York",
            "exchangeTimezoneShortName": "EDT",
            "gmtOffSetMilliseconds": -14400000,
            "esgPopulated": false,
            "tradeable": true,
            "firstTradeDateMilliseconds": 1596115800000,
            "preMarketChange": -1.4799994999999999123474481166340410709381103515625,
            "preMarketChangePercent": -6.330194999999999794226823723874986171722412109375,
            "preMarketTime": 1598522065,
            "preMarketPrice": 21.89999999999999857891452847979962825775146484375,
            "regularMarketChange": 5.14999960000000012172449714853428304195404052734375,
            "regularMarketTime": 1598472001,
            "regularMarketPrice": 23.379999999999999005240169935859739780426025390625,
            "regularMarketDayHigh": 24.480000000000000426325641456060111522674560546875,
            "regularMarketDayRange": "19.0 - 24.48",
            "regularMarketDayLow": 19,
            "regularMarketVolume": 31561325,
            "regularMarketPreviousClose": 18.230000000000000426325641456060111522674560546875,
            "bid": 22.199999999999999289457264239899814128875732421875,
            "ask": 22.239999999999998436805981327779591083526611328125,
            "bidSize": 11,
            "askSize": 11,
            "exchange": "NMS",
            "market": "us_market",
            "messageBoardId": "finmb_676755414",
            "fullExchangeName": "NasdaqGS",
            "shortName": "Li Auto Inc.",
            "longName": "Li Auto Inc.",
            "financialCurrency": "CNY",
            "regularMarketOpen": 18.989999999999998436805981327779591083526611328125,
            "averageDailyVolume3Month": 12827615,
            "averageDailyVolume10Day": 11996475,
            "fiftyTwoWeekLowChange": 9.069998999999999256260707625187933444976806640625,
            "fiftyTwoWeekLowChangePercent": 0.63382240000000000801350097390240989625453948974609375,
            "fiftyTwoWeekRange": "14.31 - 24.48",
            "fiftyTwoWeekHighChange": -1.1000004000000001003201077764970250427722930908203125,
            "fiftyTwoWeekHighChangePercent": -0.04493465600000000337299610464469878934323787689208984375,
            "fiftyTwoWeekLow": 14.3100000000000004973799150320701301097869873046875,
            "fiftyTwoWeekHigh": 24.480000000000000426325641456060111522674560546875,
            "earningsTimestamp": 1486411200,
            "marketState": "PRE",
            "epsCurrentYear": -0.39000000000000001332267629550187848508358001708984375,
            "priceEpsCurrentYear": -59.94872000000000156205715029500424861907958984375,
            "sharesOutstanding": 845523008,
            "fiftyDayAverage": 16.51899999999999835154085303656756877899169921875,
            "fiftyDayAverageChange": 6.86099999999999976552089719916693866252899169921875,
            "fiftyDayAverageChangePercent": 0.41533995000000001329709675701451487839221954345703125,
            "twoHundredDayAverage": 16.51899999999999835154085303656756877899169921875,
            "twoHundredDayAverageChange": 6.86099999999999976552089719916693866252899169921875,
            "twoHundredDayAverageChangePercent": 0.41533995000000001329709675701451487839221954345703125,
            "regularMarketChangePercent": 28.250136999999998721477822982706129550933837890625,
            "symbol": "LI"
        },
        {
            "language": "en-US",
            "region": "US",
            "quoteType": "EQUITY",
            "quoteSourceName": "Delayed Quote",
            "triggerable": false,
            "currency": "USD",
            "priceHint": 2,
            "marketCap": 245360328704,
            "forwardPE": 73.2043000000000034788172342814505100250244140625,
            "priceToBook": 7.0828129999999998034354575793258845806121826171875,
            "sourceInterval": 15,
            "exchangeDataDelayedBy": 0,
            "exchangeTimezoneName": "America/New_York",
            "exchangeTimezoneShortName": "EDT",
            "gmtOffSetMilliseconds": -14400000,
            "esgPopulated": false,
            "tradeable": true,
            "firstTradeDateMilliseconds": 1087997400000,
            "preMarketChange": -3.390014600000000211110773307154886424541473388671875,
            "preMarketChangePercent": -1.2448642999999999236848680084221996366977691650390625,
            "preMarketTime": 1598517892,
            "preMarketPrice": 268.93000000000000682121026329696178436279296875,
            "regularMarketChange": 56.270004000000000132786226458847522735595703125,
            "regularMarketTime": 1598472001,
            "regularMarketPrice": 272.31999999999999317878973670303821563720703125,
            "regularMarketDayHigh": 277.970000000000027284841053187847137451171875,
            "regularMarketDayRange": "249.47 - 277.97",
            "regularMarketDayLow": 249.469999999999998863131622783839702606201171875,
            "regularMarketVolume": 62380570,
            "regularMarketPreviousClose": 216.05000000000001136868377216160297393798828125,
            "bid": 268.509999999999990905052982270717620849609375,
            "ask": 270.19999999999998863131622783839702606201171875,
            "bidSize": 10,
            "askSize": 9,
            "exchange": "NYQ",
            "market": "us_market",
            "messageBoardId": "finmb_122917",
            "fullExchangeName": "NYSE",
            "shortName": "Salesforce.com Inc",
            "longName": "salesforce.com, inc.",
            "financialCurrency": "USD",
            "regularMarketOpen": 251.960000000000007958078640513122081756591796875,
            "averageDailyVolume3Month": 6956204,
            "averageDailyVolume10Day": 15604600,
            "fiftyTwoWeekLowChange": 157.030000000000001136868377216160297393798828125,
            "fiftyTwoWeekLowChangePercent": 1.362043499999999962568608680157922208309173583984375,
            "fiftyTwoWeekRange": "115.29 - 277.97",
            "fiftyTwoWeekHighChange": -5.64999400000000040478198570781387388706207275390625,
            "fiftyTwoWeekHighChangePercent": -0.02032591200000000153380597112118266522884368896484375,
            "fiftyTwoWeekLow": 115.2900000000000062527760746888816356658935546875,
            "fiftyTwoWeekHigh": 277.970000000000027284841053187847137451171875,
            "earningsTimestamp": 1598371504,
            "earningsTimestampStart": 1598371504,
            "earningsTimestampEnd": 1598371504,
            "marketState": "PRE",
            "epsTrailingTwelveMonths": -0.194000000000000005773159728050814010202884674072265625,
            "epsForward": 3.720000000000000195399252334027551114559173583984375,
            "epsCurrentYear": 3.62000000000000010658141036401502788066864013671875,
            "priceEpsCurrentYear": 75.2265239999999977271727402694523334503173828125,
            "sharesOutstanding": 901000000,
            "bookValue": 38.44800000000000039790393202565610408782958984375,
            "fiftyDayAverage": 198.894730000000009795257938094437122344970703125,
            "fiftyDayAverageChange": 73.4252800000000007685230229981243610382080078125,
            "fiftyDayAverageChangePercent": 0.369166519999999998002948586872662417590618133544921875,
            "twoHundredDayAverage": 176.06662000000000034560798667371273040771484375,
            "twoHundredDayAverageChange": 96.253389999999996007318259216845035552978515625,
            "twoHundredDayAverageChangePercent": 0.54668729999999998714343973915674723684787750244140625,
            "regularMarketChangePercent": 26.0448990000000009104041964747011661529541015625,
            "displayName": "Salesforce.com",
            "symbol": "CRM"
        },
        {
            "language": "en-US",
            "region": "US",
            "quoteType": "EQUITY",
            "quoteSourceName": "Delayed Quote",
            "triggerable": false,
            "currency": "USD",
            "priceHint": 2,
            "marketCap": 7997950976,
            "forwardPE": -187.580639999999988276613294146955013275146484375,
            "priceToBook": 28.42130999999999829697117093019187450408935546875,
            "sourceInterval": 15,
            "exchangeDataDelayedBy": 0,
            "exchangeTimezoneName": "America/New_York",
            "exchangeTimezoneShortName": "EDT",
            "gmtOffSetMilliseconds": -14400000,
            "esgPopulated": false,
            "tradeable": true,
            "firstTradeDateMilliseconds": 1539351000000,
            "preMarketChange": 0,
            "preMarketChangePercent": 0,
            "preMarketTime": 1598517757,
            "preMarketPrice": 58.14999999999999857891452847979962825775146484375,
            "regularMarketChange": 10.33000200000000035061020753346383571624755859375,
            "regularMarketTime": 1598472301,
            "regularMarketPrice": 58.14999999999999857891452847979962825775146484375,
            "regularMarketDayHigh": 62.38000000000000255795384873636066913604736328125,
            "regularMarketDayRange": "57.5006 - 62.38",
            "regularMarketDayLow": 57.50059999999999860165189602412283420562744140625,
            "regularMarketVolume": 15177952,
            "regularMarketPreviousClose": 47.82000000000000028421709430404007434844970703125,
            "bid": 0,
            "ask": 62.2000000000000028421709430404007434844970703125,
            "bidSize": 8,
            "askSize": 8,
            "exchange": "NYQ",
            "market": "us_market",
            "messageBoardId": "finmb_127436489",
            "fullExchangeName": "NYSE",
            "shortName": "Anaplan, Inc.",
            "longName": "Anaplan, Inc.",
            "financialCurrency": "USD",
            "regularMarketOpen": 58.7000000000000028421709430404007434844970703125,
            "averageDailyVolume3Month": 2842084,
            "averageDailyVolume10Day": 4251587,
            "fiftyTwoWeekLowChange": 32.1099999999999994315658113919198513031005859375,
            "fiftyTwoWeekLowChangePercent": 1.233102900000000001767830326571129262447357177734375,
            "fiftyTwoWeekRange": "26.04 - 63.71",
            "fiftyTwoWeekHighChange": -5.55999759999999998427711034310050308704376220703125,
            "fiftyTwoWeekHighChangePercent": -0.08727041000000000658953780430238111875951290130615234375,
            "fiftyTwoWeekLow": 26.03999999999999914734871708787977695465087890625,
            "fiftyTwoWeekHigh": 63.71000000000000085265128291212022304534912109375,
            "earningsTimestamp": 1598427000,
            "earningsTimestampStart": 1605792600,
            "earningsTimestampEnd": 1606138200,
            "marketState": "PRE",
            "epsTrailingTwelveMonths": -1.1390000000000000124344978758017532527446746826171875,
            "epsForward": -0.309999999999999997779553950749686919152736663818359375,
            "epsCurrentYear": -0.40000000000000002220446049250313080847263336181640625,
            "priceEpsCurrentYear": -145.375,
            "sharesOutstanding": 137540000,
            "bookValue": 2.045999999999999818811602381174452602863311767578125,
            "fiftyDayAverage": 46.46333299999999866258804104290902614593505859375,
            "fiftyDayAverageChange": 11.6866679999999991679260347154922783374786376953125,
            "fiftyDayAverageChangePercent": 0.25152454000000001865799958977731876075267791748046875,
            "twoHundredDayAverage": 43.919567000000000689396983943879604339599609375,
            "twoHundredDayAverageChange": 14.2304340000000006938307706150226294994354248046875,
            "twoHundredDayAverageChangePercent": 0.324011270000000017876828906082664616405963897705078125,
            "regularMarketChangePercent": 21.601845000000000851514414534904062747955322265625,
            "displayName": "Anaplan",
            "symbol": "PLAN"
        },
        {
            "language": "en-US",
            "region": "US",
            "quoteType": "EQUITY",
            "quoteSourceName": "Nasdaq Real Time Price",
            "triggerable": true,
            "currency": "USD",
            "priceHint": 2,
            "marketCap": 2468934912,
            "forwardPE": 15.586420000000000385398379876278340816497802734375,
            "priceToBook": 1.8279881000000000046412651499849744141101837158203125,
            "sourceInterval": 15,
            "exchangeDataDelayedBy": 0,
            "exchangeTimezoneName": "America/New_York",
            "exchangeTimezoneShortName": "EDT",
            "gmtOffSetMilliseconds": -14400000,
            "esgPopulated": false,
            "tradeable": true,
            "firstTradeDateMilliseconds": 752855400000,
            "regularMarketChange": 4.4500010000000003174136509187519550323486328125,
            "regularMarketTime": 1598472001,
            "regularMarketPrice": 25.25,
            "regularMarketDayHigh": 26.893899999999998584598870365880429744720458984375,
            "regularMarketDayRange": "24.56 - 26.8939",
            "regularMarketDayLow": 24.559999999999998721023075631819665431976318359375,
            "regularMarketVolume": 15627066,
            "regularMarketPreviousClose": 20.800000000000000710542735760100185871124267578125,
            "bid": 0,
            "ask": 26,
            "bidSize": 9,
            "askSize": 9,
            "exchange": "NMS",
            "market": "us_market",
            "messageBoardId": "finmb_330706",
            "fullExchangeName": "NasdaqGS",
            "shortName": "Urban Outfitters, Inc.",
            "longName": "Urban Outfitters, Inc.",
            "financialCurrency": "USD",
            "regularMarketOpen": 24.995000000000000994759830064140260219573974609375,
            "averageDailyVolume3Month": 2616647,
            "averageDailyVolume10Day": 4154762,
            "fiftyTwoWeekLowChange": 12.9700000000000006394884621840901672840118408203125,
            "fiftyTwoWeekLowChangePercent": 1.0561890000000000444657644038670696318149566650390625,
            "fiftyTwoWeekRange": "12.28 - 31.41",
            "fiftyTwoWeekHighChange": -6.160000000000000142108547152020037174224853515625,
            "fiftyTwoWeekHighChangePercent": -0.1961158799999999924335014611642691306769847869873046875,
            "fiftyTwoWeekLow": 12.2799999999999993605115378159098327159881591796875,
            "fiftyTwoWeekHigh": 31.410000000000000142108547152020037174224853515625,
            "earningsTimestamp": 1606165200,
            "earningsTimestampStart": 1606165200,
            "earningsTimestampEnd": 1606165200,
            "marketState": "PRE",
            "epsTrailingTwelveMonths": -0.295999999999999985345056074947933666408061981201171875,
            "epsForward": 1.62000000000000010658141036401502788066864013671875,
            "epsCurrentYear": -0.56999999999999995115018691649311222136020660400390625,
            "priceEpsCurrentYear": -44.2982439999999968449628795497119426727294921875,
            "sharesOutstanding": 97779600,
            "bookValue": 13.8130000000000006110667527536861598491668701171875,
            "fiftyDayAverage": 17.981387999999999038891473901458084583282470703125,
            "fiftyDayAverageChange": 7.26861200000000007293010639841668307781219482421875,
            "fiftyDayAverageChangePercent": 0.404229730000000009315641591456369496881961822509765625,
            "twoHundredDayAverage": 18.2246039999999993597157299518585205078125,
            "twoHundredDayAverageChange": 7.02539629999999970522139847162179648876190185546875,
            "twoHundredDayAverageChangePercent": 0.38548967000000000648896048005553893744945526123046875,
            "regularMarketChangePercent": 21.39423599999999936471795081160962581634521484375,
            "displayName": "Urban Outfitters",
            "symbol": "URBN"
        },
        {
            "language": "en-US",
            "region": "US",
            "quoteType": "EQUITY",
            "quoteSourceName": "Delayed Quote",
            "triggerable": true,
            "currency": "USD",
            "priceHint": 2,
            "marketCap": 2801795072,
            "forwardPE": 1235.000099999999974897946231067180633544921875,
            "priceToBook": 3.596388999999999835921471458277665078639984130859375,
            "sourceInterval": 15,
            "exchangeDataDelayedBy": 0,
            "exchangeTimezoneName": "America/New_York",
            "exchangeTimezoneShortName": "EDT",
            "gmtOffSetMilliseconds": -14400000,
            "esgPopulated": false,
            "tradeable": true,
            "firstTradeDateMilliseconds": 1303392600000,
            "preMarketChange": -0.2000007599999999996498445398174226284027099609375,
            "preMarketChangePercent": -0.809719700000000042194869820377789437770843505859375,
            "preMarketTime": 1598517041,
            "preMarketPrice": 24.5,
            "regularMarketChange": 3.610000599999999781886117489193566143512725830078125,
            "regularMarketTime": 1598472002,
            "regularMarketPrice": 24.699999999999999289457264239899814128875732421875,
            "regularMarketDayHigh": 24.980000000000000426325641456060111522674560546875,
            "regularMarketDayRange": "21.05 - 24.98",
            "regularMarketDayLow": 21.050000000000000710542735760100185871124267578125,
            "regularMarketVolume": 13411355,
            "regularMarketPreviousClose": 21.089999999999999857891452847979962825775146484375,
            "bid": 0,
            "ask": 0,
            "bidSize": 10,
            "askSize": 8,
            "exchange": "NMS",
            "market": "us_market",
            "messageBoardId": "finmb_129459462",
            "fullExchangeName": "NasdaqGS",
            "shortName": "21Vianet Group, Inc.",
            "longName": "21Vianet Group, Inc.",
            "financialCurrency": "CNY",
            "regularMarketOpen": 21.39999999999999857891452847979962825775146484375,
            "averageDailyVolume3Month": 1826009,
            "averageDailyVolume10Day": 3159725,
            "fiftyTwoWeekLowChange": 18.390001000000001596390575286932289600372314453125,
            "fiftyTwoWeekLowChangePercent": 2.914421799999999951324980429490096867084503173828125,
            "fiftyTwoWeekRange": "6.31 - 30.44",
            "fiftyTwoWeekHighChange": -5.7400000000000002131628207280300557613372802734375,
            "fiftyTwoWeekHighChangePercent": -0.1885676699999999927914728914402076043188571929931640625,
            "fiftyTwoWeekLow": 6.30999999999999960920149533194489777088165283203125,
            "fiftyTwoWeekHigh": 30.440000000000001278976924368180334568023681640625,
            "earningsTimestamp": 1597840200,
            "earningsTimestampStart": 1605524340,
            "earningsTimestampEnd": 1605873600,
            "trailingPE": 32.2454340000000030386217986233532428741455078125,
            "marketState": "PRE",
            "epsTrailingTwelveMonths": 0.7660000000000000142108547152020037174224853515625,
            "epsForward": 0.0200000000000000004163336342344337026588618755340576171875,
            "epsCurrentYear": -0.560000000000000053290705182007513940334320068359375,
            "priceEpsCurrentYear": -44.10714300000000065438143792562186717987060546875,
            "sharesOutstanding": 113433000,
            "bookValue": 6.8680000000000003268496584496460855007171630859375,
            "fiftyDayAverage": 23.918333000000000509999154019169509410858154296875,
            "fiftyDayAverageChange": 0.78166769999999996532125123849255032837390899658203125,
            "fiftyDayAverageChangePercent": 0.032680694000000003185402164262995938770473003387451171875,
            "twoHundredDayAverage": 17.8751800000000002910383045673370361328125,
            "twoHundredDayAverageChange": 6.82482149999999965217511999071575701236724853515625,
            "twoHundredDayAverageChangePercent": 0.381804379999999998762660879947361536324024200439453125,
            "regularMarketChangePercent": 17.1171199999999998908606357872486114501953125,
            "displayName": "21Vianet",
            "symbol": "VNET"
        },
        {
            "language": "en-US",
            "region": "US",
            "quoteType": "EQUITY",
            "quoteSourceName": "Delayed Quote",
            "triggerable": false,
            "currency": "USD",
            "priceHint": 2,
            "marketCap": 4816736768,
            "forwardPE": 14.3599999999999994315658113919198513031005859375,
            "priceToBook": 2.708752599999999954860641082632355391979217529296875,
            "sourceInterval": 15,
            "exchangeDataDelayedBy": 0,
            "exchangeTimezoneName": "America/New_York",
            "exchangeTimezoneShortName": "EDT",
            "gmtOffSetMilliseconds": -14400000,
            "esgPopulated": false,
            "tradeable": true,
            "firstTradeDateMilliseconds": 1034775000000,
            "preMarketChange": 0.179996490000000008979696985988994129002094268798828125,
            "preMarketChangePercent": 0.33338856999999999519701532335602678358554840087890625,
            "preMarketTime": 1598517142,
            "preMarketPrice": 54.1700000000000017053025658242404460906982421875,
            "regularMarketChange": 7.180000299999999668898453819565474987030029296875,
            "regularMarketTime": 1598472001,
            "regularMarketPrice": 53.85000000000000142108547152020037174224853515625,
            "regularMarketDayHigh": 54.5,
            "regularMarketDayRange": "50.4775 - 54.5",
            "regularMarketDayLow": 50.47749999999999914734871708787977695465087890625,
            "regularMarketVolume": 19303257,
            "regularMarketPreviousClose": 46.6700000000000017053025658242404460906982421875,
            "bid": 0,
            "ask": 0,
            "bidSize": 8,
            "askSize": 9,
            "exchange": "NYQ",
            "market": "us_market",
            "messageBoardId": "finmb_27561",
            "fullExchangeName": "NYSE",
            "shortName": "Dick's Sporting Goods Inc",
            "longName": "DICK'S Sporting Goods, Inc.",
            "financialCurrency": "USD",
            "regularMarketOpen": 53.60000000000000142108547152020037174224853515625,
            "averageDailyVolume3Month": 2739936,
            "averageDailyVolume10Day": 4561525,
            "fiftyTwoWeekLowChange": 40.3900000000000005684341886080801486968994140625,
            "fiftyTwoWeekLowChangePercent": 3.00074299999999993815436027944087982177734375,
            "fiftyTwoWeekRange": "13.46 - 54.5",
            "fiftyTwoWeekHighChange": -0.65000150000000000982680603556218557059764862060546875,
            "fiftyTwoWeekHighChangePercent": -0.01192663300000000071998673689677161746658384799957275390625,
            "fiftyTwoWeekLow": 13.46000000000000085265128291212022304534912109375,
            "fiftyTwoWeekHigh": 54.5,
            "dividendDate": 1593475200,
            "earningsTimestamp": 1598427006,
            "earningsTimestampStart": 1606224600,
            "earningsTimestampEnd": 1606743000,
            "trailingAnnualDividendRate": 1.137000000000000010658141036401502788066864013671875,
            "trailingPE": 48.12332500000000123918653116561472415924072265625,
            "trailingAnnualDividendYield": 0.02436254499999999934001237988923094235360622406005859375,
            "marketState": "PRE",
            "epsTrailingTwelveMonths": 1.1189999999999999946709294817992486059665679931640625,
            "epsForward": 3.75,
            "epsCurrentYear": 1.100000000000000088817841970012523233890533447265625,
            "priceEpsCurrentYear": 48.95454399999999850479071028530597686767578125,
            "sharesOutstanding": 65156200,
            "bookValue": 19.879999999999999005240169935859739780426025390625,
            "fiftyDayAverage": 44.56971999999999667352312826551496982574462890625,
            "fiftyDayAverageChange": 9.2802769999999998873363438178785145282745361328125,
            "fiftyDayAverageChangePercent": 0.2082193200000000132821043052899767644703388214111328125,
            "twoHundredDayAverage": 35.42546999999999712827047915197908878326416015625,
            "twoHundredDayAverageChange": 18.424530000000000740101313567720353603363037109375,
            "twoHundredDayAverageChangePercent": 0.520092800000000021753976398031227290630340576171875,
            "regularMarketChangePercent": 15.3846159999999994028030414483509957790374755859375,
            "displayName": "Dick's Sporting Goods",
            "symbol": "DKS"
        },
        {
            "language": "en-US",
            "region": "US",
            "quoteType": "EQUITY",
            "quoteSourceName": "Delayed Quote",
            "triggerable": false,
            "currency": "USD",
            "priceHint": 2,
            "marketCap": 24210364416,
            "forwardPE": -41.7142869999999987840055837295949459075927734375,
            "priceToBook": 3.362948400000000059861804402316920459270477294921875,
            "sourceInterval": 15,
            "exchangeDataDelayedBy": 0,
            "exchangeTimezoneName": "America/New_York",
            "exchangeTimezoneShortName": "EDT",
            "gmtOffSetMilliseconds": -14400000,
            "prevName": "NIO Inc.",
            "nameChangeDate": "2020-08-26",
            "esgPopulated": false,
            "tradeable": true,
            "firstTradeDateMilliseconds": 1536759000000,
            "preMarketChange": -1.0500011000000000205290007215808145701885223388671875,
            "preMarketChangePercent": -5.13699200000000022470203475677408277988433837890625,
            "preMarketTime": 1598522131,
            "preMarketPrice": 19.3900000000000005684341886080801486968994140625,
            "regularMarketChange": 2.60000039999999987827550285146571695804595947265625,
            "regularMarketTime": 1598472312,
            "regularMarketPrice": 20.440000000000001278976924368180334568023681640625,
            "regularMarketDayHigh": 20.969999999999998863131622783839702606201171875,
            "regularMarketDayRange": "18.56 - 20.97",
            "regularMarketDayLow": 18.559999999999998721023075631819665431976318359375,
            "regularMarketVolume": 357963809,
            "regularMarketPreviousClose": 17.839999999999999857891452847979962825775146484375,
            "bid": 19.8299999999999982946974341757595539093017578125,
            "ask": 0,
            "bidSize": 11,
            "askSize": 29,
            "exchange": "NYQ",
            "market": "us_market",
            "messageBoardId": "finmb_311626862",
            "fullExchangeName": "NYSE",
            "shortName": "NIO Inc.",
            "longName": "NIO Limited",
            "financialCurrency": "CNY",
            "regularMarketOpen": 19.010000000000001563194018672220408916473388671875,
            "averageDailyVolume3Month": 130377409,
            "averageDailyVolume10Day": 133753350,
            "fiftyTwoWeekLowChange": 19.25,
            "fiftyTwoWeekLowChangePercent": 16.176469999999998350403984659351408481597900390625,
            "fiftyTwoWeekRange": "1.19 - 20.97",
            "fiftyTwoWeekHighChange": -0.529998799999999992138555171550251543521881103515625,
            "fiftyTwoWeekHighChangePercent": -0.025274143999999998388972244356409646570682525634765625,
            "fiftyTwoWeekLow": 1.189999999999999946709294817992486059665679931640625,
            "fiftyTwoWeekHigh": 20.969999999999998863131622783839702606201171875,
            "dividendDate": 1462147200,
            "earningsTimestamp": 1590669000,
            "earningsTimestampStart": 1590669000,
            "earningsTimestampEnd": 1590669000,
            "marketState": "PRE",
            "epsTrailingTwelveMonths": -44.10199999999999675992512493394315242767333984375,
            "epsForward": -0.4899999999999999911182158029987476766109466552734375,
            "epsCurrentYear": -0.70999999999999996447286321199499070644378662109375,
            "priceEpsCurrentYear": -28.788734000000001600483301444910466670989990234375,
            "sharesOutstanding": 1184460032,
            "bookValue": 6.07800000000000029132252166164107620716094970703125,
            "fiftyDayAverage": 13.604444499999999607098288834095001220703125,
            "fiftyDayAverageChange": 6.835556000000000409499989473260939121246337890625,
            "fiftyDayAverageChangePercent": 0.5024501999999999579671339233755134046077728271484375,
            "twoHundredDayAverage": 6.71352529999999969589907777844928205013275146484375,
            "twoHundredDayAverageChange": 13.72647500000000064801497501321136951446533203125,
            "twoHundredDayAverageChangePercent": 2.044600200000000089772811406874097883701324462890625,
            "regularMarketChangePercent": 14.5739929999999997534132489818148314952850341796875,
            "displayName": "NIO",
            "symbol": "NIO"
        },
        {
            "language": "en-US",
            "region": "US",
            "quoteType": "EQUITY",
            "quoteSourceName": "Nasdaq Real Time Price",
            "triggerable": false,
            "currency": "USD",
            "priceHint": 2,
            "marketCap": 2279057152,
            "forwardPE": 1615.500099999999974897946231067180633544921875,
            "priceToBook": 16.050670000000000214868123293854296207427978515625,
            "sourceInterval": 15,
            "exchangeDataDelayedBy": 0,
            "exchangeTimezoneName": "America/New_York",
            "exchangeTimezoneShortName": "EDT",
            "gmtOffSetMilliseconds": -14400000,
            "esgPopulated": false,
            "tradeable": true,
            "firstTradeDateMilliseconds": 1405690200000,
            "regularMarketChange": 7.300003000000000241698216996155679225921630859375,
            "regularMarketTime": 1598472002,
            "regularMarketPrice": 64.6200000000000045474735088646411895751953125,
            "regularMarketDayHigh": 68.2900000000000062527760746888816356658935546875,
            "regularMarketDayRange": "63.73 - 68.29",
            "regularMarketDayLow": 63.72999999999999687361196265555918216705322265625,
            "regularMarketVolume": 2047756,
            "regularMarketPreviousClose": 57.32000000000000028421709430404007434844970703125,
            "bid": 0,
            "ask": 65.7399999999999948840923025272786617279052734375,
            "bidSize": 8,
            "askSize": 8,
            "exchange": "NGM",
            "market": "us_market",
            "messageBoardId": "finmb_40255796",
            "fullExchangeName": "NasdaqGM",
            "shortName": "Trupanion, Inc.",
            "longName": "Trupanion, Inc.",
            "financialCurrency": "USD",
            "regularMarketOpen": 64.7399999999999948840923025272786617279052734375,
            "averageDailyVolume3Month": 490444,
            "averageDailyVolume10Day": 482550,
            "fiftyTwoWeekLowChange": 43.78000300000000066802385845221579074859619140625,
            "fiftyTwoWeekLowChangePercent": 2.10076790000000013236558515927754342555999755859375,
            "fiftyTwoWeekRange": "20.84 - 77.0",
            "fiftyTwoWeekHighChange": -12.379996999999999474084688699804246425628662109375,
            "fiftyTwoWeekHighChangePercent": -0.1607791799999999937664796334502170793712139129638671875,
            "fiftyTwoWeekLow": 20.839999999999999857891452847979962825775146484375,
            "fiftyTwoWeekHigh": 77,
            "earningsTimestamp": 1596557112,
            "earningsTimestampStart": 1604437200,
            "earningsTimestampEnd": 1604955600,
            "trailingPE": 1404.782699999999977080733515322208404541015625,
            "marketState": "PRE",
            "epsTrailingTwelveMonths": 0.04599999999999999922284388276239042170345783233642578125,
            "epsForward": 0.040000000000000000832667268468867405317723751068115234375,
            "epsCurrentYear": -0.059999999999999997779553950749686919152736663818359375,
            "priceEpsCurrentYear": -1077.000099999999974897946231067180633544921875,
            "sharesOutstanding": 35268600,
            "bookValue": 4.025999999999999801048033987171947956085205078125,
            "fiftyDayAverage": 55.12833400000000239060682361014187335968017578125,
            "fiftyDayAverageChange": 9.4916689999999999116653270903043448925018310546875,
            "fiftyDayAverageChangePercent": 0.1721740499999999951530327280124765820801258087158203125,
            "twoHundredDayAverage": 37.9213299999999975398168317042291164398193359375,
            "twoHundredDayAverageChange": 26.6986729999999994333848007954657077789306640625,
            "twoHundredDayAverageChangePercent": 0.704054240000000053356643547886051237583160400390625,
            "regularMarketChangePercent": 12.7355250000000008725464795134030282497406005859375,
            "displayName": "Trupanion",
            "symbol": "TRUP"
        },
        {
            "language": "en-US",
            "region": "US",
            "quoteType": "EQUITY",
            "quoteSourceName": "Nasdaq Real Time Price",
            "triggerable": true,
            "currency": "USD",
            "priceHint": 2,
            "marketCap": 241468964864,
            "forwardPE": 62.21932000000000329009708366356790065765380859375,
            "priceToBook": 25.868373999999999313104126485995948314666748046875,
            "sourceInterval": 15,
            "exchangeDataDelayedBy": 0,
            "exchangeTimezoneName": "America/New_York",
            "exchangeTimezoneShortName": "EDT",
            "gmtOffSetMilliseconds": -14400000,
            "esgPopulated": false,
            "tradeable": true,
            "firstTradeDateMilliseconds": 1022160600000,
            "preMarketChange": -6.3300169999999997827444531139917671680450439453125,
            "preMarketChangePercent": -1.1561041000000000789071918916306458413600921630859375,
            "preMarketTime": 1598521863,
            "preMarketPrice": 541.200000000000045474735088646411895751953125,
            "regularMarketChange": 56.95004300000000085901774582453072071075439453125,
            "regularMarketTime": 1598472001,
            "regularMarketPrice": 547.529999999999972715158946812152862548828125,
            "regularMarketDayHigh": 549,
            "regularMarketDayRange": "492.075 - 549.0",
            "regularMarketDayLow": 492.07499999999998863131622783839702606201171875,
            "regularMarketVolume": 19980811,
            "regularMarketPreviousClose": 490.57999999999998408384271897375583648681640625,
            "bid": 0,
            "ask": 540,
            "bidSize": 30,
            "askSize": 30,
            "exchange": "NMS",
            "market": "us_market",
            "messageBoardId": "finmb_32012",
            "fullExchangeName": "NasdaqGS",
            "shortName": "Netflix, Inc.",
            "longName": "Netflix, Inc.",
            "financialCurrency": "USD",
            "regularMarketOpen": 492.5,
            "averageDailyVolume3Month": 7210560,
            "averageDailyVolume10Day": 6122062,
            "fiftyTwoWeekLowChange": 295.25002999999998110070009715855121612548828125,
            "fiftyTwoWeekLowChangePercent": 1.170326699999999942036765787634067237377166748046875,
            "fiftyTwoWeekRange": "252.28 - 575.37",
            "fiftyTwoWeekHighChange": -27.839966000000000434511093772016465663909912109375,
            "fiftyTwoWeekHighChangePercent": -0.048386197999999998320408423069238779135048389434814453125,
            "fiftyTwoWeekLow": 252.280000000000001136868377216160297393798828125,
            "fiftyTwoWeekHigh": 575.3700000000000045474735088646411895751953125,
            "earningsTimestamp": 1594915201,
            "earningsTimestampStart": 1602691200,
            "earningsTimestampEnd": 1603137600,
            "trailingPE": 92.456950000000006184563972055912017822265625,
            "marketState": "PRE",
            "epsTrailingTwelveMonths": 5.92199999999999970867747833835892379283905029296875,
            "epsForward": 8.800000000000000710542735760100185871124267578125,
            "epsCurrentYear": 6.17999999999999971578290569595992565155029296875,
            "priceEpsCurrentYear": 88.5970899999999943474904284812510013580322265625,
            "sharesOutstanding": 441015008,
            "bookValue": 21.166000000000000369482222595252096652984619140625,
            "fiftyDayAverage": 497.68945000000002210072125308215618133544921875,
            "fiftyDayAverageChange": 49.84057599999999865758582018315792083740234375,
            "fiftyDayAverageChangePercent": 0.100143923999999995277931930104386992752552032470703125,
            "twoHundredDayAverage": 429.270080000000007203198038041591644287109375,
            "twoHundredDayAverageChange": 118.2599500000000034560798667371273040771484375,
            "twoHundredDayAverageChangePercent": 0.275490799999999980141041078240959905087947845458984375,
            "regularMarketChangePercent": 11.6087170000000003966533768107183277606964111328125,
            "displayName": "Netflix",
            "symbol": "NFLX"
        },
        {
            "language": "en-US",
            "region": "US",
            "quoteType": "EQUITY",
            "quoteSourceName": "Delayed Quote",
            "triggerable": false,
            "currency": "USD",
            "priceHint": 2,
            "marketCap": 6234054144,
            "forwardPE": 2.07974119999999995656025930657051503658294677734375,
            "priceToBook": 0.46981496000000000368146402252023108303546905517578125,
            "sourceInterval": 15,
            "exchangeDataDelayedBy": 0,
            "exchangeTimezoneName": "America/New_York",
            "exchangeTimezoneShortName": "EDT",
            "gmtOffSetMilliseconds": -14400000,
            "esgPopulated": false,
            "tradeable": true,
            "firstTradeDateMilliseconds": 1096291800000,
            "preMarketChange": 0.25,
            "preMarketChangePercent": 2.590673699999999968213160173036158084869384765625,
            "preMarketTime": 1598520807,
            "preMarketPrice": 9.9000000000000003552713678800500929355621337890625,
            "regularMarketChange": 0.97999954000000000231551666729501448571681976318359375,
            "regularMarketTime": 1598472001,
            "regularMarketPrice": 9.6500000000000003552713678800500929355621337890625,
            "regularMarketDayHigh": 9.7400000000000002131628207280300557613372802734375,
            "regularMarketDayRange": "9.25 - 9.74",
            "regularMarketDayLow": 9.25,
            "regularMarketVolume": 5537888,
            "regularMarketPreviousClose": 8.6699999999999999289457264239899814128875732421875,
            "bid": 9.550000000000000710542735760100185871124267578125,
            "ask": 0,
            "bidSize": 8,
            "askSize": 32,
            "exchange": "NYQ",
            "market": "us_market",
            "messageBoardId": "finmb_874652",
            "fullExchangeName": "NYSE",
            "shortName": "Tata Motors Ltd Tata Motors Lim",
            "longName": "Tata Motors Limited",
            "financialCurrency": "INR",
            "regularMarketOpen": 9.269999999999999573674358543939888477325439453125,
            "averageDailyVolume3Month": 2424184,
            "averageDailyVolume10Day": 1629637,
            "fiftyTwoWeekLowChange": 5.7299994999999999123474481166340410709381103515625,
            "fiftyTwoWeekLowChangePercent": 1.461734499999999936648009679629467427730560302734375,
            "fiftyTwoWeekRange": "3.92 - 14.03",
            "fiftyTwoWeekHighChange": -4.37999999999999989341858963598497211933135986328125,
            "fiftyTwoWeekHighChangePercent": -0.312188179999999981806269033768330700695514678955078125,
            "fiftyTwoWeekLow": 3.9199999999999999289457264239899814128875732421875,
            "fiftyTwoWeekHigh": 14.0299999999999993605115378159098327159881591796875,
            "dividendDate": 1472428800,
            "trailingAnnualDividendRate": 0.003000000000000000062450045135165055398829281330108642578125,
            "trailingPE": 4.98707999999999973539388520293869078159332275390625,
            "trailingAnnualDividendYield": 0.00034602077000000001048840569950471035554073750972747802734375,
            "marketState": "PRE",
            "epsTrailingTwelveMonths": 1.935000000000000053290705182007513940334320068359375,
            "epsForward": 4.63999999999999968025576890795491635799407958984375,
            "sharesOutstanding": 719494976,
            "bookValue": 20.53999999999999914734871708787977695465087890625,
            "fiftyDayAverage": 7.64444449999999964262542562210001051425933837890625,
            "fiftyDayAverageChange": 2.005555199999999871351974434219300746917724609375,
            "fiftyDayAverageChangePercent": 0.26235459999999999336495193347218446433544158935546875,
            "twoHundredDayAverage": 6.8417989999999999639612724422477185726165771484375,
            "twoHundredDayAverageChange": 2.8082007999999998304474502219818532466888427734375,
            "twoHundredDayAverageChangePercent": 0.41044775000000000009237055564881302416324615478515625,
            "regularMarketChangePercent": 11.3033389999999993591472957632504403591156005859375,
            "displayName": "Tata Motors",
            "symbol": "TTM"
        },
        {
            "language": "en-US",
            "region": "US",
            "quoteType": "EQUITY",
            "quoteSourceName": "Delayed Quote",
            "triggerable": true,
            "currency": "USD",
            "priceHint": 2,
            "marketCap": 20487030784,
            "forwardPE": -153.532700000000005502442945726215839385986328125,
            "priceToBook": 20.15211000000000041154635255225002765655517578125,
            "sourceInterval": 15,
            "exchangeDataDelayedBy": 0,
            "exchangeTimezoneName": "America/New_York",
            "exchangeTimezoneShortName": "EDT",
            "gmtOffSetMilliseconds": -14400000,
            "esgPopulated": false,
            "tradeable": true,
            "firstTradeDateMilliseconds": 1506605400000,
            "preMarketChange": -0.56999206999999996181571759734652005136013031005859375,
            "preMarketChangePercent": -0.346963760000000009942056067302473820745944976806640625,
            "preMarketTime": 1598516625,
            "preMarketPrice": 163.710000000000007958078640513122081756591796875,
            "regularMarketChange": 16.509994999999999976125764078460633754730224609375,
            "regularMarketTime": 1598472001,
            "regularMarketPrice": 164.280000000000001136868377216160297393798828125,
            "regularMarketDayHigh": 167.16640000000001009539118967950344085693359375,
            "regularMarketDayRange": "151.1301 - 167.1664",
            "regularMarketDayLow": 151.130099999999998772182152606546878814697265625,
            "regularMarketVolume": 17714783,
            "regularMarketPreviousClose": 147.770000000000010231815394945442676544189453125,
            "bid": 163.509999999999990905052982270717620849609375,
            "ask": 164,
            "bidSize": 8,
            "askSize": 9,
            "exchange": "NMS",
            "market": "us_market",
            "messageBoardId": "finmb_8690249",
            "fullExchangeName": "NasdaqGS",
            "shortName": "Roku, Inc.",
            "longName": "Roku, Inc.",
            "financialCurrency": "USD",
            "regularMarketOpen": 151.6100000000000136424205265939235687255859375,
            "averageDailyVolume3Month": 9427364,
            "averageDailyVolume10Day": 6105787,
            "fiftyTwoWeekLowChange": 106.06000000000000227373675443232059478759765625,
            "fiftyTwoWeekLowChangePercent": 1.8217106999999999050743326733936555683612823486328125,
            "fiftyTwoWeekRange": "58.22 - 176.55",
            "fiftyTwoWeekHighChange": -12.270004000000000132786226458847522735595703125,
            "fiftyTwoWeekHighChangePercent": -0.069498749999999998028243908265721984207630157470703125,
            "fiftyTwoWeekLow": 58.219999999999998863131622783839702606201171875,
            "fiftyTwoWeekHigh": 176.55000000000001136868377216160297393798828125,
            "earningsTimestamp": 1596643440,
            "earningsTimestampStart": 1604523600,
            "earningsTimestampEnd": 1604955600,
            "marketState": "PRE",
            "epsTrailingTwelveMonths": -1.1599999999999999200639422269887290894985198974609375,
            "epsForward": -1.0700000000000000621724893790087662637233734130859375,
            "epsCurrentYear": -1.4499999999999999555910790149937383830547332763671875,
            "priceEpsCurrentYear": -113.296549999999996316546457819640636444091796875,
            "sharesOutstanding": 105891000,
            "bookValue": 8.1519999999999992468247000942938029766082763671875,
            "fiftyDayAverage": 151.521940000000000736690708436071872711181640625,
            "fiftyDayAverageChange": 12.75805700000000086902218754403293132781982421875,
            "fiftyDayAverageChangePercent": 0.08419939999999999369340031307729077525436878204345703125,
            "twoHundredDayAverage": 121.5680540000000036116034607402980327606201171875,
            "twoHundredDayAverageChange": 42.7119450000000000500222085975110530853271484375,
            "twoHundredDayAverageChangePercent": 0.35134184000000001635299895497155375778675079345703125,
            "regularMarketChangePercent": 11.1727650000000000574118530494160950183868408203125,
            "displayName": "Roku",
            "symbol": "ROKU"
        },
        {
            "language": "en-US",
            "region": "US",
            "quoteType": "EQUITY",
            "quoteSourceName": "Delayed Quote",
            "triggerable": false,
            "currency": "USD",
            "priceHint": 2,
            "marketCap": 62504251392,
            "priceToBook": 5.45302720000000018529817680246196687221527099609375,
            "sourceInterval": 15,
            "exchangeDataDelayedBy": 0,
            "exchangeTimezoneName": "America/New_York",
            "exchangeTimezoneShortName": "EDT",
            "gmtOffSetMilliseconds": -14400000,
            "esgPopulated": false,
            "tradeable": true,
            "firstTradeDateMilliseconds": 1535376600000,
            "regularMarketChange": 1.300000199999999939137751425732858479022979736328125,
            "regularMarketTime": 1598471944,
            "regularMarketPrice": 13.0600000000000004973799150320701301097869873046875,
            "regularMarketDayHigh": 13.4399999999999995026200849679298698902130126953125,
            "regularMarketDayRange": "12.09 - 13.44",
            "regularMarketDayLow": 12.089999999999999857891452847979962825775146484375,
            "regularMarketVolume": 224449,
            "regularMarketPreviousClose": 11.7599999999999997868371792719699442386627197265625,
            "bid": 0,
            "ask": 0,
            "bidSize": 0,
            "askSize": 0,
            "exchange": "PNK",
            "market": "us_market",
            "messageBoardId": "finmb_320396288",
            "fullExchangeName": "Other OTC",
            "shortName": "XIAOMI CORPORATION",
            "longName": "Xiaomi Corporation",
            "financialCurrency": "CNY",
            "regularMarketOpen": 12.3699999999999992184029906638897955417633056640625,
            "averageDailyVolume3Month": 97237,
            "averageDailyVolume10Day": 122601,
            "fiftyTwoWeekLowChange": 7.7599999999999997868371792719699442386627197265625,
            "fiftyTwoWeekLowChangePercent": 1.46415089999999992187440511770546436309814453125,
            "fiftyTwoWeekRange": "5.3 - 13.44",
            "fiftyTwoWeekHighChange": -0.37999916000000000249059439738630317151546478271484375,
            "fiftyTwoWeekHighChangePercent": -0.02827374800000000132360611360127222724258899688720703125,
            "fiftyTwoWeekLow": 5.29999999999999982236431605997495353221893310546875,
            "fiftyTwoWeekHigh": 13.4399999999999995026200849679298698902130126953125,
            "marketState": "PRE",
            "epsTrailingTwelveMonths": -0.91000000000000003108624468950438313186168670654296875,
            "sharesOutstanding": 4815079936,
            "bookValue": 2.395000000000000017763568394002504646778106689453125,
            "fiftyDayAverage": 10.4400835000000000718500814400613307952880859375,
            "fiftyDayAverageChange": 2.61991700000000005132960723130963742733001708984375,
            "fiftyDayAverageChangePercent": 0.25094790000000000151914036905509419739246368408203125,
            "twoHundredDayAverage": 8.2514249999999993434585121576674282550811767578125,
            "twoHundredDayAverageChange": 4.80857560000000017197407942148856818675994873046875,
            "twoHundredDayAverageChangePercent": 0.58275699999999996947508407174609601497650146484375,
            "regularMarketChangePercent": 11.0544229999999998881321516819298267364501953125,
            "symbol": "XIACY"
        },
        {
            "language": "en-US",
            "region": "US",
            "quoteType": "EQUITY",
            "quoteSourceName": "Nasdaq Real Time Price",
            "triggerable": false,
            "currency": "USD",
            "priceHint": 2,
            "marketCap": 2454522624,
            "sourceInterval": 15,
            "exchangeDataDelayedBy": 0,
            "exchangeTimezoneName": "America/New_York",
            "exchangeTimezoneShortName": "EDT",
            "gmtOffSetMilliseconds": -14400000,
            "esgPopulated": false,
            "tradeable": true,
            "firstTradeDateMilliseconds": 1337002200000,
            "regularMarketChange": 2.180000300000000112987663669628091156482696533203125,
            "regularMarketTime": 1598472002,
            "regularMarketPrice": 23.010000000000001563194018672220408916473388671875,
            "regularMarketDayHigh": 23.14999999999999857891452847979962825775146484375,
            "regularMarketDayRange": "22.48 - 23.15",
            "regularMarketDayLow": 22.480000000000000426325641456060111522674560546875,
            "regularMarketVolume": 303645,
            "regularMarketPreviousClose": 20.8299999999999982946974341757595539093017578125,
            "bid": 22.89999999999999857891452847979962825775146484375,
            "ask": 22.949999999999999289457264239899814128875732421875,
            "bidSize": 11,
            "askSize": 10,
            "exchange": "NCM",
            "market": "us_market",
            "messageBoardId": "finmb_4481298",
            "fullExchangeName": "NasdaqCM",
            "shortName": "Avita Therapeutics, Inc.",
            "longName": "AVITA Therapeutics, Inc.",
            "financialCurrency": "AUD",
            "regularMarketOpen": 22.71000000000000085265128291212022304534912109375,
            "averageDailyVolume3Month": 94995,
            "averageDailyVolume10Day": 126637,
            "fiftyTwoWeekLowChange": 3.010000199999999903610614637727849185466766357421875,
            "fiftyTwoWeekLowChangePercent": 0.1505000099999999896294156087606097571551799774169921875,
            "fiftyTwoWeekRange": "20.0 - 55.35",
            "fiftyTwoWeekHighChange": -32.3399959999999992987795849330723285675048828125,
            "fiftyTwoWeekHighChangePercent": -0.58428179999999996230286569698364473879337310791015625,
            "fiftyTwoWeekLow": 20,
            "fiftyTwoWeekHigh": 55.35000000000000142108547152020037174224853515625,
            "marketState": "PRE",
            "sharesOutstanding": 21334300,
            "fiftyDayAverage": 23.48222200000000015052137314341962337493896484375,
            "fiftyDayAverageChange": -0.4722213699999999736434119768091477453708648681640625,
            "fiftyDayAverageChangePercent": -0.02010974100000000042154368884439463727176189422607421875,
            "twoHundredDayAverage": 30.5190640000000001919033820740878582000732421875,
            "twoHundredDayAverageChange": -7.50906369999999956377223497838713228702545166015625,
            "twoHundredDayAverageChangePercent": -0.246045020000000003168594275848590768873691558837890625,
            "regularMarketChangePercent": 10.4656760000000002008846422540955245494842529296875,
            "symbol": "RCEL"
        },
        {
            "language": "en-US",
            "region": "US",
            "quoteType": "EQUITY",
            "quoteSourceName": "Nasdaq Real Time Price",
            "triggerable": true,
            "currency": "USD",
            "priceHint": 2,
            "marketCap": 50200698880,
            "forwardPE": 77.3985500000000001818989403545856475830078125,
            "priceToBook": 19.307663000000001574107955093495547771453857421875,
            "sourceInterval": 15,
            "exchangeDataDelayedBy": 0,
            "exchangeTimezoneName": "America/New_York",
            "exchangeTimezoneShortName": "EDT",
            "gmtOffSetMilliseconds": -14400000,
            "esgPopulated": false,
            "tradeable": true,
            "firstTradeDateMilliseconds": 1350048600000,
            "regularMarketChange": 19.5899959999999992987795849330723285675048828125,
            "regularMarketTime": 1598472002,
            "regularMarketPrice": 213.6200000000000045474735088646411895751953125,
            "regularMarketDayHigh": 214.94999999999998863131622783839702606201171875,
            "regularMarketDayRange": "199.43 - 214.95",
            "regularMarketDayLow": 199.43000000000000682121026329696178436279296875,
            "regularMarketVolume": 6196747,
            "regularMarketPreviousClose": 194.030000000000001136868377216160297393798828125,
            "bid": 205.009999999999990905052982270717620849609375,
            "ask": 214.599999999999994315658113919198513031005859375,
            "bidSize": 10,
            "askSize": 8,
            "exchange": "NMS",
            "market": "us_market",
            "messageBoardId": "finmb_23815047",
            "fullExchangeName": "NasdaqGS",
            "shortName": "Workday, Inc.",
            "longName": "Workday, Inc.",
            "financialCurrency": "USD",
            "regularMarketOpen": 200.94999999999998863131622783839702606201171875,
            "averageDailyVolume3Month": 1824715,
            "averageDailyVolume10Day": 1951400,
            "fiftyTwoWeekLowChange": 105.8699950000000029604052542708814144134521484375,
            "fiftyTwoWeekLowChangePercent": 0.9825521999999999867014821575139649212360382080078125,
            "fiftyTwoWeekRange": "107.75 - 214.95",
            "fiftyTwoWeekHighChange": -1.3300018000000000117921672426746226847171783447265625,
            "fiftyTwoWeekHighChangePercent": -0.00618749399999999998012167878869149717502295970916748046875,
            "fiftyTwoWeekLow": 107.75,
            "fiftyTwoWeekHigh": 214.94999999999998863131622783839702606201171875,
            "earningsTimestamp": 1598558400,
            "earningsTimestampStart": 1598558400,
            "earningsTimestampEnd": 1598558400,
            "marketState": "PRE",
            "epsTrailingTwelveMonths": -2.27700000000000013500311979441903531551361083984375,
            "epsForward": 2.7599999999999997868371792719699442386627197265625,
            "epsCurrentYear": 2.270000000000000017763568394002504646778106689453125,
            "priceEpsCurrentYear": 94.105729999999994106474332511425018310546875,
            "sharesOutstanding": 174000000,
            "bookValue": 11.06400000000000005684341886080801486968994140625,
            "fiftyDayAverage": 186.759999999999990905052982270717620849609375,
            "fiftyDayAverageChange": 26.8599999999999994315658113919198513031005859375,
            "fiftyDayAverageChangePercent": 0.1438209599999999976915887600625865161418914794921875,
            "twoHundredDayAverage": 168.20359999999999445208231918513774871826171875,
            "twoHundredDayAverageChange": 45.4163970000000034588083508424460887908935546875,
            "twoHundredDayAverageChangePercent": 0.270008470000000000421636059400043450295925140380859375,
            "regularMarketChangePercent": 10.096374499999999585497789666987955570220947265625,
            "displayName": "Workday",
            "symbol": "WDAY"
        },
        {
            "language": "en-US",
            "region": "US",
            "quoteType": "EQUITY",
            "quoteSourceName": "Nasdaq Real Time Price",
            "triggerable": true,
            "currency": "USD",
            "priceHint": 2,
            "marketCap": 22257131520,
            "forwardPE": 535.20965999999998530256561934947967529296875,
            "priceToBook": 47.67672300000000262798494077287614345550537109375,
            "sourceInterval": 15,
            "exchangeDataDelayedBy": 0,
            "exchangeTimezoneName": "America/New_York",
            "exchangeTimezoneShortName": "EDT",
            "gmtOffSetMilliseconds": -14400000,
            "esgPopulated": false,
            "tradeable": true,
            "firstTradeDateMilliseconds": 1475760600000,
            "regularMarketChange": 30.19998199999999854981069802306592464447021484375,
            "regularMarketTime": 1598472002,
            "regularMarketPrice": 331.82999999999998408384271897375583648681640625,
            "regularMarketDayHigh": 337.4950000000000045474735088646411895751953125,
            "regularMarketDayRange": "306.16 - 337.495",
            "regularMarketDayLow": 306.16000000000002501110429875552654266357421875,
            "regularMarketVolume": 1720110,
            "regularMarketPreviousClose": 301.6299999999999954525264911353588104248046875,
            "bid": 0,
            "ask": 0,
            "bidSize": 10,
            "askSize": 8,
            "exchange": "NMS",
            "market": "us_market",
            "messageBoardId": "finmb_33192299",
            "fullExchangeName": "NasdaqGS",
            "shortName": "Coupa Software Incorporated",
            "longName": "Coupa Software Incorporated",
            "financialCurrency": "USD",
            "regularMarketOpen": 306.23000000000001818989403545856475830078125,
            "averageDailyVolume3Month": 1570435,
            "averageDailyVolume10Day": 823350,
            "fiftyTwoWeekLowChange": 232.819979999999986830516718327999114990234375,
            "fiftyTwoWeekLowChangePercent": 2.351479299999999827974761501536704599857330322265625,
            "fiftyTwoWeekRange": "99.01 - 337.495",
            "fiftyTwoWeekHighChange": -5.66500849999999989137222655699588358402252197265625,
            "fiftyTwoWeekHighChangePercent": -0.0167854599999999985759924214789862162433564662933349609375,
            "fiftyTwoWeekLow": 99.0100000000000051159076974727213382720947265625,
            "fiftyTwoWeekHigh": 337.4950000000000045474735088646411895751953125,
            "earningsTimestamp": 1599595200,
            "earningsTimestampStart": 1599595200,
            "earningsTimestampEnd": 1599595200,
            "marketState": "PRE",
            "epsTrailingTwelveMonths": -1.33800000000000007815970093361102044582366943359375,
            "epsForward": 0.61999999999999999555910790149937383830547332763671875,
            "epsCurrentYear": 0.38000000000000000444089209850062616169452667236328125,
            "priceEpsCurrentYear": 873.2368000000000165528035722672939300537109375,
            "sharesOutstanding": 67073900,
            "bookValue": 6.95999999999999996447286321199499070644378662109375,
            "fiftyDayAverage": 300.7280600000000276850187219679355621337890625,
            "fiftyDayAverageChange": 31.1019289999999983820089255459606647491455078125,
            "fiftyDayAverageChangePercent": 0.10342210500000000028553159836519625969231128692626953125,
            "twoHundredDayAverage": 215.5867299999999886495061218738555908203125,
            "twoHundredDayAverageChange": 116.243256000000002359229256398975849151611328125,
            "twoHundredDayAverageChangePercent": 0.5391949000000000324916982208378612995147705078125,
            "regularMarketChangePercent": 10.0122599999999994935251379502005875110626220703125,
            "displayName": "Coupa Software",
            "symbol": "COUP"
        },
        {
            "language": "en-US",
            "region": "US",
            "quoteType": "EQUITY",
            "quoteSourceName": "Nasdaq Real Time Price",
            "triggerable": false,
            "currency": "USD",
            "priceHint": 2,
            "marketCap": 7912712192,
            "forwardPE": 127.2021260000000069112502387724816799163818359375,
            "priceToBook": 19.313520000000000464979166281409561634063720703125,
            "sourceInterval": 15,
            "exchangeDataDelayedBy": 0,
            "exchangeTimezoneName": "America/New_York",
            "exchangeTimezoneShortName": "EDT",
            "gmtOffSetMilliseconds": -14400000,
            "esgPopulated": false,
            "tradeable": true,
            "firstTradeDateMilliseconds": 1490362200000,
            "regularMarketChange": 10.540001000000000175305103766731917858123779296875,
            "regularMarketTime": 1598472001,
            "regularMarketPrice": 119.56999999999999317878973670303821563720703125,
            "regularMarketDayHigh": 120.909999999999996589394868351519107818603515625,
            "regularMarketDayRange": "110.51 - 120.91",
            "regularMarketDayLow": 110.5100000000000051159076974727213382720947265625,
            "regularMarketVolume": 5519860,
            "regularMarketPreviousClose": 109.030000000000001136868377216160297393798828125,
            "bid": 117.31000000000000227373675443232059478759765625,
            "ask": 122.8900000000000005684341886080801486968994140625,
            "bidSize": 10,
            "askSize": 11,
            "exchange": "NYQ",
            "market": "us_market",
            "messageBoardId": "finmb_8548197",
            "fullExchangeName": "NYSE",
            "shortName": "Alteryx, Inc.",
            "longName": "Alteryx, Inc.",
            "financialCurrency": "USD",
            "regularMarketOpen": 111,
            "averageDailyVolume3Month": 2047486,
            "averageDailyVolume10Day": 2964362,
            "fiftyTwoWeekLowChange": 44.39999999999999857891452847979962825775146484375,
            "fiftyTwoWeekLowChangePercent": 0.590661199999999997345412339200265705585479736328125,
            "fiftyTwoWeekRange": "75.17 - 185.75",
            "fiftyTwoWeekHighChange": -66.18000000000000682121026329696178436279296875,
            "fiftyTwoWeekHighChangePercent": -0.356285330000000011185790071976953186094760894775390625,
            "fiftyTwoWeekLow": 75.1700000000000017053025658242404460906982421875,
            "fiftyTwoWeekHigh": 185.75,
            "earningsTimestamp": 1596729904,
            "earningsTimestampStart": 1604001600,
            "earningsTimestampEnd": 1604347200,
            "marketState": "PRE",
            "epsTrailingTwelveMonths": -0.40400000000000002575717417130363173782825469970703125,
            "epsForward": 0.939999999999999946709294817992486059665679931640625,
            "epsCurrentYear": 0.479999999999999982236431605997495353221893310546875,
            "priceEpsCurrentYear": 249.10417000000001053194864653050899505615234375,
            "sharesOutstanding": 53498900,
            "bookValue": 6.19099999999999983657517077517695724964141845703125,
            "fiftyDayAverage": 147.506670000000013942553778178989887237548828125,
            "fiftyDayAverageChange": -27.936668000000000944282874115742743015289306640625,
            "fiftyDayAverageChangePercent": -0.1893925800000000048139980890482547692954540252685546875,
            "twoHundredDayAverage": 133.450439999999986184775480069220066070556640625,
            "twoHundredDayAverageChange": -13.88044000000000011141310096718370914459228515625,
            "twoHundredDayAverageChangePercent": -0.10401194499999999454331600645673461258411407470703125,
            "regularMarketChangePercent": 9.6670649999999991308641256182454526424407958984375,
            "displayName": "Alteryx",
            "symbol": "AYX"
        },
        {
            "language": "en-US",
            "region": "US",
            "quoteType": "EQUITY",
            "quoteSourceName": "Delayed Quote",
            "triggerable": false,
            "currency": "USD",
            "priceHint": 4,
            "marketCap": 61721538560,
            "priceToBook": 5.44885160000000023927668735268525779247283935546875,
            "sourceInterval": 15,
            "exchangeDataDelayedBy": 0,
            "exchangeTimezoneName": "America/New_York",
            "exchangeTimezoneShortName": "EDT",
            "gmtOffSetMilliseconds": -14400000,
            "esgPopulated": false,
            "tradeable": true,
            "firstTradeDateMilliseconds": 1534858200000,
            "regularMarketChange": 0.2299997799999999870124156586825847625732421875,
            "regularMarketTime": 1598471910,
            "regularMarketPrice": 2.609999999999999875655021241982467472553253173828125,
            "regularMarketDayHigh": 2.930000000000000159872115546022541821002960205078125,
            "regularMarketDayRange": "2.55 - 2.93",
            "regularMarketDayLow": 2.54999999999999982236431605997495353221893310546875,
            "regularMarketVolume": 2393502,
            "regularMarketPreviousClose": 2.37999999999999989341858963598497211933135986328125,
            "bid": 0,
            "ask": 0,
            "bidSize": 0,
            "askSize": 0,
            "exchange": "PNK",
            "market": "us_market",
            "messageBoardId": "finmb_320396288",
            "fullExchangeName": "Other OTC",
            "shortName": "XIAOMI CORPORATION",
            "longName": "Xiaomi Corporation",
            "financialCurrency": "CNY",
            "regularMarketOpen": 2.54999999999999982236431605997495353221893310546875,
            "averageDailyVolume3Month": 521708,
            "averageDailyVolume10Day": 1028050,
            "fiftyTwoWeekLowChange": 1.539999799999999918753701422247104346752166748046875,
            "fiftyTwoWeekLowChangePercent": 1.43925210000000003418563210288994014263153076171875,
            "fiftyTwoWeekRange": "1.07 - 2.93",
            "fiftyTwoWeekHighChange": -0.320000169999999972691995253626373596489429473876953125,
            "fiftyTwoWeekHighChangePercent": -0.1092150699999999974298958704821416176855564117431640625,
            "fiftyTwoWeekLow": 1.0700000000000000621724893790087662637233734130859375,
            "fiftyTwoWeekHigh": 2.930000000000000159872115546022541821002960205078125,
            "marketState": "PRE",
            "epsTrailingTwelveMonths": -0.181999999999999995115018691649311222136020660400390625,
            "sharesOutstanding": 17580300288,
            "bookValue": 0.47899999999999998134825318629737012088298797607421875,
            "fiftyDayAverage": 2.097274999999999778310666442848742008209228515625,
            "fiftyDayAverageChange": 0.5127249000000000389576371162547729909420013427734375,
            "fiftyDayAverageChangePercent": 0.244471939999999998693880343125783838331699371337890625,
            "twoHundredDayAverage": 1.660279800000000083315399024286307394504547119140625,
            "twoHundredDayAverageChange": 0.94972014000000004596557801050948910415172576904296875,
            "twoHundredDayAverageChangePercent": 0.57202417000000005398163693826063536107540130615234375,
            "regularMarketChangePercent": 9.6638564999999996274482327862642705440521240234375,
            "displayName": "Xiaomi",
            "symbol": "XIACF"
        },
        {
            "language": "en-US",
            "region": "US",
            "quoteType": "EQUITY",
            "quoteSourceName": "Delayed Quote",
            "triggerable": false,
            "currency": "USD",
            "priceHint": 4,
            "marketCap": 3115561984,
            "priceToBook": 0.6592938999999999882817292018444277346134185791015625,
            "sourceInterval": 15,
            "exchangeDataDelayedBy": 0,
            "exchangeTimezoneName": "America/New_York",
            "exchangeTimezoneShortName": "EDT",
            "gmtOffSetMilliseconds": -14400000,
            "esgPopulated": false,
            "tradeable": true,
            "firstTradeDateMilliseconds": 1276090200000,
            "regularMarketChange": 0.13000000000000000444089209850062616169452667236328125,
            "regularMarketTime": 1598461660,
            "regularMarketPrice": 1.5500000000000000444089209850062616169452667236328125,
            "regularMarketDayHigh": 1.5500000000000000444089209850062616169452667236328125,
            "regularMarketDayRange": "1.55 - 1.55",
            "regularMarketDayLow": 1.5500000000000000444089209850062616169452667236328125,
            "regularMarketVolume": 33364,
            "regularMarketPreviousClose": 1.4199999999999999289457264239899814128875732421875,
            "bid": 0,
            "ask": 0,
            "bidSize": 0,
            "askSize": 0,
            "exchange": "PNK",
            "market": "us_market",
            "messageBoardId": "finmb_874723",
            "fullExchangeName": "Other OTC",
            "shortName": "MARKS & SPENCER GROUP",
            "longName": "Marks and Spencer Group plc",
            "financialCurrency": "GBP",
            "regularMarketOpen": 1.5500000000000000444089209850062616169452667236328125,
            "averageDailyVolume3Month": 11487,
            "averageDailyVolume10Day": 13762,
            "fiftyTwoWeekLowChange": 0.68999993999999997829064568577450700104236602783203125,
            "fiftyTwoWeekLowChangePercent": 0.8023255000000000247695197685970924794673919677734375,
            "fiftyTwoWeekRange": "0.86 - 2.93",
            "fiftyTwoWeekHighChange": -1.3800000999999999518053073188639245927333831787109375,
            "fiftyTwoWeekHighChangePercent": -0.47098980000000001400195515088853426277637481689453125,
            "fiftyTwoWeekLow": 0.85999999999999998667732370449812151491641998291015625,
            "fiftyTwoWeekHigh": 2.930000000000000159872115546022541821002960205078125,
            "dividendDate": 1200009600,
            "trailingAnnualDividendRate": 0.24699999999999999733546474089962430298328399658203125,
            "trailingPE": 64.5833300000000036789060686714947223663330078125,
            "trailingAnnualDividendYield": 0.17394366999999999467974021172267384827136993408203125,
            "marketState": "PRE",
            "epsTrailingTwelveMonths": 0.024000000000000000499600361081320443190634250640869140625,
            "sharesOutstanding": 1953389952,
            "bookValue": 2.35099999999999997868371792719699442386627197265625,
            "fiftyDayAverage": 1.3194444000000000727368387742899358272552490234375,
            "fiftyDayAverageChange": 0.230555530000000008516991556462016887962818145751953125,
            "fiftyDayAverageChangePercent": 0.174736830000000009643912335377535782754421234130859375,
            "twoHundredDayAverage": 1.370863299999999895817381911911070346832275390625,
            "twoHundredDayAverageChange": 0.1791366299999999911474191094384877942502498626708984375,
            "twoHundredDayAverageChangePercent": 0.1306743200000000104665787148405797779560089111328125,
            "regularMarketChangePercent": 9.154928999999999206238499027676880359649658203125,
            "displayName": "Marks & Spencer",
            "symbol": "MAKSF"
        },
        {
            "language": "en-US",
            "region": "US",
            "quoteType": "EQUITY",
            "quoteSourceName": "Delayed Quote",
            "triggerable": true,
            "currency": "USD",
            "priceHint": 2,
            "marketCap": 253498146816,
            "forwardPE": 47.568860000000000809450284577906131744384765625,
            "priceToBook": 23.313334000000001111629899241961538791656494140625,
            "sourceInterval": 15,
            "exchangeDataDelayedBy": 0,
            "exchangeTimezoneName": "America/New_York",
            "exchangeTimezoneShortName": "EDT",
            "gmtOffSetMilliseconds": -14400000,
            "esgPopulated": false,
            "tradeable": true,
            "firstTradeDateMilliseconds": 524323800000,
            "preMarketChange": -3.880005000000000148219214679556898772716522216796875,
            "preMarketChangePercent": -0.7341680999999999901461933404789306223392486572265625,
            "preMarketTime": 1598517959,
            "preMarketPrice": 524.6100000000000136424205265939235687255859375,
            "regularMarketChange": 44.05999800000000021782398107461631298065185546875,
            "regularMarketTime": 1598472001,
            "regularMarketPrice": 528.490000000000009094947017729282379150390625,
            "regularMarketDayHigh": 533.6979000000000041836756281554698944091796875,
            "regularMarketDayRange": "492.23 - 533.6979",
            "regularMarketDayLow": 492.23000000000001818989403545856475830078125,
            "regularMarketVolume": 7780346,
            "regularMarketPreviousClose": 484.43000000000000682121026329696178436279296875,
            "bid": 515.26999999999998181010596454143524169921875,
            "ask": 524.8999999999999772626324556767940521240234375,
            "bidSize": 8,
            "askSize": 9,
            "exchange": "NMS",
            "market": "us_market",
            "messageBoardId": "finmb_24321",
            "fullExchangeName": "NasdaqGS",
            "shortName": "Adobe Inc.",
            "longName": "Adobe Inc.",
            "financialCurrency": "USD",
            "regularMarketOpen": 496.94999999999998863131622783839702606201171875,
            "averageDailyVolume3Month": 2835081,
            "averageDailyVolume10Day": 3101137,
            "fiftyTwoWeekLowChange": 273.3600000000000136424205265939235687255859375,
            "fiftyTwoWeekLowChangePercent": 1.0714536999999999533628169956500642001628875732421875,
            "fiftyTwoWeekRange": "255.13 - 533.7",
            "fiftyTwoWeekHighChange": -5.2100220000000003750528776436112821102142333984375,
            "fiftyTwoWeekHighChangePercent": -0.009762078999999999895376134873004048131406307220458984375,
            "fiftyTwoWeekLow": 255.1299999999999954525264911353588104248046875,
            "fiftyTwoWeekHigh": 533.700000000000045474735088646411895751953125,
            "earningsTimestamp": 1600200000,
            "earningsTimestampStart": 1600200000,
            "earningsTimestampEnd": 1600200000,
            "trailingPE": 69.7308349999999990131982485763728618621826171875,
            "marketState": "PRE",
            "epsTrailingTwelveMonths": 7.57899999999999973709918776876293122768402099609375,
            "epsForward": 11.1099999999999994315658113919198513031005859375,
            "epsCurrentYear": 9.769999999999999573674358543939888477325439453125,
            "priceEpsCurrentYear": 54.09313999999999822421159478835761547088623046875,
            "sharesOutstanding": 479664992,
            "bookValue": 22.669000000000000483169060316868126392364501953125,
            "fiftyDayAverage": 451.27222000000000434738467447459697723388671875,
            "fiftyDayAverageChange": 77.217770000000001573425834067165851593017578125,
            "fiftyDayAverageChangePercent": 0.1711112999999999939593209319355082698166370391845703125,
            "twoHundredDayAverage": 384.98574999999999590727384202182292938232421875,
            "twoHundredDayAverageChange": 143.504240000000010013536666519939899444580078125,
            "twoHundredDayAverageChangePercent": 0.372752099999999975121767192831612192094326019287109375,
            "regularMarketChangePercent": 9.0952239999999999753299562144093215465545654296875,
            "displayName": "Adobe",
            "symbol": "ADBE"
        },
        {
            "language": "en-US",
            "region": "US",
            "quoteType": "EQUITY",
            "quoteSourceName": "Nasdaq Real Time Price",
            "triggerable": false,
            "currency": "USD",
            "priceHint": 2,
            "marketCap": 12263128064,
            "forwardPE": 124.6571500000000014551915228366851806640625,
            "priceToBook": 13.6258590000000001651869752095080912113189697265625,
            "sourceInterval": 15,
            "exchangeDataDelayedBy": 0,
            "exchangeTimezoneName": "America/New_York",
            "exchangeTimezoneShortName": "EDT",
            "gmtOffSetMilliseconds": -14400000,
            "esgPopulated": false,
            "tradeable": true,
            "firstTradeDateMilliseconds": 1564666200000,
            "regularMarketChange": 3.510002099999999902735225987271405756473541259765625,
            "regularMarketTime": 1598472001,
            "regularMarketPrice": 43.63000000000000255795384873636066913604736328125,
            "regularMarketDayHigh": 44.129199999999997316990629769861698150634765625,
            "regularMarketDayRange": "40.89 - 44.1292",
            "regularMarketDayLow": 40.8900000000000005684341886080801486968994140625,
            "regularMarketVolume": 3519922,
            "regularMarketPreviousClose": 40.11999999999999744204615126363933086395263671875,
            "bid": 0,
            "ask": 44.469999999999998863131622783839702606201171875,
            "bidSize": 8,
            "askSize": 10,
            "exchange": "NYQ",
            "market": "us_market",
            "messageBoardId": "finmb_628406634",
            "fullExchangeName": "NYSE",
            "shortName": "Dynatrace, Inc.",
            "longName": "Dynatrace, Inc.",
            "financialCurrency": "USD",
            "regularMarketOpen": 40.93999999999999772626324556767940521240234375,
            "averageDailyVolume3Month": 3491152,
            "averageDailyVolume10Day": 2411837,
            "fiftyTwoWeekLowChange": 26.58000200000000035061020753346383571624755859375,
            "fiftyTwoWeekLowChangePercent": 1.55894449999999995526422935654409229755401611328125,
            "fiftyTwoWeekRange": "17.05 - 44.645",
            "fiftyTwoWeekHighChange": -1.0149993999999999960692775857751257717609405517578125,
            "fiftyTwoWeekHighChangePercent": -0.0227348950000000014914913748498292989097535610198974609375,
            "fiftyTwoWeekLow": 17.050000000000000710542735760100185871124267578125,
            "fiftyTwoWeekHigh": 44.64500000000000312638803734444081783294677734375,
            "earningsTimestamp": 1596025800,
            "earningsTimestampStart": 1596025800,
            "earningsTimestampEnd": 1596025800,
            "marketState": "PRE",
            "epsTrailingTwelveMonths": -1.7640000000000000124344978758017532527446746826171875,
            "epsForward": 0.34999999999999997779553950749686919152736663818359375,
            "epsCurrentYear": 0.479999999999999982236431605997495353221893310546875,
            "priceEpsCurrentYear": 90.895836000000002741217031143605709075927734375,
            "sharesOutstanding": 281071008,
            "bookValue": 3.2019999999999999573674358543939888477325439453125,
            "fiftyDayAverage": 40.72472400000000192221705219708383083343505859375,
            "fiftyDayAverageChange": 2.9052772999999998404518919414840638637542724609375,
            "fiftyDayAverageChangePercent": 0.071339399999999997259436668173293583095073699951171875,
            "twoHundredDayAverage": 34.13438800000000128420651890337467193603515625,
            "twoHundredDayAverageChange": 9.4956130000000005253468771115876734256744384765625,
            "twoHundredDayAverageChangePercent": 0.278183200000000019347368152011767961084842681884765625,
            "regularMarketChangePercent": 8.74875899999999973033482092432677745819091796875,
            "displayName": "Dynatrace",
            "symbol": "DT"
        },
        {
            "language": "en-US",
            "region": "US",
            "quoteType": "EQUITY",
            "quoteSourceName": "Delayed Quote",
            "triggerable": false,
            "currency": "USD",
            "priceHint": 2,
            "marketCap": 9635239936,
            "forwardPE": -143.012660000000010995790944434702396392822265625,
            "priceToBook": 22.632211999999999108013071236200630664825439453125,
            "sourceInterval": 15,
            "exchangeDataDelayedBy": 0,
            "exchangeTimezoneName": "America/New_York",
            "exchangeTimezoneShortName": "EDT",
            "gmtOffSetMilliseconds": -14400000,
            "esgPopulated": false,
            "tradeable": true,
            "firstTradeDateMilliseconds": 1538746200000,
            "regularMarketChange": 8.650002000000000634827301837503910064697265625,
            "regularMarketTime": 1598472307,
            "regularMarketPrice": 112.9800000000000039790393202565610408782958984375,
            "regularMarketDayHigh": 113.5199999999999960209606797434389591217041015625,
            "regularMarketDayRange": "106.49 - 113.52",
            "regularMarketDayLow": 106.4899999999999948840923025272786617279052734375,
            "regularMarketVolume": 2132011,
            "regularMarketPreviousClose": 104.3299999999999982946974341757595539093017578125,
            "bid": 0,
            "ask": 0,
            "bidSize": 9,
            "askSize": 10,
            "exchange": "NYQ",
            "market": "us_market",
            "messageBoardId": "finmb_224101504",
            "fullExchangeName": "NYSE",
            "shortName": "Elastic N.V.",
            "longName": "Elastic N.V.",
            "financialCurrency": "USD",
            "regularMarketOpen": 107.840000000000003410605131648480892181396484375,
            "averageDailyVolume3Month": 1367501,
            "averageDailyVolume10Day": 1452525,
            "fiftyTwoWeekLowChange": 73.969999999999998863131622783839702606201171875,
            "fiftyTwoWeekLowChangePercent": 1.89618060000000010489884516573511064052581787109375,
            "fiftyTwoWeekRange": "39.01 - 113.52",
            "fiftyTwoWeekHighChange": -0.53999330000000000939763822316308505833148956298828125,
            "fiftyTwoWeekHighChangePercent": -0.004756812000000000019428458841730389394797384738922119140625,
            "fiftyTwoWeekLow": 39.00999999999999801048033987171947956085205078125,
            "fiftyTwoWeekHigh": 113.5199999999999960209606797434389591217041015625,
            "earningsTimestamp": 1598461200,
            "earningsTimestampStart": 1598461200,
            "earningsTimestampEnd": 1598461200,
            "marketState": "PRE",
            "epsTrailingTwelveMonths": -2.1219999999999998863131622783839702606201171875,
            "epsForward": -0.79000000000000003552713678800500929355621337890625,
            "epsCurrentYear": -0.91000000000000003108624468950438313186168670654296875,
            "priceEpsCurrentYear": -124.153850000000005593392415903508663177490234375,
            "sharesOutstanding": 82857000,
            "bookValue": 4.99199999999999999289457264239899814128875732421875,
            "fiftyDayAverage": 93.7997199999999935471350909210741519927978515625,
            "fiftyDayAverageChange": 19.180282999999999304918674170039594173431396484375,
            "fiftyDayAverageChangePercent": 0.204481230000000013813377108817803673446178436279296875,
            "twoHundredDayAverage": 76.15172599999999647479853592813014984130859375,
            "twoHundredDayAverageChange": 36.8282779999999974052116158418357372283935546875,
            "twoHundredDayAverageChangePercent": 0.483617100000000021964297047816216945648193359375,
            "regularMarketChangePercent": 8.2910009999999996210817698738537728786468505859375,
            "displayName": "Elastic",
            "symbol": "ESTC"
        },
        {
            "language": "en-US",
            "region": "US",
            "quoteType": "EQUITY",
            "quoteSourceName": "Nasdaq Real Time Price",
            "triggerable": true,
            "currency": "USD",
            "priceHint": 2,
            "marketCap": 865784889344,
            "forwardPE": 29.9418739999999985457179718650877475738525390625,
            "priceToBook": 7.84223200000000009168843462248332798480987548828125,
            "sourceInterval": 15,
            "exchangeDataDelayedBy": 0,
            "exchangeTimezoneName": "America/New_York",
            "exchangeTimezoneShortName": "EDT",
            "gmtOffSetMilliseconds": -14400000,
            "esgPopulated": false,
            "tradeable": true,
            "firstTradeDateMilliseconds": 1337347800000,
            "preMarketChange": -1.029998799999999992138555171550251543521881103515625,
            "preMarketChangePercent": -0.33891574000000002087062966893427073955535888671875,
            "preMarketTime": 1598521466,
            "preMarketPrice": 302.8799999999999954525264911353588104248046875,
            "regularMarketChange": 23.0899959999999992987795849330723285675048828125,
            "regularMarketTime": 1598472001,
            "regularMarketPrice": 303.91000000000002501110429875552654266357421875,
            "regularMarketDayHigh": 304.67000000000001591615728102624416351318359375,
            "regularMarketDayRange": "284.0 - 304.67",
            "regularMarketDayLow": 284,
            "regularMarketVolume": 66235070,
            "regularMarketPreviousClose": 280.81999999999999317878973670303821563720703125,
            "bid": 301.20999999999997953636921010911464691162109375,
            "ask": 302.75,
            "bidSize": 8,
            "askSize": 9,
            "exchange": "NMS",
            "market": "us_market",
            "messageBoardId": "finmb_20765463",
            "fullExchangeName": "NasdaqGS",
            "shortName": "Facebook, Inc.",
            "longName": "Facebook, Inc.",
            "financialCurrency": "USD",
            "regularMarketOpen": 284,
            "averageDailyVolume3Month": 25575518,
            "averageDailyVolume10Day": 28235812,
            "fiftyTwoWeekLowChange": 166.81000000000000227373675443232059478759765625,
            "fiftyTwoWeekLowChangePercent": 1.2167030000000000899973429113742895424365997314453125,
            "fiftyTwoWeekRange": "137.1 - 304.67",
            "fiftyTwoWeekHighChange": -0.76000977000000002892221573347342200577259063720703125,
            "fiftyTwoWeekHighChangePercent": -0.0024945342000000001424220297252531963749788701534271240234375,
            "fiftyTwoWeekLow": 137.099999999999994315658113919198513031005859375,
            "fiftyTwoWeekHigh": 304.67000000000001591615728102624416351318359375,
            "earningsTimestamp": 1596125105,
            "earningsTimestampStart": 1603882740,
            "earningsTimestampEnd": 1604318400,
            "trailingPE": 37.1618959999999987076080287806689739227294921875,
            "marketState": "PRE",
            "epsTrailingTwelveMonths": 8.178000000000000824229573481716215610504150390625,
            "epsForward": 10.1500000000000003552713678800500929355621337890625,
            "epsCurrentYear": 8,
            "priceEpsCurrentYear": 37.98875000000000312638803734444081783294677734375,
            "sharesOutstanding": 2404280064,
            "bookValue": 38.7530000000000001136868377216160297393798828125,
            "fiftyDayAverage": 252.082500000000010231815394945442676544189453125,
            "fiftyDayAverageChange": 51.8275000000000005684341886080801486968994140625,
            "fiftyDayAverageChangePercent": 0.205597370000000001510898073320277035236358642578125,
            "twoHundredDayAverage": 213.826549999999997453414835035800933837890625,
            "twoHundredDayAverageChange": 90.083449999999999135980033315718173980712890625,
            "twoHundredDayAverageChangePercent": 0.42129216000000002662062570379930548369884490966796875,
            "regularMarketChangePercent": 8.2223469999999991841832525096833705902099609375,
            "displayName": "Facebook",
            "symbol": "FB"
        },
        {
            "language": "en-US",
            "region": "US",
            "quoteType": "EQUITY",
            "quoteSourceName": "Delayed Quote",
            "triggerable": false,
            "currency": "USD",
            "priceHint": 2,
            "marketCap": 2197058304,
            "priceToBook": 6.22609000000000012420287021086551249027252197265625,
            "sourceInterval": 15,
            "exchangeDataDelayedBy": 0,
            "exchangeTimezoneName": "America/New_York",
            "exchangeTimezoneShortName": "EDT",
            "gmtOffSetMilliseconds": -14400000,
            "esgPopulated": false,
            "tradeable": true,
            "firstTradeDateMilliseconds": 1404221400000,
            "regularMarketChange": 0.64990044000000002366590479141450487077236175537109375,
            "regularMarketTime": 1598471961,
            "regularMarketPrice": 9.139900000000000801492205937393009662628173828125,
            "regularMarketDayHigh": 9.160000000000000142108547152020037174224853515625,
            "regularMarketDayRange": "8.79 - 9.16",
            "regularMarketDayLow": 8.78999999999999914734871708787977695465087890625,
            "regularMarketVolume": 414855,
            "regularMarketPreviousClose": 8.4900000000000002131628207280300557613372802734375,
            "bid": 0,
            "ask": 0,
            "bidSize": 0,
            "askSize": 0,
            "exchange": "PNK",
            "market": "us_market",
            "messageBoardId": "finmb_94862",
            "fullExchangeName": "Other OTC",
            "shortName": "WILLIAM HILL",
            "longName": "William Hill plc",
            "financialCurrency": "GBP",
            "regularMarketOpen": 8.78999999999999914734871708787977695465087890625,
            "averageDailyVolume3Month": 223221,
            "averageDailyVolume10Day": 841212,
            "fiftyTwoWeekLowChange": 7.7599000000000000198951966012828052043914794921875,
            "fiftyTwoWeekLowChangePercent": 5.623115999999999559122443315573036670684814453125,
            "fiftyTwoWeekRange": "1.38 - 10.76",
            "fiftyTwoWeekHighChange": -1.6201000000000000955679979597334749996662139892578125,
            "fiftyTwoWeekHighChangePercent": -0.150566919999999992985095786934834904968738555908203125,
            "fiftyTwoWeekLow": 1.37999999999999989341858963598497211933135986328125,
            "fiftyTwoWeekHigh": 10.7599999999999997868371792719699442386627197265625,
            "dividendDate": 1592438400,
            "trailingAnnualDividendRate": 0.174999999999999988897769753748434595763683319091796875,
            "trailingAnnualDividendYield": 0.02061248599999999930876271037050173617899417877197265625,
            "marketState": "PRE",
            "epsTrailingTwelveMonths": -5.94399999999999995026200849679298698902130126953125,
            "sharesOutstanding": 262335008,
            "bookValue": 1.467999999999999971578290569595992565155029296875,
            "fiftyDayAverage": 6.63438899999999964762764648185111582279205322265625,
            "fiftyDayAverageChange": 2.5055113000000002188016878790222108364105224609375,
            "fiftyDayAverageChangePercent": 0.37765517999999997922344618928036652505397796630859375,
            "twoHundredDayAverage": 6.17912239999999979289668772253207862377166748046875,
            "twoHundredDayAverageChange": 2.96077779999999979310132403043098747730255126953125,
            "twoHundredDayAverageChangePercent": 0.479158279999999991982662095324485562741756439208984375,
            "regularMarketChangePercent": 7.65489339999999973684907672577537596225738525390625,
            "symbol": "WIMHY"
        },
        {
            "language": "en-US",
            "region": "US",
            "quoteType": "EQUITY",
            "quoteSourceName": "Delayed Quote",
            "triggerable": false,
            "currency": "USD",
            "priceHint": 2,
            "marketCap": 11216389120,
            "sourceInterval": 15,
            "exchangeDataDelayedBy": 0,
            "exchangeTimezoneName": "America/New_York",
            "exchangeTimezoneShortName": "EDT",
            "gmtOffSetMilliseconds": -14400000,
            "esgPopulated": false,
            "tradeable": true,
            "firstTradeDateMilliseconds": 1574173800000,
            "regularMarketChange": 2.0850010000000001042508301907218992710113525390625,
            "regularMarketTime": 1598471833,
            "regularMarketPrice": 29.4849999999999994315658113919198513031005859375,
            "regularMarketDayHigh": 29.4849999999999994315658113919198513031005859375,
            "regularMarketDayRange": "27.55 - 29.485",
            "regularMarketDayLow": 27.550000000000000710542735760100185871124267578125,
            "regularMarketVolume": 15021,
            "regularMarketPreviousClose": 27.39999999999999857891452847979962825775146484375,
            "exchange": "PNK",
            "market": "us_market",
            "messageBoardId": "finmb_32503885",
            "fullExchangeName": "Other OTC",
            "shortName": "CD PROJEKT SA UNSPON ADS EACH R",
            "longName": "CD Projekt S.A.",
            "financialCurrency": "PLN",
            "regularMarketOpen": 27.699999999999999289457264239899814128875732421875,
            "averageDailyVolume3Month": 6690,
            "averageDailyVolume10Day": 5207,
            "fiftyTwoWeekLowChange": 17.16499999999999914734871708787977695465087890625,
            "fiftyTwoWeekLowChangePercent": 1.393263099999999976574827087461017072200775146484375,
            "fiftyTwoWeekRange": "12.32 - 30.0",
            "fiftyTwoWeekHighChange": -0.5149993999999999960692775857751257717609405517578125,
            "fiftyTwoWeekHighChangePercent": -0.017166646000000000682472744983897428028285503387451171875,
            "fiftyTwoWeekLow": 12.32000000000000028421709430404007434844970703125,
            "fiftyTwoWeekHigh": 30,
            "marketState": "PRE",
            "sharesOutstanding": 382412992,
            "fiftyDayAverage": 26.699999999999999289457264239899814128875732421875,
            "fiftyDayAverageChange": 2.784999800000000025335111786262132227420806884765625,
            "fiftyDayAverageChangePercent": 0.10430710999999999455400967462992412038147449493408203125,
            "twoHundredDayAverage": 22.838650000000001227817847393453121185302734375,
            "twoHundredDayAverageChange": 6.64635100000000011988277037744410336017608642578125,
            "twoHundredDayAverageChangePercent": 0.291013299999999974776443423252203501760959625244140625,
            "regularMarketChangePercent": 7.60949230000000031992613003239966928958892822265625,
            "displayName": "CD Projekt",
            "symbol": "OTGLY"
        }
    ]
}
io.restassured.path.json.JsonPath@320e400
]]></system-out>
  </testcase>
</testsuite>