<?xml version="1.0" encoding="UTF-8"?>
<!-- Generated by org.testng.reporters.JUnitReportReporter -->
<testsuite skipped="0" hostname="LAPTOP-3QFU5V9B" name="work.assignment.Market_top_gainers" tests="3" failures="0" timestamp="2020-09-01T13:10:36 IST" time="5.743" errors="0">
  <testcase name="test_case2" time="2.016" classname="work.assignment.Market_top_gainers"/>
  <system-out/>
  <testcase name="test_case3" time="1.916" classname="work.assignment.Market_top_gainers"/>
  <system-out/>
  <testcase name="top_gainers" time="1.811" classname="work.assignment.Market_top_gainers"/>
  <system-out/>
</testsuite> <!-- work.assignment.Market_top_gainers -->
