<?xml version="1.0" encoding="UTF-8"?>
<!-- Generated by org.testng.reporters.JUnitReportReporter -->
<testsuite skipped="0" hostname="LAPTOP-3QFU5V9B" name="work.assignment.Market_top_gainers" tests="1" failures="0" timestamp="2020-08-27T18:57:09 IST" time="2.576" errors="0">
  <testcase name="top_gainers" time="2.576" classname="work.assignment.Market_top_gainers"/>
  <system-out/>
</testsuite> <!-- work.assignment.Market_top_gainers -->
