<?xml version="1.0" encoding="UTF-8"?>
<!-- Generated by org.testng.reporters.JUnitReportReporter -->
<testsuite skipped="0" hostname="LAPTOP-3QFU5V9B" name="work.assignment.test" tests="1" failures="0" timestamp="2020-09-01T12:17:45 IST" time="6.733" errors="0">
  <testcase name="Test_case2" time="6.733" classname="work.assignment.test"/>
  <system-out/>
</testsuite> <!-- work.assignment.test -->
