<?xml version="1.0" encoding="UTF-8"?>
<!-- Generated by org.testng.reporters.JUnitReportReporter -->
<testsuite skipped="0" hostname="LAPTOP-3QFU5V9B" name="work.assignment.Market_most_watched" tests="2" failures="0" timestamp="2020-09-01T13:10:36 IST" time="2.922" errors="0">
  <testcase name="most_watched" time="1.990" classname="work.assignment.Market_most_watched"/>
  <system-out/>
  <testcase name="most_watched3" time="0.932" classname="work.assignment.Market_most_watched"/>
  <system-out/>
</testsuite> <!-- work.assignment.Market_most_watched -->
