<?xml version="1.0" encoding="UTF-8"?>
<!-- Generated by org.testng.reporters.JUnitReportReporter -->
<testsuite skipped="0" hostname="LAPTOP-3QFU5V9B" name="work.assignment.Market_mutual_funds" tests="1" failures="0" timestamp="2020-08-27T15:25:33 IST" time="8.245" errors="0">
  <testcase name="mutual_funds" time="8.245" classname="work.assignment.Market_mutual_funds"/>
  <system-out/>
</testsuite> <!-- work.assignment.Market_mutual_funds -->
